{"C:\\Users\\tiago\\OneDrive\\Documentos\\localcode\\cidade-mais\\src\\controllers\\autent.controller.js": {"path":"C:\\Users\\tiago\\OneDrive\\Documentos\\localcode\\cidade-mais\\src\\controllers\\autent.controller.js","statementMap":{"0":{"start":{"line":1,"column":22},"end":{"line":1,"column":59}},"1":{"start":{"line":4,"column":4},"end":{"line":10,"column":5}},"2":{"start":{"line":5,"column":58},"end":{"line":5,"column":66}},"3":{"start":{"line":6,"column":23},"end":{"line":6,"column":91}},"4":{"start":{"line":7,"column":8},"end":{"line":7,"column":37}},"5":{"start":{"line":9,"column":8},"end":{"line":9,"column":53}},"6":{"start":{"line":14,"column":4},"end":{"line":20,"column":5}},"7":{"start":{"line":15,"column":36},"end":{"line":15,"column":44}},"8":{"start":{"line":16,"column":23},"end":{"line":16,"column":65}},"9":{"start":{"line":17,"column":8},"end":{"line":17,"column":25}},"10":{"start":{"line":19,"column":8},"end":{"line":19,"column":53}},"11":{"start":{"line":24,"column":0},"end":{"line":24,"column":37}}},"fnMap":{"0":{"name":"register","decl":{"start":{"line":3,"column":15},"end":{"line":3,"column":23}},"loc":{"start":{"line":3,"column":34},"end":{"line":11,"column":1}},"line":3},"1":{"name":"login","decl":{"start":{"line":13,"column":15},"end":{"line":13,"column":20}},"loc":{"start":{"line":13,"column":31},"end":{"line":21,"column":1}},"line":13}},"branchMap":{},"s":{"0":1,"1":2,"2":2,"3":2,"4":1,"5":1,"6":2,"7":2,"8":2,"9":1,"10":1,"11":1},"f":{"0":2,"1":2},"b":{},"_coverageSchema":"1a1c01bbd47fc00a2c39e90264f33305004495a9","hash":"97be4d587302f3b2080fcc9c0c0c3f348d9a9f41"}
,"C:\\Users\\tiago\\OneDrive\\Documentos\\localcode\\cidade-mais\\src\\middlewares\\autent.middleware.js": {"path":"C:\\Users\\tiago\\OneDrive\\Documentos\\localcode\\cidade-mais\\src\\middlewares\\autent.middleware.js","statementMap":{"0":{"start":{"line":1,"column":12},"end":{"line":1,"column":35}},"1":{"start":{"line":2,"column":19},"end":{"line":2,"column":33}},"2":{"start":{"line":5,"column":23},"end":{"line":5,"column":48}},"3":{"start":{"line":6,"column":4},"end":{"line":6,"column":83}},"4":{"start":{"line":6,"column":21},"end":{"line":6,"column":83}},"5":{"start":{"line":8,"column":18},"end":{"line":8,"column":42}},"6":{"start":{"line":10,"column":4},"end":{"line":16,"column":5}},"7":{"start":{"line":11,"column":24},"end":{"line":11,"column":53}},"8":{"start":{"line":12,"column":8},"end":{"line":12,"column":33}},"9":{"start":{"line":13,"column":8},"end":{"line":13,"column":15}},"10":{"start":{"line":15,"column":8},"end":{"line":15,"column":65}},"11":{"start":{"line":20,"column":4},"end":{"line":28,"column":6}},"12":{"start":{"line":21,"column":25},"end":{"line":21,"column":39}},"13":{"start":{"line":22,"column":6},"end":{"line":26,"column":7}},"14":{"start":{"line":23,"column":8},"end":{"line":25,"column":11}},"15":{"start":{"line":27,"column":6},"end":{"line":27,"column":13}},"16":{"start":{"line":32,"column":0},"end":{"line":32,"column":42}}},"fnMap":{"0":{"name":"authenticate","decl":{"start":{"line":4,"column":9},"end":{"line":4,"column":21}},"loc":{"start":{"line":4,"column":38},"end":{"line":17,"column":1}},"line":4},"1":{"name":"authRole","decl":{"start":{"line":19,"column":9},"end":{"line":19,"column":17}},"loc":{"start":{"line":19,"column":28},"end":{"line":29,"column":3}},"line":19},"2":{"name":"(anonymous_2)","decl":{"start":{"line":20,"column":11},"end":{"line":20,"column":12}},"loc":{"start":{"line":20,"column":31},"end":{"line":28,"column":5}},"line":20}},"branchMap":{"0":{"loc":{"start":{"line":6,"column":4},"end":{"line":6,"column":83}},"type":"if","locations":[{"start":{"line":6,"column":4},"end":{"line":6,"column":83}},{"start":{},"end":{}}],"line":6},"1":{"loc":{"start":{"line":22,"column":6},"end":{"line":26,"column":7}},"type":"if","locations":[{"start":{"line":22,"column":6},"end":{"line":26,"column":7}},{"start":{},"end":{}}],"line":22}},"s":{"0":1,"1":1,"2":3,"3":3,"4":1,"5":2,"6":2,"7":2,"8":1,"9":1,"10":1,"11":2,"12":2,"13":2,"14":1,"15":1,"16":1},"f":{"0":3,"1":2,"2":2},"b":{"0":[1,2],"1":[1,1]},"_coverageSchema":"1a1c01bbd47fc00a2c39e90264f33305004495a9","hash":"986f8b00cf683ec9c9f70f2720b71040f73f8dff"}
,"C:\\Users\\tiago\\OneDrive\\Documentos\\localcode\\cidade-mais\\src\\services\\autent.service.js": {"path":"C:\\Users\\tiago\\OneDrive\\Documentos\\localcode\\cidade-mais\\src\\services\\autent.service.js","statementMap":{"0":{"start":{"line":1,"column":42},"end":{"line":1,"column":67}},"1":{"start":{"line":2,"column":15},"end":{"line":2,"column":34}},"2":{"start":{"line":3,"column":12},"end":{"line":3,"column":35}},"3":{"start":{"line":5,"column":15},"end":{"line":5,"column":33}},"4":{"start":{"line":6,"column":19},"end":{"line":6,"column":33}},"5":{"start":{"line":9,"column":27},"end":{"line":9,"column":58}},"6":{"start":{"line":11,"column":23},"end":{"line":18,"column":6}},"7":{"start":{"line":21,"column":4},"end":{"line":28,"column":7}},"8":{"start":{"line":31,"column":18},"end":{"line":34,"column":5}},"9":{"start":{"line":36,"column":4},"end":{"line":44,"column":6}},"10":{"start":{"line":48,"column":23},"end":{"line":48,"column":79}},"11":{"start":{"line":49,"column":4},"end":{"line":49,"column":62}},"12":{"start":{"line":49,"column":21},"end":{"line":49,"column":62}},"13":{"start":{"line":51,"column":20},"end":{"line":51,"column":71}},"14":{"start":{"line":52,"column":4},"end":{"line":52,"column":59}},"15":{"start":{"line":52,"column":18},"end":{"line":52,"column":59}},"16":{"start":{"line":54,"column":18},"end":{"line":57,"column":5}},"17":{"start":{"line":59,"column":4},"end":{"line":65,"column":6}},"18":{"start":{"line":68,"column":0},"end":{"line":68,"column":37}}},"fnMap":{"0":{"name":"register","decl":{"start":{"line":8,"column":15},"end":{"line":8,"column":23}},"loc":{"start":{"line":8,"column":64},"end":{"line":45,"column":1}},"line":8},"1":{"name":"login","decl":{"start":{"line":47,"column":15},"end":{"line":47,"column":20}},"loc":{"start":{"line":47,"column":38},"end":{"line":66,"column":1}},"line":47}},"branchMap":{"0":{"loc":{"start":{"line":49,"column":4},"end":{"line":49,"column":62}},"type":"if","locations":[{"start":{"line":49,"column":4},"end":{"line":49,"column":62}},{"start":{},"end":{}}],"line":49},"1":{"loc":{"start":{"line":52,"column":4},"end":{"line":52,"column":59}},"type":"if","locations":[{"start":{"line":52,"column":4},"end":{"line":52,"column":59}},{"start":{},"end":{}}],"line":52}},"s":{"0":2,"1":2,"2":2,"3":2,"4":2,"5":1,"6":1,"7":1,"8":1,"9":1,"10":3,"11":3,"12":1,"13":2,"14":2,"15":1,"16":1,"17":1,"18":2},"f":{"0":1,"1":3},"b":{"0":[1,2],"1":[1,1]},"_coverageSchema":"1a1c01bbd47fc00a2c39e90264f33305004495a9","hash":"c4c8059c4cb69dc27e7de6ed1dccad62ff6a5977"}
,"C:\\Users\\tiago\\OneDrive\\Documentos\\localcode\\cidade-mais\\src\\services\\comentario.service.js": {"path":"C:\\Users\\tiago\\OneDrive\\Documentos\\localcode\\cidade-mais\\src\\services\\comentario.service.js","statementMap":{"0":{"start":{"line":1,"column":25},"end":{"line":1,"column":50}},"1":{"start":{"line":2,"column":15},"end":{"line":2,"column":33}},"2":{"start":{"line":6,"column":4},"end":{"line":6,"column":46}},"3":{"start":{"line":11,"column":4},"end":{"line":11,"column":40}},"4":{"start":{"line":15,"column":4},"end":{"line":19,"column":6}},"5":{"start":{"line":22,"column":0},"end":{"line":22,"column":75}}},"fnMap":{"0":{"name":"createComentario","decl":{"start":{"line":5,"column":15},"end":{"line":5,"column":31}},"loc":{"start":{"line":5,"column":38},"end":{"line":7,"column":1}},"line":5},"1":{"name":"getAllComentario","decl":{"start":{"line":10,"column":15},"end":{"line":10,"column":31}},"loc":{"start":{"line":10,"column":34},"end":{"line":12,"column":1}},"line":10},"2":{"name":"getComentarioPost","decl":{"start":{"line":14,"column":15},"end":{"line":14,"column":32}},"loc":{"start":{"line":14,"column":42},"end":{"line":20,"column":1}},"line":14}},"branchMap":{},"s":{"0":1,"1":1,"2":1,"3":0,"4":1,"5":1},"f":{"0":1,"1":0,"2":1},"b":{},"_coverageSchema":"1a1c01bbd47fc00a2c39e90264f33305004495a9","hash":"1f499aab3502303ba8a6aa61df42a0833e2ded01"}
,"C:\\Users\\tiago\\OneDrive\\Documentos\\localcode\\cidade-mais\\src\\services\\moderadorPagina.service.js": {"path":"C:\\Users\\tiago\\OneDrive\\Documentos\\localcode\\cidade-mais\\src\\services\\moderadorPagina.service.js","statementMap":{"0":{"start":{"line":1,"column":25},"end":{"line":1,"column":50}},"1":{"start":{"line":2,"column":15},"end":{"line":2,"column":33}},"2":{"start":{"line":6,"column":4},"end":{"line":6,"column":52}},"3":{"start":{"line":11,"column":4},"end":{"line":11,"column":46}},"4":{"start":{"line":14,"column":0},"end":{"line":14,"column":66}}},"fnMap":{"0":{"name":"createModeradorPagina","decl":{"start":{"line":5,"column":15},"end":{"line":5,"column":36}},"loc":{"start":{"line":5,"column":43},"end":{"line":7,"column":1}},"line":5},"1":{"name":"getAllModeradorPagina","decl":{"start":{"line":10,"column":15},"end":{"line":10,"column":36}},"loc":{"start":{"line":10,"column":39},"end":{"line":12,"column":1}},"line":10}},"branchMap":{},"s":{"0":1,"1":1,"2":1,"3":0,"4":1},"f":{"0":1,"1":0},"b":{},"_coverageSchema":"1a1c01bbd47fc00a2c39e90264f33305004495a9","hash":"91392c7f7661fb9fa256b0f91cb7b0540f130ce8"}
,"C:\\Users\\tiago\\OneDrive\\Documentos\\localcode\\cidade-mais\\src\\services\\morada.service.js": {"path":"C:\\Users\\tiago\\OneDrive\\Documentos\\localcode\\cidade-mais\\src\\services\\morada.service.js","statementMap":{"0":{"start":{"line":1,"column":25},"end":{"line":1,"column":50}},"1":{"start":{"line":2,"column":15},"end":{"line":2,"column":33}},"2":{"start":{"line":6,"column":4},"end":{"line":6,"column":42}},"3":{"start":{"line":11,"column":4},"end":{"line":11,"column":36}},"4":{"start":{"line":14,"column":0},"end":{"line":14,"column":48}}},"fnMap":{"0":{"name":"createMorada","decl":{"start":{"line":5,"column":15},"end":{"line":5,"column":27}},"loc":{"start":{"line":5,"column":34},"end":{"line":7,"column":1}},"line":5},"1":{"name":"getAllMorada","decl":{"start":{"line":10,"column":15},"end":{"line":10,"column":27}},"loc":{"start":{"line":10,"column":30},"end":{"line":12,"column":1}},"line":10}},"branchMap":{},"s":{"0":1,"1":1,"2":1,"3":0,"4":1},"f":{"0":1,"1":0},"b":{},"_coverageSchema":"1a1c01bbd47fc00a2c39e90264f33305004495a9","hash":"5234a4dac38e584cdbfcc18fa60acad51eae86ee"}
,"C:\\Users\\tiago\\OneDrive\\Documentos\\localcode\\cidade-mais\\src\\services\\notificacao.service.js": {"path":"C:\\Users\\tiago\\OneDrive\\Documentos\\localcode\\cidade-mais\\src\\services\\notificacao.service.js","statementMap":{"0":{"start":{"line":1,"column":25},"end":{"line":1,"column":50}},"1":{"start":{"line":2,"column":15},"end":{"line":2,"column":33}},"2":{"start":{"line":7,"column":4},"end":{"line":7,"column":47}},"3":{"start":{"line":12,"column":4},"end":{"line":12,"column":41}},"4":{"start":{"line":16,"column":4},"end":{"line":20,"column":7}},"5":{"start":{"line":23,"column":0},"end":{"line":23,"column":58}}},"fnMap":{"0":{"name":"createNotificacao","decl":{"start":{"line":5,"column":15},"end":{"line":5,"column":32}},"loc":{"start":{"line":5,"column":39},"end":{"line":8,"column":1}},"line":5},"1":{"name":"getAllNotificacao","decl":{"start":{"line":11,"column":15},"end":{"line":11,"column":32}},"loc":{"start":{"line":11,"column":35},"end":{"line":13,"column":1}},"line":11},"2":{"name":"getNotificacaoPorUtilizador","decl":{"start":{"line":15,"column":15},"end":{"line":15,"column":42}},"loc":{"start":{"line":15,"column":58},"end":{"line":21,"column":1}},"line":15}},"branchMap":{},"s":{"0":1,"1":1,"2":1,"3":0,"4":0,"5":1},"f":{"0":1,"1":0,"2":0},"b":{},"_coverageSchema":"1a1c01bbd47fc00a2c39e90264f33305004495a9","hash":"58539d0dadda261f7660b69d54aab052ae1b22fb"}
,"C:\\Users\\tiago\\OneDrive\\Documentos\\localcode\\cidade-mais\\src\\services\\paginaFreguesia.service.js": {"path":"C:\\Users\\tiago\\OneDrive\\Documentos\\localcode\\cidade-mais\\src\\services\\paginaFreguesia.service.js","statementMap":{"0":{"start":{"line":1,"column":25},"end":{"line":1,"column":50}},"1":{"start":{"line":2,"column":15},"end":{"line":2,"column":33}},"2":{"start":{"line":6,"column":4},"end":{"line":6,"column":52}},"3":{"start":{"line":11,"column":4},"end":{"line":11,"column":46}},"4":{"start":{"line":15,"column":4},"end":{"line":22,"column":7}},"5":{"start":{"line":25,"column":0},"end":{"line":25,"column":82}}},"fnMap":{"0":{"name":"createPaginaFreguesia","decl":{"start":{"line":5,"column":15},"end":{"line":5,"column":36}},"loc":{"start":{"line":5,"column":43},"end":{"line":7,"column":1}},"line":5},"1":{"name":"getAllPaginaFreguesia","decl":{"start":{"line":10,"column":15},"end":{"line":10,"column":36}},"loc":{"start":{"line":10,"column":39},"end":{"line":12,"column":1}},"line":10},"2":{"name":"pesquisaPagina","decl":{"start":{"line":14,"column":15},"end":{"line":14,"column":29}},"loc":{"start":{"line":14,"column":40},"end":{"line":23,"column":3}},"line":14}},"branchMap":{},"s":{"0":1,"1":1,"2":0,"3":0,"4":1,"5":1},"f":{"0":0,"1":0,"2":1},"b":{},"_coverageSchema":"1a1c01bbd47fc00a2c39e90264f33305004495a9","hash":"ef6a950d28d9f294a72242ac0ed76a608745f815"}
,"C:\\Users\\tiago\\OneDrive\\Documentos\\localcode\\cidade-mais\\src\\services\\pedidoPagina.service.js": {"path":"C:\\Users\\tiago\\OneDrive\\Documentos\\localcode\\cidade-mais\\src\\services\\pedidoPagina.service.js","statementMap":{"0":{"start":{"line":1,"column":43},"end":{"line":1,"column":68}},"1":{"start":{"line":2,"column":30},"end":{"line":2,"column":62}},"2":{"start":{"line":3,"column":15},"end":{"line":3,"column":33}},"3":{"start":{"line":7,"column":4},"end":{"line":7,"column":49}},"4":{"start":{"line":12,"column":4},"end":{"line":12,"column":43}},"5":{"start":{"line":16,"column":4},"end":{"line":20,"column":6}},"6":{"start":{"line":24,"column":4},"end":{"line":29,"column":6}},"7":{"start":{"line":33,"column":4},"end":{"line":38,"column":6}},"8":{"start":{"line":42,"column":27},"end":{"line":47,"column":6}},"9":{"start":{"line":48,"column":4},"end":{"line":48,"column":26}},"10":{"start":{"line":54,"column":24},"end":{"line":54,"column":82}},"11":{"start":{"line":56,"column":23},"end":{"line":56,"column":53}},"12":{"start":{"line":57,"column":24},"end":{"line":57,"column":83}},"13":{"start":{"line":59,"column":29},"end":{"line":64,"column":10}},"14":{"start":{"line":67,"column":8},"end":{"line":77,"column":9}},"15":{"start":{"line":69,"column":12},"end":{"line":76,"column":15}},"16":{"start":{"line":79,"column":8},"end":{"line":79,"column":167}},"17":{"start":{"line":79,"column":25},"end":{"line":79,"column":166}},"18":{"start":{"line":81,"column":4},"end":{"line":81,"column":27}},"19":{"start":{"line":84,"column":0},"end":{"line":84,"column":161}}},"fnMap":{"0":{"name":"createPedidoPagina","decl":{"start":{"line":6,"column":15},"end":{"line":6,"column":33}},"loc":{"start":{"line":6,"column":40},"end":{"line":8,"column":1}},"line":6},"1":{"name":"getAllPedidoPagina","decl":{"start":{"line":11,"column":15},"end":{"line":11,"column":33}},"loc":{"start":{"line":11,"column":36},"end":{"line":13,"column":1}},"line":11},"2":{"name":"getPedidoPendente","decl":{"start":{"line":15,"column":15},"end":{"line":15,"column":32}},"loc":{"start":{"line":15,"column":35},"end":{"line":21,"column":1}},"line":15},"3":{"name":"getPedidoAprovado","decl":{"start":{"line":23,"column":15},"end":{"line":23,"column":32}},"loc":{"start":{"line":23,"column":48},"end":{"line":30,"column":1}},"line":23},"4":{"name":"getPedidoReprovado","decl":{"start":{"line":32,"column":15},"end":{"line":32,"column":33}},"loc":{"start":{"line":32,"column":49},"end":{"line":39,"column":1}},"line":32},"5":{"name":"alterarPedidoPagina","decl":{"start":{"line":41,"column":15},"end":{"line":41,"column":34}},"loc":{"start":{"line":41,"column":53},"end":{"line":49,"column":1}},"line":41},"6":{"name":"atualizarEstadoPedido","decl":{"start":{"line":51,"column":15},"end":{"line":51,"column":36}},"loc":{"start":{"line":51,"column":53},"end":{"line":83,"column":1}},"line":51}},"branchMap":{"0":{"loc":{"start":{"line":56,"column":23},"end":{"line":56,"column":53}},"type":"cond-expr","locations":[{"start":{"line":56,"column":29},"end":{"line":56,"column":39}},{"start":{"line":56,"column":42},"end":{"line":56,"column":53}}],"line":56},"1":{"loc":{"start":{"line":57,"column":24},"end":{"line":57,"column":83}},"type":"cond-expr","locations":[{"start":{"line":57,"column":30},"end":{"line":57,"column":55}},{"start":{"line":57,"column":58},"end":{"line":57,"column":83}}],"line":57},"2":{"loc":{"start":{"line":67,"column":8},"end":{"line":77,"column":9}},"type":"if","locations":[{"start":{"line":67,"column":8},"end":{"line":77,"column":9}},{"start":{},"end":{}}],"line":67},"3":{"loc":{"start":{"line":79,"column":8},"end":{"line":79,"column":167}},"type":"if","locations":[{"start":{"line":79,"column":8},"end":{"line":79,"column":167}},{"start":{},"end":{}}],"line":79}},"s":{"0":1,"1":1,"2":1,"3":0,"4":0,"5":0,"6":0,"7":0,"8":0,"9":0,"10":1,"11":1,"12":1,"13":1,"14":1,"15":1,"16":1,"17":1,"18":1,"19":1},"f":{"0":0,"1":0,"2":0,"3":0,"4":0,"5":0,"6":1},"b":{"0":[1,0],"1":[1,0],"2":[1,0],"3":[1,0]},"_coverageSchema":"1a1c01bbd47fc00a2c39e90264f33305004495a9","hash":"139bc3f947dceb22cbef1272501cba011ea53c8a"}
,"C:\\Users\\tiago\\OneDrive\\Documentos\\localcode\\cidade-mais\\src\\services\\utilizador.service.js": {"path":"C:\\Users\\tiago\\OneDrive\\Documentos\\localcode\\cidade-mais\\src\\services\\utilizador.service.js","statementMap":{"0":{"start":{"line":1,"column":25},"end":{"line":1,"column":50}},"1":{"start":{"line":2,"column":15},"end":{"line":2,"column":33}},"2":{"start":{"line":6,"column":4},"end":{"line":6,"column":46}},"3":{"start":{"line":11,"column":4},"end":{"line":11,"column":40}},"4":{"start":{"line":16,"column":21},"end":{"line":21,"column":6}},"5":{"start":{"line":23,"column":4},"end":{"line":23,"column":20}},"6":{"start":{"line":27,"column":0},"end":{"line":27,"column":75}}},"fnMap":{"0":{"name":"createUtilizador","decl":{"start":{"line":5,"column":15},"end":{"line":5,"column":31}},"loc":{"start":{"line":5,"column":38},"end":{"line":7,"column":1}},"line":5},"1":{"name":"getAllUtilizadores","decl":{"start":{"line":10,"column":15},"end":{"line":10,"column":33}},"loc":{"start":{"line":10,"column":36},"end":{"line":12,"column":1}},"line":10},"2":{"name":"alterarTipoUser","decl":{"start":{"line":14,"column":15},"end":{"line":14,"column":30}},"loc":{"start":{"line":14,"column":52},"end":{"line":25,"column":1}},"line":14}},"branchMap":{},"s":{"0":1,"1":1,"2":0,"3":1,"4":0,"5":0,"6":1},"f":{"0":0,"1":1,"2":0},"b":{},"_coverageSchema":"1a1c01bbd47fc00a2c39e90264f33305004495a9","hash":"e34a2cecec0022c5ae4b73945ecccf7cd0dd2752"}
}
