{"C:\\Users\\ASUS\\source\\repos\\localcode\\cidade-mais\\src\\app.js": {"path":"C:\\Users\\ASUS\\source\\repos\\localcode\\cidade-mais\\src\\app.js","statementMap":{"0":{"start":{"line":1,"column":0},"end":{"line":1,"column":27}},"1":{"start":{"line":2,"column":16},"end":{"line":2,"column":34}},"2":{"start":{"line":3,"column":13},"end":{"line":3,"column":28}},"3":{"start":{"line":4,"column":13},"end":{"line":4,"column":28}},"4":{"start":{"line":5,"column":15},"end":{"line":5,"column":32}},"5":{"start":{"line":8,"column":25},"end":{"line":8,"column":50}},"6":{"start":{"line":9,"column":15},"end":{"line":9,"column":33}},"7":{"start":{"line":10,"column":12},"end":{"line":10,"column":21}},"8":{"start":{"line":12,"column":0},"end":{"line":12,"column":69}},"9":{"start":{"line":15,"column":25},"end":{"line":15,"column":61}},"10":{"start":{"line":16,"column":24},"end":{"line":16,"column":64}},"11":{"start":{"line":17,"column":21},"end":{"line":17,"column":53}},"12":{"start":{"line":18,"column":30},"end":{"line":18,"column":71}},"13":{"start":{"line":19,"column":27},"end":{"line":19,"column":65}},"14":{"start":{"line":20,"column":21},"end":{"line":20,"column":53}},"15":{"start":{"line":21,"column":19},"end":{"line":21,"column":49}},"16":{"start":{"line":22,"column":29},"end":{"line":22,"column":69}},"17":{"start":{"line":23,"column":25},"end":{"line":23,"column":67}},"18":{"start":{"line":24,"column":21},"end":{"line":24,"column":53}},"19":{"start":{"line":25,"column":25},"end":{"line":25,"column":61}},"20":{"start":{"line":26,"column":21},"end":{"line":26,"column":53}},"21":{"start":{"line":27,"column":26},"end":{"line":27,"column":63}},"22":{"start":{"line":31,"column":0},"end":{"line":31,"column":16}},"23":{"start":{"line":32,"column":0},"end":{"line":32,"column":24}},"24":{"start":{"line":35,"column":0},"end":{"line":35,"column":37}},"25":{"start":{"line":36,"column":0},"end":{"line":36,"column":46}},"26":{"start":{"line":37,"column":0},"end":{"line":37,"column":45}},"27":{"start":{"line":38,"column":0},"end":{"line":38,"column":38}},"28":{"start":{"line":39,"column":0},"end":{"line":39,"column":56}},"29":{"start":{"line":40,"column":0},"end":{"line":40,"column":50}},"30":{"start":{"line":41,"column":0},"end":{"line":41,"column":37}},"31":{"start":{"line":42,"column":0},"end":{"line":42,"column":34}},"32":{"start":{"line":43,"column":0},"end":{"line":43,"column":55}},"33":{"start":{"line":44,"column":0},"end":{"line":44,"column":45}},"34":{"start":{"line":45,"column":0},"end":{"line":45,"column":38}},"35":{"start":{"line":46,"column":0},"end":{"line":46,"column":47}},"36":{"start":{"line":47,"column":0},"end":{"line":47,"column":47}},"37":{"start":{"line":53,"column":0},"end":{"line":59,"column":3}},"38":{"start":{"line":54,"column":2},"end":{"line":56,"column":3}},"39":{"start":{"line":55,"column":4},"end":{"line":55,"column":56}},"40":{"start":{"line":57,"column":2},"end":{"line":57,"column":42}},"41":{"start":{"line":58,"column":2},"end":{"line":58,"column":85}},"42":{"start":{"line":61,"column":13},"end":{"line":61,"column":37}},"43":{"start":{"line":62,"column":0},"end":{"line":72,"column":1}},"44":{"start":{"line":63,"column":2},"end":{"line":71,"column":5}},"45":{"start":{"line":64,"column":4},"end":{"line":69,"column":5}},"46":{"start":{"line":65,"column":6},"end":{"line":65,"column":30}},"47":{"start":{"line":66,"column":6},"end":{"line":66,"column":61}},"48":{"start":{"line":68,"column":6},"end":{"line":68,"column":62}},"49":{"start":{"line":70,"column":4},"end":{"line":70,"column":66}},"50":{"start":{"line":74,"column":0},"end":{"line":74,"column":21}}},"fnMap":{"0":{"name":"(anonymous_0)","decl":{"start":{"line":53,"column":8},"end":{"line":53,"column":9}},"loc":{"start":{"line":53,"column":33},"end":{"line":59,"column":1}},"line":53},"1":{"name":"(anonymous_1)","decl":{"start":{"line":63,"column":19},"end":{"line":63,"column":20}},"loc":{"start":{"line":63,"column":31},"end":{"line":71,"column":3}},"line":63}},"branchMap":{"0":{"loc":{"start":{"line":54,"column":2},"end":{"line":56,"column":3}},"type":"if","locations":[{"start":{"line":54,"column":2},"end":{"line":56,"column":3}},{"start":{},"end":{}}],"line":54},"1":{"loc":{"start":{"line":61,"column":13},"end":{"line":61,"column":37}},"type":"binary-expr","locations":[{"start":{"line":61,"column":13},"end":{"line":61,"column":29}},{"start":{"line":61,"column":33},"end":{"line":61,"column":37}}],"line":61},"2":{"loc":{"start":{"line":62,"column":0},"end":{"line":72,"column":1}},"type":"if","locations":[{"start":{"line":62,"column":0},"end":{"line":72,"column":1}},{"start":{},"end":{}}],"line":62}},"s":{"0":13,"1":13,"2":13,"3":13,"4":13,"5":13,"6":13,"7":13,"8":13,"9":13,"10":13,"11":13,"12":13,"13":13,"14":13,"15":13,"16":13,"17":13,"18":13,"19":13,"20":13,"21":13,"22":13,"23":13,"24":13,"25":13,"26":13,"27":13,"28":13,"29":13,"30":13,"31":13,"32":13,"33":13,"34":13,"35":13,"36":13,"37":13,"38":0,"39":0,"40":0,"41":0,"42":13,"43":13,"44":0,"45":0,"46":0,"47":0,"48":0,"49":0,"50":13},"f":{"0":0,"1":0},"b":{"0":[0,0],"1":[13,13],"2":[0,13]},"_coverageSchema":"1a1c01bbd47fc00a2c39e90264f33305004495a9","hash":"881691ed2fb39695196272ed221ff0585e313a1a"}
,"C:\\Users\\ASUS\\source\\repos\\localcode\\cidade-mais\\src\\config\\multerConfig.js": {"path":"C:\\Users\\ASUS\\source\\repos\\localcode\\cidade-mais\\src\\config\\multerConfig.js","statementMap":{"0":{"start":{"line":1,"column":15},"end":{"line":1,"column":32}},"1":{"start":{"line":2,"column":13},"end":{"line":2,"column":28}},"2":{"start":{"line":3,"column":11},"end":{"line":3,"column":24}},"3":{"start":{"line":6,"column":18},"end":{"line":6,"column":55}},"4":{"start":{"line":7,"column":0},"end":{"line":9,"column":1}},"5":{"start":{"line":8,"column":4},"end":{"line":8,"column":28}},"6":{"start":{"line":11,"column":16},"end":{"line":19,"column":2}},"7":{"start":{"line":13,"column":8},"end":{"line":13,"column":28}},"8":{"start":{"line":16,"column":29},"end":{"line":16,"column":79}},"9":{"start":{"line":17,"column":8},"end":{"line":17,"column":65}},"10":{"start":{"line":21,"column":19},"end":{"line":31,"column":3}},"11":{"start":{"line":22,"column":4},"end":{"line":25,"column":5}},"12":{"start":{"line":24,"column":6},"end":{"line":24,"column":28}},"13":{"start":{"line":27,"column":4},"end":{"line":29,"column":5}},"14":{"start":{"line":28,"column":6},"end":{"line":28,"column":28}},"15":{"start":{"line":30,"column":4},"end":{"line":30,"column":20}},"16":{"start":{"line":33,"column":0},"end":{"line":33,"column":49}}},"fnMap":{"0":{"name":"(anonymous_0)","decl":{"start":{"line":12,"column":4},"end":{"line":12,"column":5}},"loc":{"start":{"line":12,"column":31},"end":{"line":14,"column":5}},"line":12},"1":{"name":"(anonymous_1)","decl":{"start":{"line":15,"column":4},"end":{"line":15,"column":5}},"loc":{"start":{"line":15,"column":28},"end":{"line":18,"column":5}},"line":15},"2":{"name":"(anonymous_2)","decl":{"start":{"line":21,"column":19},"end":{"line":21,"column":20}},"loc":{"start":{"line":21,"column":38},"end":{"line":31,"column":3}},"line":21}},"branchMap":{"0":{"loc":{"start":{"line":7,"column":0},"end":{"line":9,"column":1}},"type":"if","locations":[{"start":{"line":7,"column":0},"end":{"line":9,"column":1}},{"start":{},"end":{}}],"line":7},"1":{"loc":{"start":{"line":22,"column":4},"end":{"line":25,"column":5}},"type":"if","locations":[{"start":{"line":22,"column":4},"end":{"line":25,"column":5}},{"start":{},"end":{}}],"line":22},"2":{"loc":{"start":{"line":27,"column":4},"end":{"line":29,"column":5}},"type":"if","locations":[{"start":{"line":27,"column":4},"end":{"line":29,"column":5}},{"start":{},"end":{}}],"line":27},"3":{"loc":{"start":{"line":27,"column":8},"end":{"line":27,"column":80}},"type":"binary-expr","locations":[{"start":{"line":27,"column":8},"end":{"line":27,"column":42}},{"start":{"line":27,"column":46},"end":{"line":27,"column":80}}],"line":27}},"s":{"0":13,"1":13,"2":13,"3":13,"4":13,"5":0,"6":13,"7":5,"8":5,"9":5,"10":13,"11":6,"12":1,"13":5,"14":4,"15":1,"16":13},"f":{"0":5,"1":5,"2":6},"b":{"0":[0,13],"1":[1,5],"2":[4,1],"3":[5,1]},"_coverageSchema":"1a1c01bbd47fc00a2c39e90264f33305004495a9","hash":"04c73592f628c42a7b82cbb509ce9c7956c8f004"}
,"C:\\Users\\ASUS\\source\\repos\\localcode\\cidade-mais\\src\\controllers\\autent.controller.js": {"path":"C:\\Users\\ASUS\\source\\repos\\localcode\\cidade-mais\\src\\controllers\\autent.controller.js","statementMap":{"0":{"start":{"line":1,"column":22},"end":{"line":1,"column":59}},"1":{"start":{"line":4,"column":4},"end":{"line":10,"column":5}},"2":{"start":{"line":5,"column":58},"end":{"line":5,"column":66}},"3":{"start":{"line":6,"column":23},"end":{"line":6,"column":91}},"4":{"start":{"line":7,"column":8},"end":{"line":7,"column":37}},"5":{"start":{"line":9,"column":8},"end":{"line":9,"column":53}},"6":{"start":{"line":14,"column":4},"end":{"line":20,"column":5}},"7":{"start":{"line":15,"column":36},"end":{"line":15,"column":44}},"8":{"start":{"line":16,"column":23},"end":{"line":16,"column":65}},"9":{"start":{"line":17,"column":8},"end":{"line":17,"column":25}},"10":{"start":{"line":19,"column":8},"end":{"line":19,"column":53}},"11":{"start":{"line":24,"column":0},"end":{"line":24,"column":37}}},"fnMap":{"0":{"name":"register","decl":{"start":{"line":3,"column":15},"end":{"line":3,"column":23}},"loc":{"start":{"line":3,"column":34},"end":{"line":11,"column":1}},"line":3},"1":{"name":"login","decl":{"start":{"line":13,"column":15},"end":{"line":13,"column":20}},"loc":{"start":{"line":13,"column":31},"end":{"line":21,"column":1}},"line":13}},"branchMap":{},"s":{"0":14,"1":5,"2":5,"3":5,"4":2,"5":3,"6":7,"7":7,"8":7,"9":3,"10":4,"11":14},"f":{"0":5,"1":7},"b":{},"_coverageSchema":"1a1c01bbd47fc00a2c39e90264f33305004495a9","hash":"2884be139cc7e4564bfbeb12c8146f0f5a562254"}
,"C:\\Users\\ASUS\\source\\repos\\localcode\\cidade-mais\\src\\controllers\\comentario.controller.js": {"path":"C:\\Users\\ASUS\\source\\repos\\localcode\\cidade-mais\\src\\controllers\\comentario.controller.js","statementMap":{"0":{"start":{"line":1,"column":26},"end":{"line":1,"column":67}},"1":{"start":{"line":4,"column":60},"end":{"line":4,"column":68}},"2":{"start":{"line":6,"column":4},"end":{"line":8,"column":5}},"3":{"start":{"line":7,"column":6},"end":{"line":7,"column":81}},"4":{"start":{"line":10,"column":4},"end":{"line":16,"column":5}},"5":{"start":{"line":11,"column":25},"end":{"line":11,"column":114}},"6":{"start":{"line":12,"column":6},"end":{"line":12,"column":39}},"7":{"start":{"line":14,"column":6},"end":{"line":14,"column":56}},"8":{"start":{"line":15,"column":6},"end":{"line":15,"column":91}},"9":{"start":{"line":20,"column":4},"end":{"line":26,"column":5}},"10":{"start":{"line":21,"column":27},"end":{"line":21,"column":69}},"11":{"start":{"line":22,"column":8},"end":{"line":22,"column":29}},"12":{"start":{"line":24,"column":8},"end":{"line":24,"column":27}},"13":{"start":{"line":25,"column":8},"end":{"line":25,"column":72}},"14":{"start":{"line":31,"column":23},"end":{"line":31,"column":33}},"15":{"start":{"line":32,"column":19},"end":{"line":32,"column":34}},"16":{"start":{"line":34,"column":4},"end":{"line":36,"column":5}},"17":{"start":{"line":35,"column":8},"end":{"line":35,"column":84}},"18":{"start":{"line":38,"column":4},"end":{"line":44,"column":5}},"19":{"start":{"line":39,"column":27},"end":{"line":39,"column":76}},"20":{"start":{"line":40,"column":8},"end":{"line":40,"column":29}},"21":{"start":{"line":42,"column":8},"end":{"line":42,"column":27}},"22":{"start":{"line":43,"column":8},"end":{"line":43,"column":72}},"23":{"start":{"line":47,"column":0},"end":{"line":47,"column":75}}},"fnMap":{"0":{"name":"createComentario","decl":{"start":{"line":3,"column":15},"end":{"line":3,"column":31}},"loc":{"start":{"line":3,"column":42},"end":{"line":17,"column":3}},"line":3},"1":{"name":"getAllComentario","decl":{"start":{"line":19,"column":15},"end":{"line":19,"column":31}},"loc":{"start":{"line":19,"column":42},"end":{"line":27,"column":1}},"line":19},"2":{"name":"getComentarioPost","decl":{"start":{"line":29,"column":15},"end":{"line":29,"column":32}},"loc":{"start":{"line":29,"column":43},"end":{"line":45,"column":1}},"line":29}},"branchMap":{"0":{"loc":{"start":{"line":6,"column":4},"end":{"line":8,"column":5}},"type":"if","locations":[{"start":{"line":6,"column":4},"end":{"line":8,"column":5}},{"start":{},"end":{}}],"line":6},"1":{"loc":{"start":{"line":6,"column":8},"end":{"line":6,"column":71}},"type":"binary-expr","locations":[{"start":{"line":6,"column":8},"end":{"line":6,"column":28}},{"start":{"line":6,"column":32},"end":{"line":6,"column":71}}],"line":6},"2":{"loc":{"start":{"line":34,"column":4},"end":{"line":36,"column":5}},"type":"if","locations":[{"start":{"line":34,"column":4},"end":{"line":36,"column":5}},{"start":{},"end":{}}],"line":34}},"s":{"0":13,"1":2,"2":2,"3":1,"4":1,"5":1,"6":1,"7":0,"8":0,"9":1,"10":1,"11":1,"12":0,"13":0,"14":2,"15":2,"16":2,"17":1,"18":1,"19":1,"20":1,"21":0,"22":0,"23":13},"f":{"0":2,"1":1,"2":2},"b":{"0":[1,1],"1":[2,1],"2":[1,1]},"_coverageSchema":"1a1c01bbd47fc00a2c39e90264f33305004495a9","hash":"f0bec2a5a01d1828a695dfcee2b610194d4dd1aa"}
,"C:\\Users\\ASUS\\source\\repos\\localcode\\cidade-mais\\src\\controllers\\moderadorPagina.controller.js": {"path":"C:\\Users\\ASUS\\source\\repos\\localcode\\cidade-mais\\src\\controllers\\moderadorPagina.controller.js","statementMap":{"0":{"start":{"line":1,"column":31},"end":{"line":1,"column":77}},"1":{"start":{"line":5,"column":4},"end":{"line":11,"column":5}},"2":{"start":{"line":6,"column":32},"end":{"line":6,"column":92}},"3":{"start":{"line":7,"column":8},"end":{"line":7,"column":46}},"4":{"start":{"line":9,"column":8},"end":{"line":9,"column":67}},"5":{"start":{"line":10,"column":8},"end":{"line":10,"column":102}},"6":{"start":{"line":16,"column":4},"end":{"line":22,"column":5}},"7":{"start":{"line":17,"column":28},"end":{"line":17,"column":80}},"8":{"start":{"line":18,"column":8},"end":{"line":18,"column":30}},"9":{"start":{"line":20,"column":8},"end":{"line":20,"column":70}},"10":{"start":{"line":21,"column":8},"end":{"line":21,"column":82}},"11":{"start":{"line":26,"column":26},"end":{"line":26,"column":54}},"12":{"start":{"line":27,"column":4},"end":{"line":33,"column":5}},"13":{"start":{"line":28,"column":28},"end":{"line":28,"column":91}},"14":{"start":{"line":29,"column":8},"end":{"line":29,"column":30}},"15":{"start":{"line":31,"column":8},"end":{"line":31,"column":70}},"16":{"start":{"line":32,"column":8},"end":{"line":32,"column":82}},"17":{"start":{"line":36,"column":0},"end":{"line":36,"column":87}}},"fnMap":{"0":{"name":"createModeradorPagina","decl":{"start":{"line":4,"column":15},"end":{"line":4,"column":36}},"loc":{"start":{"line":4,"column":47},"end":{"line":12,"column":1}},"line":4},"1":{"name":"getAllModeradorPagina","decl":{"start":{"line":15,"column":15},"end":{"line":15,"column":36}},"loc":{"start":{"line":15,"column":47},"end":{"line":23,"column":1}},"line":15},"2":{"name":"verPaginasModeradas","decl":{"start":{"line":25,"column":15},"end":{"line":25,"column":34}},"loc":{"start":{"line":25,"column":45},"end":{"line":34,"column":1}},"line":25}},"branchMap":{},"s":{"0":13,"1":5,"2":5,"3":2,"4":3,"5":3,"6":1,"7":1,"8":1,"9":0,"10":0,"11":0,"12":0,"13":0,"14":0,"15":0,"16":0,"17":13},"f":{"0":5,"1":1,"2":0},"b":{},"_coverageSchema":"1a1c01bbd47fc00a2c39e90264f33305004495a9","hash":"35ab3ed8b53d1f6965ad2a9f9c9bd5aed28084e3"}
,"C:\\Users\\ASUS\\source\\repos\\localcode\\cidade-mais\\src\\controllers\\morada.controller.js": {"path":"C:\\Users\\ASUS\\source\\repos\\localcode\\cidade-mais\\src\\controllers\\morada.controller.js","statementMap":{"0":{"start":{"line":1,"column":22},"end":{"line":1,"column":59}},"1":{"start":{"line":4,"column":4},"end":{"line":20,"column":5}},"2":{"start":{"line":5,"column":42},"end":{"line":5,"column":50}},"3":{"start":{"line":7,"column":8},"end":{"line":9,"column":9}},"4":{"start":{"line":8,"column":12},"end":{"line":8,"column":83}},"5":{"start":{"line":11,"column":8},"end":{"line":13,"column":9}},"6":{"start":{"line":12,"column":12},"end":{"line":12,"column":96}},"7":{"start":{"line":15,"column":23},"end":{"line":15,"column":65}},"8":{"start":{"line":16,"column":8},"end":{"line":16,"column":37}},"9":{"start":{"line":18,"column":8},"end":{"line":18,"column":54}},"10":{"start":{"line":19,"column":8},"end":{"line":19,"column":89}},"11":{"start":{"line":24,"column":4},"end":{"line":30,"column":5}},"12":{"start":{"line":25,"column":23},"end":{"line":25,"column":57}},"13":{"start":{"line":26,"column":8},"end":{"line":26,"column":25}},"14":{"start":{"line":28,"column":8},"end":{"line":28,"column":27}},"15":{"start":{"line":29,"column":8},"end":{"line":29,"column":68}},"16":{"start":{"line":33,"column":0},"end":{"line":33,"column":48}}},"fnMap":{"0":{"name":"createMorada","decl":{"start":{"line":3,"column":15},"end":{"line":3,"column":27}},"loc":{"start":{"line":3,"column":38},"end":{"line":21,"column":1}},"line":3},"1":{"name":"getAllMorada","decl":{"start":{"line":23,"column":15},"end":{"line":23,"column":27}},"loc":{"start":{"line":23,"column":38},"end":{"line":31,"column":1}},"line":23}},"branchMap":{"0":{"loc":{"start":{"line":7,"column":8},"end":{"line":9,"column":9}},"type":"if","locations":[{"start":{"line":7,"column":8},"end":{"line":9,"column":9}},{"start":{},"end":{}}],"line":7},"1":{"loc":{"start":{"line":11,"column":8},"end":{"line":13,"column":9}},"type":"if","locations":[{"start":{"line":11,"column":8},"end":{"line":13,"column":9}},{"start":{},"end":{}}],"line":11},"2":{"loc":{"start":{"line":11,"column":12},"end":{"line":11,"column":66}},"type":"binary-expr","locations":[{"start":{"line":11,"column":12},"end":{"line":11,"column":45}},{"start":{"line":11,"column":49},"end":{"line":11,"column":66}}],"line":11}},"s":{"0":13,"1":4,"2":4,"3":4,"4":1,"5":3,"6":1,"7":2,"8":2,"9":0,"10":0,"11":1,"12":1,"13":1,"14":0,"15":0,"16":13},"f":{"0":4,"1":1},"b":{"0":[1,3],"1":[1,2],"2":[3,2]},"_coverageSchema":"1a1c01bbd47fc00a2c39e90264f33305004495a9","hash":"69e3db739b73a69085bcd5bb9437bb903e2929f8"}
,"C:\\Users\\ASUS\\source\\repos\\localcode\\cidade-mais\\src\\controllers\\notificacao.controller.js": {"path":"C:\\Users\\ASUS\\source\\repos\\localcode\\cidade-mais\\src\\controllers\\notificacao.controller.js","statementMap":{"0":{"start":{"line":1,"column":27},"end":{"line":1,"column":69}},"1":{"start":{"line":4,"column":4},"end":{"line":13,"column":7}},"2":{"start":{"line":5,"column":28},"end":{"line":5,"column":80}},"3":{"start":{"line":6,"column":8},"end":{"line":6,"column":42}},"4":{"start":{"line":8,"column":8},"end":{"line":10,"column":9}},"5":{"start":{"line":9,"column":10},"end":{"line":9,"column":64}},"6":{"start":{"line":11,"column":8},"end":{"line":11,"column":59}},"7":{"start":{"line":12,"column":8},"end":{"line":12,"column":69}},"8":{"start":{"line":17,"column":4},"end":{"line":23,"column":5}},"9":{"start":{"line":18,"column":28},"end":{"line":18,"column":72}},"10":{"start":{"line":19,"column":8},"end":{"line":19,"column":30}},"11":{"start":{"line":21,"column":8},"end":{"line":21,"column":27}},"12":{"start":{"line":22,"column":8},"end":{"line":22,"column":73}},"13":{"start":{"line":28,"column":20},"end":{"line":28,"column":44}},"14":{"start":{"line":29,"column":26},"end":{"line":29,"column":41}},"15":{"start":{"line":31,"column":4},"end":{"line":33,"column":5}},"16":{"start":{"line":32,"column":8},"end":{"line":32,"column":89}},"17":{"start":{"line":35,"column":4},"end":{"line":44,"column":5}},"18":{"start":{"line":36,"column":29},"end":{"line":36,"column":96}},"19":{"start":{"line":37,"column":8},"end":{"line":37,"column":38}},"20":{"start":{"line":39,"column":8},"end":{"line":39,"column":76}},"21":{"start":{"line":40,"column":8},"end":{"line":43,"column":11}},"22":{"start":{"line":48,"column":0},"end":{"line":48,"column":87}}},"fnMap":{"0":{"name":"createNotificacao","decl":{"start":{"line":3,"column":15},"end":{"line":3,"column":32}},"loc":{"start":{"line":3,"column":43},"end":{"line":14,"column":5}},"line":3},"1":{"name":"getAllNotificacao","decl":{"start":{"line":16,"column":15},"end":{"line":16,"column":32}},"loc":{"start":{"line":16,"column":43},"end":{"line":24,"column":1}},"line":16},"2":{"name":"getNotificacaoPorUtilizador","decl":{"start":{"line":26,"column":15},"end":{"line":26,"column":42}},"loc":{"start":{"line":26,"column":53},"end":{"line":45,"column":1}},"line":26}},"branchMap":{"0":{"loc":{"start":{"line":8,"column":8},"end":{"line":10,"column":9}},"type":"if","locations":[{"start":{"line":8,"column":8},"end":{"line":10,"column":9}},{"start":{},"end":{}}],"line":8},"1":{"loc":{"start":{"line":31,"column":4},"end":{"line":33,"column":5}},"type":"if","locations":[{"start":{"line":31,"column":4},"end":{"line":33,"column":5}},{"start":{},"end":{}}],"line":31}},"s":{"0":13,"1":5,"2":5,"3":4,"4":1,"5":1,"6":0,"7":0,"8":1,"9":1,"10":1,"11":0,"12":0,"13":1,"14":1,"15":1,"16":0,"17":1,"18":1,"19":1,"20":0,"21":0,"22":13},"f":{"0":5,"1":1,"2":1},"b":{"0":[1,0],"1":[0,1]},"_coverageSchema":"1a1c01bbd47fc00a2c39e90264f33305004495a9","hash":"25fc95d797d681b9e0dc452d99b950154d06d541"}
,"C:\\Users\\ASUS\\source\\repos\\localcode\\cidade-mais\\src\\controllers\\paginaFreguesia.controller.js": {"path":"C:\\Users\\ASUS\\source\\repos\\localcode\\cidade-mais\\src\\controllers\\paginaFreguesia.controller.js","statementMap":{"0":{"start":{"line":1,"column":31},"end":{"line":1,"column":77}},"1":{"start":{"line":4,"column":52},"end":{"line":4,"column":60}},"2":{"start":{"line":6,"column":2},"end":{"line":8,"column":3}},"3":{"start":{"line":7,"column":4},"end":{"line":7,"column":77}},"4":{"start":{"line":10,"column":2},"end":{"line":16,"column":3}},"5":{"start":{"line":11,"column":19},"end":{"line":11,"column":79}},"6":{"start":{"line":12,"column":4},"end":{"line":12,"column":33}},"7":{"start":{"line":14,"column":4},"end":{"line":14,"column":50}},"8":{"start":{"line":15,"column":4},"end":{"line":15,"column":85}},"9":{"start":{"line":20,"column":2},"end":{"line":26,"column":3}},"10":{"start":{"line":21,"column":20},"end":{"line":21,"column":72}},"11":{"start":{"line":22,"column":4},"end":{"line":22,"column":22}},"12":{"start":{"line":24,"column":4},"end":{"line":24,"column":23}},"13":{"start":{"line":25,"column":4},"end":{"line":25,"column":64}},"14":{"start":{"line":30,"column":19},"end":{"line":30,"column":38}},"15":{"start":{"line":32,"column":2},"end":{"line":38,"column":3}},"16":{"start":{"line":33,"column":20},"end":{"line":33,"column":73}},"17":{"start":{"line":34,"column":4},"end":{"line":34,"column":22}},"18":{"start":{"line":36,"column":4},"end":{"line":36,"column":23}},"19":{"start":{"line":37,"column":4},"end":{"line":37,"column":64}},"20":{"start":{"line":42,"column":17},"end":{"line":42,"column":27}},"21":{"start":{"line":44,"column":2},"end":{"line":55,"column":3}},"22":{"start":{"line":45,"column":19},"end":{"line":45,"column":74}},"23":{"start":{"line":47,"column":4},"end":{"line":49,"column":5}},"24":{"start":{"line":48,"column":6},"end":{"line":48,"column":70}},"25":{"start":{"line":51,"column":4},"end":{"line":51,"column":21}},"26":{"start":{"line":53,"column":4},"end":{"line":53,"column":58}},"27":{"start":{"line":54,"column":4},"end":{"line":54,"column":86}},"28":{"start":{"line":60,"column":17},"end":{"line":60,"column":27}},"29":{"start":{"line":61,"column":26},"end":{"line":61,"column":34}},"30":{"start":{"line":63,"column":2},"end":{"line":85,"column":3}},"31":{"start":{"line":64,"column":28},"end":{"line":64,"column":43}},"32":{"start":{"line":66,"column":4},"end":{"line":69,"column":5}},"33":{"start":{"line":67,"column":30},"end":{"line":67,"column":99}},"34":{"start":{"line":68,"column":6},"end":{"line":68,"column":52}},"35":{"start":{"line":71,"column":4},"end":{"line":74,"column":5}},"36":{"start":{"line":72,"column":30},"end":{"line":72,"column":97}},"37":{"start":{"line":73,"column":6},"end":{"line":73,"column":50}},"38":{"start":{"line":76,"column":29},"end":{"line":76,"column":100}},"39":{"start":{"line":77,"column":4},"end":{"line":77,"column":50}},"40":{"start":{"line":80,"column":4},"end":{"line":80,"column":54}},"41":{"start":{"line":81,"column":4},"end":{"line":84,"column":7}},"42":{"start":{"line":89,"column":0},"end":{"line":89,"column":129}}},"fnMap":{"0":{"name":"createPaginaFreguesia","decl":{"start":{"line":3,"column":15},"end":{"line":3,"column":36}},"loc":{"start":{"line":3,"column":47},"end":{"line":17,"column":1}},"line":3},"1":{"name":"getAllPaginaFreguesia","decl":{"start":{"line":19,"column":15},"end":{"line":19,"column":36}},"loc":{"start":{"line":19,"column":47},"end":{"line":27,"column":1}},"line":19},"2":{"name":"pesquisaPagina","decl":{"start":{"line":29,"column":15},"end":{"line":29,"column":29}},"loc":{"start":{"line":29,"column":40},"end":{"line":39,"column":1}},"line":29},"3":{"name":"getPaginaFreguesiaById","decl":{"start":{"line":41,"column":15},"end":{"line":41,"column":37}},"loc":{"start":{"line":41,"column":48},"end":{"line":56,"column":1}},"line":41},"4":{"name":"updatePaginaFreguesia","decl":{"start":{"line":59,"column":15},"end":{"line":59,"column":36}},"loc":{"start":{"line":59,"column":47},"end":{"line":86,"column":1}},"line":59}},"branchMap":{"0":{"loc":{"start":{"line":6,"column":2},"end":{"line":8,"column":3}},"type":"if","locations":[{"start":{"line":6,"column":2},"end":{"line":8,"column":3}},{"start":{},"end":{}}],"line":6},"1":{"loc":{"start":{"line":6,"column":6},"end":{"line":6,"column":47}},"type":"binary-expr","locations":[{"start":{"line":6,"column":6},"end":{"line":6,"column":18}},{"start":{"line":6,"column":22},"end":{"line":6,"column":47}}],"line":6},"2":{"loc":{"start":{"line":47,"column":4},"end":{"line":49,"column":5}},"type":"if","locations":[{"start":{"line":47,"column":4},"end":{"line":49,"column":5}},{"start":{},"end":{}}],"line":47},"3":{"loc":{"start":{"line":66,"column":4},"end":{"line":69,"column":5}},"type":"if","locations":[{"start":{"line":66,"column":4},"end":{"line":69,"column":5}},{"start":{},"end":{}}],"line":66},"4":{"loc":{"start":{"line":71,"column":4},"end":{"line":74,"column":5}},"type":"if","locations":[{"start":{"line":71,"column":4},"end":{"line":74,"column":5}},{"start":{},"end":{}}],"line":71}},"s":{"0":13,"1":2,"2":2,"3":1,"4":1,"5":1,"6":1,"7":0,"8":0,"9":1,"10":1,"11":1,"12":0,"13":0,"14":2,"15":2,"16":2,"17":2,"18":0,"19":0,"20":0,"21":0,"22":0,"23":0,"24":0,"25":0,"26":0,"27":0,"28":0,"29":0,"30":0,"31":0,"32":0,"33":0,"34":0,"35":0,"36":0,"37":0,"38":0,"39":0,"40":0,"41":0,"42":13},"f":{"0":2,"1":1,"2":2,"3":0,"4":0},"b":{"0":[1,1],"1":[2,2],"2":[0,0],"3":[0,0],"4":[0,0]},"_coverageSchema":"1a1c01bbd47fc00a2c39e90264f33305004495a9","hash":"9df3e99bf578e2352731555d5eb235da848d7d83"}
,"C:\\Users\\ASUS\\source\\repos\\localcode\\cidade-mais\\src\\controllers\\pedidoPagina.controller.js": {"path":"C:\\Users\\ASUS\\source\\repos\\localcode\\cidade-mais\\src\\controllers\\pedidoPagina.controller.js","statementMap":{"0":{"start":{"line":1,"column":28},"end":{"line":1,"column":71}},"1":{"start":{"line":4,"column":4},"end":{"line":24,"column":5}},"2":{"start":{"line":5,"column":28},"end":{"line":5,"column":56}},"3":{"start":{"line":8,"column":6},"end":{"line":10,"column":7}},"4":{"start":{"line":9,"column":8},"end":{"line":9,"column":75}},"5":{"start":{"line":13,"column":29},"end":{"line":17,"column":7}},"6":{"start":{"line":19,"column":21},"end":{"line":19,"column":81}},"7":{"start":{"line":20,"column":6},"end":{"line":20,"column":35}},"8":{"start":{"line":22,"column":6},"end":{"line":22,"column":59}},"9":{"start":{"line":23,"column":6},"end":{"line":23,"column":94}},"10":{"start":{"line":28,"column":2},"end":{"line":34,"column":3}},"11":{"start":{"line":29,"column":20},"end":{"line":29,"column":66}},"12":{"start":{"line":30,"column":4},"end":{"line":30,"column":22}},"13":{"start":{"line":32,"column":4},"end":{"line":32,"column":25}},"14":{"start":{"line":33,"column":4},"end":{"line":33,"column":75}},"15":{"start":{"line":38,"column":2},"end":{"line":44,"column":3}},"16":{"start":{"line":39,"column":20},"end":{"line":39,"column":65}},"17":{"start":{"line":40,"column":4},"end":{"line":40,"column":22}},"18":{"start":{"line":42,"column":4},"end":{"line":42,"column":25}},"19":{"start":{"line":43,"column":4},"end":{"line":43,"column":85}},"20":{"start":{"line":48,"column":24},"end":{"line":48,"column":52}},"21":{"start":{"line":49,"column":2},"end":{"line":51,"column":3}},"22":{"start":{"line":50,"column":4},"end":{"line":50,"column":88}},"23":{"start":{"line":52,"column":2},"end":{"line":58,"column":3}},"24":{"start":{"line":53,"column":20},"end":{"line":53,"column":78}},"25":{"start":{"line":54,"column":4},"end":{"line":54,"column":22}},"26":{"start":{"line":56,"column":4},"end":{"line":56,"column":25}},"27":{"start":{"line":57,"column":4},"end":{"line":57,"column":85}},"28":{"start":{"line":62,"column":24},"end":{"line":62,"column":52}},"29":{"start":{"line":63,"column":2},"end":{"line":65,"column":3}},"30":{"start":{"line":64,"column":4},"end":{"line":64,"column":88}},"31":{"start":{"line":66,"column":2},"end":{"line":72,"column":3}},"32":{"start":{"line":67,"column":20},"end":{"line":67,"column":79}},"33":{"start":{"line":68,"column":4},"end":{"line":68,"column":22}},"34":{"start":{"line":70,"column":4},"end":{"line":70,"column":25}},"35":{"start":{"line":71,"column":4},"end":{"line":71,"column":86}},"36":{"start":{"line":76,"column":2},"end":{"line":87,"column":3}},"37":{"start":{"line":77,"column":21},"end":{"line":77,"column":49}},"38":{"start":{"line":78,"column":4},"end":{"line":80,"column":5}},"39":{"start":{"line":79,"column":6},"end":{"line":79,"column":84}},"40":{"start":{"line":81,"column":20},"end":{"line":81,"column":28}},"41":{"start":{"line":82,"column":19},"end":{"line":82,"column":81}},"42":{"start":{"line":83,"column":4},"end":{"line":83,"column":21}},"43":{"start":{"line":85,"column":4},"end":{"line":85,"column":25}},"44":{"start":{"line":86,"column":4},"end":{"line":86,"column":74}},"45":{"start":{"line":91,"column":22},"end":{"line":91,"column":50}},"46":{"start":{"line":99,"column":8},"end":{"line":99,"column":16}},"47":{"start":{"line":102,"column":4},"end":{"line":105,"column":5}},"48":{"start":{"line":103,"column":22},"end":{"line":103,"column":63}},"49":{"start":{"line":104,"column":6},"end":{"line":104,"column":85}},"50":{"start":{"line":107,"column":4},"end":{"line":127,"column":5}},"51":{"start":{"line":108,"column":29},"end":{"line":115,"column":8}},"52":{"start":{"line":117,"column":6},"end":{"line":120,"column":9}},"53":{"start":{"line":122,"column":6},"end":{"line":122,"column":58}},"54":{"start":{"line":123,"column":6},"end":{"line":126,"column":9}},"55":{"start":{"line":130,"column":0},"end":{"line":138,"column":2}}},"fnMap":{"0":{"name":"createPedidoPagina","decl":{"start":{"line":3,"column":15},"end":{"line":3,"column":33}},"loc":{"start":{"line":3,"column":44},"end":{"line":25,"column":3}},"line":3},"1":{"name":"getAllPedidoPagina","decl":{"start":{"line":27,"column":15},"end":{"line":27,"column":33}},"loc":{"start":{"line":27,"column":44},"end":{"line":35,"column":1}},"line":27},"2":{"name":"getPedidoPendente","decl":{"start":{"line":37,"column":15},"end":{"line":37,"column":32}},"loc":{"start":{"line":37,"column":43},"end":{"line":45,"column":1}},"line":37},"3":{"name":"getPedidoAprovado","decl":{"start":{"line":47,"column":15},"end":{"line":47,"column":32}},"loc":{"start":{"line":47,"column":43},"end":{"line":59,"column":1}},"line":47},"4":{"name":"getPedidoReprovado","decl":{"start":{"line":61,"column":15},"end":{"line":61,"column":33}},"loc":{"start":{"line":61,"column":44},"end":{"line":73,"column":1}},"line":61},"5":{"name":"atualizarEstadoPedido","decl":{"start":{"line":75,"column":15},"end":{"line":75,"column":36}},"loc":{"start":{"line":75,"column":47},"end":{"line":88,"column":1}},"line":75},"6":{"name":"alterarPedidoPagina","decl":{"start":{"line":90,"column":15},"end":{"line":90,"column":34}},"loc":{"start":{"line":90,"column":45},"end":{"line":128,"column":3}},"line":90},"7":{"name":"(anonymous_7)","decl":{"start":{"line":103,"column":17},"end":{"line":103,"column":18}},"loc":{"start":{"line":103,"column":22},"end":{"line":103,"column":63}},"line":103}},"branchMap":{"0":{"loc":{"start":{"line":8,"column":6},"end":{"line":10,"column":7}},"type":"if","locations":[{"start":{"line":8,"column":6},"end":{"line":10,"column":7}},{"start":{},"end":{}}],"line":8},"1":{"loc":{"start":{"line":49,"column":2},"end":{"line":51,"column":3}},"type":"if","locations":[{"start":{"line":49,"column":2},"end":{"line":51,"column":3}},{"start":{},"end":{}}],"line":49},"2":{"loc":{"start":{"line":63,"column":2},"end":{"line":65,"column":3}},"type":"if","locations":[{"start":{"line":63,"column":2},"end":{"line":65,"column":3}},{"start":{},"end":{}}],"line":63},"3":{"loc":{"start":{"line":78,"column":4},"end":{"line":80,"column":5}},"type":"if","locations":[{"start":{"line":78,"column":4},"end":{"line":80,"column":5}},{"start":{},"end":{}}],"line":78},"4":{"loc":{"start":{"line":102,"column":4},"end":{"line":105,"column":5}},"type":"if","locations":[{"start":{"line":102,"column":4},"end":{"line":105,"column":5}},{"start":{},"end":{}}],"line":102},"5":{"loc":{"start":{"line":103,"column":22},"end":{"line":103,"column":63}},"type":"binary-expr","locations":[{"start":{"line":103,"column":22},"end":{"line":103,"column":37}},{"start":{"line":103,"column":41},"end":{"line":103,"column":51}},{"start":{"line":103,"column":55},"end":{"line":103,"column":63}}],"line":103}},"s":{"0":13,"1":1,"2":1,"3":1,"4":0,"5":1,"6":1,"7":1,"8":0,"9":0,"10":1,"11":1,"12":1,"13":0,"14":0,"15":1,"16":1,"17":1,"18":0,"19":0,"20":0,"21":0,"22":0,"23":0,"24":0,"25":0,"26":0,"27":0,"28":0,"29":0,"30":0,"31":0,"32":0,"33":0,"34":0,"35":0,"36":2,"37":2,"38":2,"39":0,"40":2,"41":2,"42":2,"43":0,"44":0,"45":1,"46":1,"47":1,"48":6,"49":0,"50":1,"51":1,"52":1,"53":0,"54":0,"55":13},"f":{"0":1,"1":1,"2":1,"3":0,"4":0,"5":2,"6":1,"7":6},"b":{"0":[0,1],"1":[0,0],"2":[0,0],"3":[0,2],"4":[0,1],"5":[6,6,6]},"_coverageSchema":"1a1c01bbd47fc00a2c39e90264f33305004495a9","hash":"53f7809ce61860629fb7b9c8d8eba213db7c360e"}
,"C:\\Users\\ASUS\\source\\repos\\localcode\\cidade-mais\\src\\controllers\\perfil.controller.js": {"path":"C:\\Users\\ASUS\\source\\repos\\localcode\\cidade-mais\\src\\controllers\\perfil.controller.js","statementMap":{"0":{"start":{"line":1,"column":22},"end":{"line":1,"column":59}},"1":{"start":{"line":5,"column":4},"end":{"line":11,"column":5}},"2":{"start":{"line":6,"column":23},"end":{"line":6,"column":65}},"3":{"start":{"line":7,"column":8},"end":{"line":7,"column":37}},"4":{"start":{"line":9,"column":8},"end":{"line":9,"column":54}},"5":{"start":{"line":10,"column":8},"end":{"line":10,"column":89}},"6":{"start":{"line":16,"column":4},"end":{"line":22,"column":5}},"7":{"start":{"line":17,"column":23},"end":{"line":17,"column":57}},"8":{"start":{"line":18,"column":8},"end":{"line":18,"column":25}},"9":{"start":{"line":20,"column":8},"end":{"line":20,"column":55}},"10":{"start":{"line":21,"column":8},"end":{"line":21,"column":90}},"11":{"start":{"line":26,"column":2},"end":{"line":34,"column":3}},"12":{"start":{"line":27,"column":19},"end":{"line":27,"column":51}},"13":{"start":{"line":28,"column":19},"end":{"line":28,"column":66}},"14":{"start":{"line":29,"column":4},"end":{"line":29,"column":81}},"15":{"start":{"line":29,"column":17},"end":{"line":29,"column":81}},"16":{"start":{"line":30,"column":4},"end":{"line":30,"column":21}},"17":{"start":{"line":32,"column":4},"end":{"line":32,"column":48}},"18":{"start":{"line":33,"column":4},"end":{"line":33,"column":68}},"19":{"start":{"line":37,"column":2},"end":{"line":50,"column":3}},"20":{"start":{"line":38,"column":19},"end":{"line":38,"column":46}},"21":{"start":{"line":39,"column":4},"end":{"line":41,"column":5}},"22":{"start":{"line":40,"column":6},"end":{"line":40,"column":83}},"23":{"start":{"line":43,"column":22},"end":{"line":43,"column":35}},"24":{"start":{"line":44,"column":29},"end":{"line":44,"column":87}},"25":{"start":{"line":46,"column":4},"end":{"line":46,"column":43}},"26":{"start":{"line":48,"column":4},"end":{"line":48,"column":62}},"27":{"start":{"line":49,"column":4},"end":{"line":49,"column":95}},"28":{"start":{"line":55,"column":0},"end":{"line":55,"column":89}}},"fnMap":{"0":{"name":"createPerfil","decl":{"start":{"line":4,"column":15},"end":{"line":4,"column":27}},"loc":{"start":{"line":4,"column":38},"end":{"line":12,"column":1}},"line":4},"1":{"name":"getAllPerfil","decl":{"start":{"line":15,"column":15},"end":{"line":15,"column":27}},"loc":{"start":{"line":15,"column":38},"end":{"line":23,"column":1}},"line":15},"2":{"name":"getPerfilUtilizador","decl":{"start":{"line":25,"column":15},"end":{"line":25,"column":34}},"loc":{"start":{"line":25,"column":45},"end":{"line":35,"column":1}},"line":25},"3":{"name":"atualizarFotoPerfil","decl":{"start":{"line":36,"column":15},"end":{"line":36,"column":34}},"loc":{"start":{"line":36,"column":45},"end":{"line":51,"column":1}},"line":36}},"branchMap":{"0":{"loc":{"start":{"line":29,"column":4},"end":{"line":29,"column":81}},"type":"if","locations":[{"start":{"line":29,"column":4},"end":{"line":29,"column":81}},{"start":{},"end":{}}],"line":29},"1":{"loc":{"start":{"line":39,"column":4},"end":{"line":41,"column":5}},"type":"if","locations":[{"start":{"line":39,"column":4},"end":{"line":41,"column":5}},{"start":{},"end":{}}],"line":39}},"s":{"0":13,"1":1,"2":1,"3":1,"4":0,"5":0,"6":1,"7":1,"8":1,"9":0,"10":0,"11":0,"12":0,"13":0,"14":0,"15":0,"16":0,"17":0,"18":0,"19":3,"20":3,"21":3,"22":1,"23":2,"24":2,"25":1,"26":1,"27":1,"28":13},"f":{"0":1,"1":1,"2":0,"3":3},"b":{"0":[0,0],"1":[1,2]},"_coverageSchema":"1a1c01bbd47fc00a2c39e90264f33305004495a9","hash":"7c237cb295d684a427578f86ef22b23798e28dcc"}
,"C:\\Users\\ASUS\\source\\repos\\localcode\\cidade-mais\\src\\controllers\\post.controller.js": {"path":"C:\\Users\\ASUS\\source\\repos\\localcode\\cidade-mais\\src\\controllers\\post.controller.js","statementMap":{"0":{"start":{"line":1,"column":20},"end":{"line":1,"column":55}},"1":{"start":{"line":5,"column":2},"end":{"line":33,"column":3}},"2":{"start":{"line":6,"column":26},"end":{"line":6,"column":54}},"3":{"start":{"line":7,"column":4},"end":{"line":9,"column":5}},"4":{"start":{"line":8,"column":6},"end":{"line":8,"column":90}},"5":{"start":{"line":12,"column":42},"end":{"line":12,"column":50}},"6":{"start":{"line":14,"column":21},"end":{"line":14,"column":25}},"7":{"start":{"line":15,"column":4},"end":{"line":17,"column":5}},"8":{"start":{"line":16,"column":6},"end":{"line":16,"column":73}},"9":{"start":{"line":22,"column":17},"end":{"line":27,"column":6}},"10":{"start":{"line":29,"column":4},"end":{"line":29,"column":38}},"11":{"start":{"line":31,"column":4},"end":{"line":31,"column":46}},"12":{"start":{"line":32,"column":4},"end":{"line":32,"column":88}},"13":{"start":{"line":38,"column":2},"end":{"line":44,"column":3}},"14":{"start":{"line":39,"column":18},"end":{"line":39,"column":49}},"15":{"start":{"line":40,"column":4},"end":{"line":40,"column":32}},"16":{"start":{"line":42,"column":4},"end":{"line":42,"column":50}},"17":{"start":{"line":43,"column":4},"end":{"line":43,"column":91}},"18":{"start":{"line":49,"column":20},"end":{"line":49,"column":48}},"19":{"start":{"line":50,"column":2},"end":{"line":52,"column":3}},"20":{"start":{"line":51,"column":4},"end":{"line":51,"column":82}},"21":{"start":{"line":53,"column":2},"end":{"line":59,"column":3}},"22":{"start":{"line":54,"column":18},"end":{"line":54,"column":62}},"23":{"start":{"line":55,"column":4},"end":{"line":55,"column":32}},"24":{"start":{"line":57,"column":4},"end":{"line":57,"column":60}},"25":{"start":{"line":58,"column":4},"end":{"line":58,"column":101}},"26":{"start":{"line":64,"column":18},"end":{"line":64,"column":44}},"27":{"start":{"line":65,"column":2},"end":{"line":67,"column":3}},"28":{"start":{"line":66,"column":4},"end":{"line":66,"column":80}},"29":{"start":{"line":68,"column":21},"end":{"line":68,"column":29}},"30":{"start":{"line":69,"column":2},"end":{"line":75,"column":3}},"31":{"start":{"line":70,"column":23},"end":{"line":70,"column":77}},"32":{"start":{"line":71,"column":4},"end":{"line":71,"column":37}},"33":{"start":{"line":73,"column":4},"end":{"line":73,"column":52}},"34":{"start":{"line":74,"column":4},"end":{"line":74,"column":90}},"35":{"start":{"line":81,"column":20},"end":{"line":81,"column":48}},"36":{"start":{"line":82,"column":2},"end":{"line":84,"column":3}},"37":{"start":{"line":83,"column":4},"end":{"line":83,"column":98}},"38":{"start":{"line":86,"column":2},"end":{"line":92,"column":3}},"39":{"start":{"line":87,"column":18},"end":{"line":87,"column":60}},"40":{"start":{"line":88,"column":4},"end":{"line":88,"column":32}},"41":{"start":{"line":90,"column":4},"end":{"line":90,"column":60}},"42":{"start":{"line":91,"column":4},"end":{"line":91,"column":101}},"43":{"start":{"line":97,"column":24},"end":{"line":97,"column":51}},"44":{"start":{"line":98,"column":2},"end":{"line":104,"column":3}},"45":{"start":{"line":99,"column":18},"end":{"line":99,"column":68}},"46":{"start":{"line":100,"column":4},"end":{"line":100,"column":32}},"47":{"start":{"line":102,"column":4},"end":{"line":102,"column":60}},"48":{"start":{"line":103,"column":4},"end":{"line":103,"column":101}},"49":{"start":{"line":109,"column":24},"end":{"line":109,"column":51}},"50":{"start":{"line":110,"column":2},"end":{"line":116,"column":3}},"51":{"start":{"line":111,"column":18},"end":{"line":111,"column":68}},"52":{"start":{"line":112,"column":4},"end":{"line":112,"column":32}},"53":{"start":{"line":114,"column":4},"end":{"line":114,"column":60}},"54":{"start":{"line":115,"column":4},"end":{"line":115,"column":101}},"55":{"start":{"line":121,"column":2},"end":{"line":145,"column":3}},"56":{"start":{"line":122,"column":20},"end":{"line":122,"column":46}},"57":{"start":{"line":123,"column":4},"end":{"line":125,"column":5}},"58":{"start":{"line":124,"column":6},"end":{"line":124,"column":65}},"59":{"start":{"line":127,"column":29},"end":{"line":127,"column":37}},"60":{"start":{"line":128,"column":21},"end":{"line":128,"column":30}},"61":{"start":{"line":130,"column":4},"end":{"line":132,"column":5}},"62":{"start":{"line":131,"column":6},"end":{"line":131,"column":50}},"63":{"start":{"line":134,"column":24},"end":{"line":134,"column":101}},"64":{"start":{"line":136,"column":4},"end":{"line":138,"column":5}},"65":{"start":{"line":137,"column":6},"end":{"line":137,"column":68}},"66":{"start":{"line":140,"column":4},"end":{"line":140,"column":38}},"67":{"start":{"line":143,"column":4},"end":{"line":143,"column":52}},"68":{"start":{"line":144,"column":4},"end":{"line":144,"column":95}},"69":{"start":{"line":150,"column":24},"end":{"line":150,"column":51}},"70":{"start":{"line":151,"column":2},"end":{"line":157,"column":3}},"71":{"start":{"line":152,"column":17},"end":{"line":152,"column":73}},"72":{"start":{"line":153,"column":4},"end":{"line":153,"column":31}},"73":{"start":{"line":155,"column":4},"end":{"line":155,"column":49}},"74":{"start":{"line":156,"column":4},"end":{"line":156,"column":84}},"75":{"start":{"line":161,"column":2},"end":{"line":171,"column":3}},"76":{"start":{"line":162,"column":20},"end":{"line":162,"column":46}},"77":{"start":{"line":163,"column":4},"end":{"line":165,"column":5}},"78":{"start":{"line":164,"column":6},"end":{"line":164,"column":65}},"79":{"start":{"line":166,"column":4},"end":{"line":166,"column":42}},"80":{"start":{"line":167,"column":4},"end":{"line":167,"column":74}},"81":{"start":{"line":169,"column":4},"end":{"line":169,"column":57}},"82":{"start":{"line":170,"column":4},"end":{"line":170,"column":92}},"83":{"start":{"line":174,"column":0},"end":{"line":175,"column":2}}},"fnMap":{"0":{"name":"createPost","decl":{"start":{"line":4,"column":15},"end":{"line":4,"column":25}},"loc":{"start":{"line":4,"column":36},"end":{"line":34,"column":1}},"line":4},"1":{"name":"getAllPosts","decl":{"start":{"line":37,"column":15},"end":{"line":37,"column":26}},"loc":{"start":{"line":37,"column":37},"end":{"line":45,"column":1}},"line":37},"2":{"name":"getPostsPendente","decl":{"start":{"line":48,"column":15},"end":{"line":48,"column":31}},"loc":{"start":{"line":48,"column":42},"end":{"line":60,"column":1}},"line":48},"3":{"name":"atualizarEstadoPost","decl":{"start":{"line":63,"column":15},"end":{"line":63,"column":34}},"loc":{"start":{"line":63,"column":45},"end":{"line":76,"column":1}},"line":63},"4":{"name":"getPostPagina","decl":{"start":{"line":79,"column":15},"end":{"line":79,"column":28}},"loc":{"start":{"line":79,"column":39},"end":{"line":93,"column":1}},"line":79},"5":{"name":"getPostsAprovados","decl":{"start":{"line":96,"column":15},"end":{"line":96,"column":32}},"loc":{"start":{"line":96,"column":43},"end":{"line":105,"column":1}},"line":96},"6":{"name":"getPostsRecusados","decl":{"start":{"line":108,"column":15},"end":{"line":108,"column":32}},"loc":{"start":{"line":108,"column":43},"end":{"line":117,"column":1}},"line":108},"7":{"name":"alterarInformacoesPost","decl":{"start":{"line":120,"column":15},"end":{"line":120,"column":37}},"loc":{"start":{"line":120,"column":48},"end":{"line":146,"column":1}},"line":120},"8":{"name":"getPostsPaginasSeguidas","decl":{"start":{"line":149,"column":15},"end":{"line":149,"column":38}},"loc":{"start":{"line":149,"column":49},"end":{"line":158,"column":1}},"line":149},"9":{"name":"deletePost","decl":{"start":{"line":160,"column":15},"end":{"line":160,"column":25}},"loc":{"start":{"line":160,"column":36},"end":{"line":172,"column":1}},"line":160}},"branchMap":{"0":{"loc":{"start":{"line":7,"column":4},"end":{"line":9,"column":5}},"type":"if","locations":[{"start":{"line":7,"column":4},"end":{"line":9,"column":5}},{"start":{},"end":{}}],"line":7},"1":{"loc":{"start":{"line":15,"column":4},"end":{"line":17,"column":5}},"type":"if","locations":[{"start":{"line":15,"column":4},"end":{"line":17,"column":5}},{"start":{},"end":{}}],"line":15},"2":{"loc":{"start":{"line":50,"column":2},"end":{"line":52,"column":3}},"type":"if","locations":[{"start":{"line":50,"column":2},"end":{"line":52,"column":3}},{"start":{},"end":{}}],"line":50},"3":{"loc":{"start":{"line":65,"column":2},"end":{"line":67,"column":3}},"type":"if","locations":[{"start":{"line":65,"column":2},"end":{"line":67,"column":3}},{"start":{},"end":{}}],"line":65},"4":{"loc":{"start":{"line":82,"column":2},"end":{"line":84,"column":3}},"type":"if","locations":[{"start":{"line":82,"column":2},"end":{"line":84,"column":3}},{"start":{},"end":{}}],"line":82},"5":{"loc":{"start":{"line":123,"column":4},"end":{"line":125,"column":5}},"type":"if","locations":[{"start":{"line":123,"column":4},"end":{"line":125,"column":5}},{"start":{},"end":{}}],"line":123},"6":{"loc":{"start":{"line":130,"column":4},"end":{"line":132,"column":5}},"type":"if","locations":[{"start":{"line":130,"column":4},"end":{"line":132,"column":5}},{"start":{},"end":{}}],"line":130},"7":{"loc":{"start":{"line":136,"column":4},"end":{"line":138,"column":5}},"type":"if","locations":[{"start":{"line":136,"column":4},"end":{"line":138,"column":5}},{"start":{},"end":{}}],"line":136},"8":{"loc":{"start":{"line":163,"column":4},"end":{"line":165,"column":5}},"type":"if","locations":[{"start":{"line":163,"column":4},"end":{"line":165,"column":5}},{"start":{},"end":{}}],"line":163}},"s":{"0":13,"1":2,"2":2,"3":2,"4":0,"5":2,"6":2,"7":2,"8":1,"9":2,"10":2,"11":0,"12":0,"13":0,"14":0,"15":0,"16":0,"17":0,"18":1,"19":1,"20":0,"21":1,"22":1,"23":1,"24":0,"25":0,"26":2,"27":2,"28":0,"29":2,"30":2,"31":2,"32":2,"33":0,"34":0,"35":0,"36":0,"37":0,"38":0,"39":0,"40":0,"41":0,"42":0,"43":1,"44":1,"45":1,"46":1,"47":0,"48":0,"49":0,"50":0,"51":0,"52":0,"53":0,"54":0,"55":1,"56":1,"57":1,"58":0,"59":1,"60":1,"61":1,"62":1,"63":1,"64":1,"65":0,"66":1,"67":0,"68":0,"69":1,"70":1,"71":1,"72":0,"73":1,"74":1,"75":0,"76":0,"77":0,"78":0,"79":0,"80":0,"81":0,"82":0,"83":13},"f":{"0":2,"1":0,"2":1,"3":2,"4":0,"5":1,"6":0,"7":1,"8":1,"9":0},"b":{"0":[0,2],"1":[1,1],"2":[0,1],"3":[0,2],"4":[0,0],"5":[0,1],"6":[1,0],"7":[0,1],"8":[0,0]},"_coverageSchema":"1a1c01bbd47fc00a2c39e90264f33305004495a9","hash":"e98b892bbfbe5f9fba3c8d0eb3ab0599ed31df58"}
,"C:\\Users\\ASUS\\source\\repos\\localcode\\cidade-mais\\src\\controllers\\respostaTicket.controller.js": {"path":"C:\\Users\\ASUS\\source\\repos\\localcode\\cidade-mais\\src\\controllers\\respostaTicket.controller.js","statementMap":{"0":{"start":{"line":1,"column":24},"end":{"line":1,"column":69}},"1":{"start":{"line":5,"column":4},"end":{"line":11,"column":5}},"2":{"start":{"line":6,"column":25},"end":{"line":6,"column":71}},"3":{"start":{"line":7,"column":8},"end":{"line":7,"column":39}},"4":{"start":{"line":9,"column":8},"end":{"line":9,"column":70}},"5":{"start":{"line":10,"column":8},"end":{"line":10,"column":106}},"6":{"start":{"line":16,"column":4},"end":{"line":22,"column":5}},"7":{"start":{"line":17,"column":26},"end":{"line":17,"column":65}},"8":{"start":{"line":18,"column":8},"end":{"line":18,"column":28}},"9":{"start":{"line":20,"column":8},"end":{"line":20,"column":72}},"10":{"start":{"line":21,"column":8},"end":{"line":21,"column":107}},"11":{"start":{"line":27,"column":26},"end":{"line":27,"column":53}},"12":{"start":{"line":28,"column":26},"end":{"line":28,"column":36}},"13":{"start":{"line":30,"column":4},"end":{"line":32,"column":5}},"14":{"start":{"line":31,"column":8},"end":{"line":31,"column":86}},"15":{"start":{"line":34,"column":4},"end":{"line":43,"column":5}},"16":{"start":{"line":35,"column":26},"end":{"line":35,"column":115}},"17":{"start":{"line":36,"column":8},"end":{"line":36,"column":28}},"18":{"start":{"line":38,"column":8},"end":{"line":38,"column":73}},"19":{"start":{"line":39,"column":8},"end":{"line":42,"column":11}},"20":{"start":{"line":46,"column":0},"end":{"line":46,"column":80}}},"fnMap":{"0":{"name":"createResposta","decl":{"start":{"line":4,"column":15},"end":{"line":4,"column":29}},"loc":{"start":{"line":4,"column":40},"end":{"line":12,"column":1}},"line":4},"1":{"name":"getAllRespostas","decl":{"start":{"line":15,"column":15},"end":{"line":15,"column":30}},"loc":{"start":{"line":15,"column":41},"end":{"line":23,"column":1}},"line":15},"2":{"name":"getRespostasPorUtilizador","decl":{"start":{"line":25,"column":15},"end":{"line":25,"column":40}},"loc":{"start":{"line":25,"column":51},"end":{"line":44,"column":1}},"line":25}},"branchMap":{"0":{"loc":{"start":{"line":30,"column":4},"end":{"line":32,"column":5}},"type":"if","locations":[{"start":{"line":30,"column":4},"end":{"line":32,"column":5}},{"start":{},"end":{}}],"line":30},"1":{"loc":{"start":{"line":30,"column":8},"end":{"line":30,"column":36}},"type":"binary-expr","locations":[{"start":{"line":30,"column":8},"end":{"line":30,"column":22}},{"start":{"line":30,"column":26},"end":{"line":30,"column":36}}],"line":30}},"s":{"0":13,"1":4,"2":4,"3":3,"4":1,"5":1,"6":1,"7":1,"8":1,"9":0,"10":0,"11":1,"12":1,"13":1,"14":0,"15":1,"16":1,"17":1,"18":0,"19":0,"20":13},"f":{"0":4,"1":1,"2":1},"b":{"0":[0,1],"1":[1,1]},"_coverageSchema":"1a1c01bbd47fc00a2c39e90264f33305004495a9","hash":"bc2bbc0b8b8d605b59331264c2e9bb66dfb3cc14"}
,"C:\\Users\\ASUS\\source\\repos\\localcode\\cidade-mais\\src\\controllers\\seguidoresPagina.controller.js": {"path":"C:\\Users\\ASUS\\source\\repos\\localcode\\cidade-mais\\src\\controllers\\seguidoresPagina.controller.js","statementMap":{"0":{"start":{"line":1,"column":26},"end":{"line":1,"column":73}},"1":{"start":{"line":2,"column":20},"end":{"line":2,"column":55}},"2":{"start":{"line":6,"column":26},"end":{"line":6,"column":54}},"3":{"start":{"line":8,"column":4},"end":{"line":10,"column":5}},"4":{"start":{"line":9,"column":8},"end":{"line":9,"column":92}},"5":{"start":{"line":12,"column":26},"end":{"line":15,"column":5}},"6":{"start":{"line":17,"column":4},"end":{"line":23,"column":5}},"7":{"start":{"line":18,"column":29},"end":{"line":18,"column":82}},"8":{"start":{"line":19,"column":8},"end":{"line":19,"column":43}},"9":{"start":{"line":21,"column":8},"end":{"line":21,"column":56}},"10":{"start":{"line":22,"column":8},"end":{"line":22,"column":91}},"11":{"start":{"line":28,"column":4},"end":{"line":34,"column":5}},"12":{"start":{"line":29,"column":27},"end":{"line":29,"column":69}},"13":{"start":{"line":30,"column":8},"end":{"line":30,"column":29}},"14":{"start":{"line":32,"column":8},"end":{"line":32,"column":59}},"15":{"start":{"line":33,"column":8},"end":{"line":33,"column":94}},"16":{"start":{"line":38,"column":25},"end":{"line":38,"column":57}},"17":{"start":{"line":39,"column":4},"end":{"line":41,"column":5}},"18":{"start":{"line":40,"column":6},"end":{"line":40,"column":61}},"19":{"start":{"line":43,"column":4},"end":{"line":53,"column":5}},"20":{"start":{"line":44,"column":25},"end":{"line":44,"column":81}},"21":{"start":{"line":45,"column":22},"end":{"line":47,"column":31}},"22":{"start":{"line":46,"column":18},"end":{"line":46,"column":36}},"23":{"start":{"line":47,"column":21},"end":{"line":47,"column":30}},"24":{"start":{"line":49,"column":6},"end":{"line":49,"column":24}},"25":{"start":{"line":51,"column":6},"end":{"line":51,"column":45}},"26":{"start":{"line":52,"column":6},"end":{"line":52,"column":53}},"27":{"start":{"line":57,"column":41},"end":{"line":57,"column":49}},"28":{"start":{"line":59,"column":4},"end":{"line":65,"column":5}},"29":{"start":{"line":60,"column":32},"end":{"line":60,"column":93}},"30":{"start":{"line":61,"column":8},"end":{"line":61,"column":76}},"31":{"start":{"line":63,"column":8},"end":{"line":63,"column":57}},"32":{"start":{"line":64,"column":8},"end":{"line":64,"column":92}},"33":{"start":{"line":67,"column":0},"end":{"line":67,"column":86}}},"fnMap":{"0":{"name":"createSeguidor","decl":{"start":{"line":5,"column":15},"end":{"line":5,"column":29}},"loc":{"start":{"line":5,"column":40},"end":{"line":24,"column":1}},"line":5},"1":{"name":"getAllSeguidores","decl":{"start":{"line":27,"column":15},"end":{"line":27,"column":31}},"loc":{"start":{"line":27,"column":42},"end":{"line":35,"column":1}},"line":27},"2":{"name":"getPaginasSeguidas","decl":{"start":{"line":37,"column":15},"end":{"line":37,"column":33}},"loc":{"start":{"line":37,"column":44},"end":{"line":54,"column":3}},"line":37},"3":{"name":"(anonymous_3)","decl":{"start":{"line":46,"column":13},"end":{"line":46,"column":14}},"loc":{"start":{"line":46,"column":18},"end":{"line":46,"column":36}},"line":46},"4":{"name":"(anonymous_4)","decl":{"start":{"line":47,"column":16},"end":{"line":47,"column":17}},"loc":{"start":{"line":47,"column":21},"end":{"line":47,"column":30}},"line":47},"5":{"name":"pararSeguir","decl":{"start":{"line":56,"column":15},"end":{"line":56,"column":26}},"loc":{"start":{"line":56,"column":37},"end":{"line":66,"column":1}},"line":56}},"branchMap":{"0":{"loc":{"start":{"line":8,"column":4},"end":{"line":10,"column":5}},"type":"if","locations":[{"start":{"line":8,"column":4},"end":{"line":10,"column":5}},{"start":{},"end":{}}],"line":8},"1":{"loc":{"start":{"line":39,"column":4},"end":{"line":41,"column":5}},"type":"if","locations":[{"start":{"line":39,"column":4},"end":{"line":41,"column":5}},{"start":{},"end":{}}],"line":39}},"s":{"0":13,"1":13,"2":1,"3":1,"4":0,"5":1,"6":1,"7":1,"8":1,"9":0,"10":0,"11":2,"12":2,"13":2,"14":0,"15":0,"16":2,"17":2,"18":1,"19":1,"20":1,"21":1,"22":1,"23":1,"24":1,"25":0,"26":0,"27":1,"28":1,"29":1,"30":1,"31":0,"32":0,"33":13},"f":{"0":1,"1":2,"2":2,"3":1,"4":1,"5":1},"b":{"0":[0,1],"1":[1,1]},"_coverageSchema":"1a1c01bbd47fc00a2c39e90264f33305004495a9","hash":"f799e49982cffb0b140782dc539bb22607a8e0d5"}
,"C:\\Users\\ASUS\\source\\repos\\localcode\\cidade-mais\\src\\controllers\\ticket.controller.js": {"path":"C:\\Users\\ASUS\\source\\repos\\localcode\\cidade-mais\\src\\controllers\\ticket.controller.js","statementMap":{"0":{"start":{"line":1,"column":22},"end":{"line":1,"column":59}},"1":{"start":{"line":2,"column":28},"end":{"line":2,"column":71}},"2":{"start":{"line":6,"column":4},"end":{"line":19,"column":5}},"3":{"start":{"line":7,"column":39},"end":{"line":7,"column":47}},"4":{"start":{"line":10,"column":8},"end":{"line":12,"column":9}},"5":{"start":{"line":11,"column":12},"end":{"line":11,"column":98}},"6":{"start":{"line":14,"column":23},"end":{"line":14,"column":65}},"7":{"start":{"line":15,"column":8},"end":{"line":15,"column":37}},"8":{"start":{"line":17,"column":8},"end":{"line":17,"column":54}},"9":{"start":{"line":18,"column":8},"end":{"line":18,"column":89}},"10":{"start":{"line":24,"column":4},"end":{"line":30,"column":5}},"11":{"start":{"line":25,"column":24},"end":{"line":25,"column":59}},"12":{"start":{"line":26,"column":8},"end":{"line":26,"column":26}},"13":{"start":{"line":28,"column":8},"end":{"line":28,"column":56}},"14":{"start":{"line":29,"column":8},"end":{"line":29,"column":91}},"15":{"start":{"line":34,"column":4},"end":{"line":44,"column":5}},"16":{"start":{"line":35,"column":30},"end":{"line":35,"column":40}},"17":{"start":{"line":36,"column":6},"end":{"line":38,"column":7}},"18":{"start":{"line":37,"column":8},"end":{"line":37,"column":74}},"19":{"start":{"line":39,"column":22},"end":{"line":39,"column":82}},"20":{"start":{"line":40,"column":6},"end":{"line":40,"column":24}},"21":{"start":{"line":42,"column":6},"end":{"line":42,"column":62}},"22":{"start":{"line":43,"column":6},"end":{"line":43,"column":97}},"23":{"start":{"line":48,"column":4},"end":{"line":58,"column":5}},"24":{"start":{"line":49,"column":30},"end":{"line":49,"column":40}},"25":{"start":{"line":50,"column":6},"end":{"line":52,"column":7}},"26":{"start":{"line":51,"column":8},"end":{"line":51,"column":74}},"27":{"start":{"line":53,"column":22},"end":{"line":53,"column":78}},"28":{"start":{"line":54,"column":6},"end":{"line":54,"column":24}},"29":{"start":{"line":56,"column":6},"end":{"line":56,"column":64}},"30":{"start":{"line":57,"column":6},"end":{"line":57,"column":99}},"31":{"start":{"line":64,"column":4},"end":{"line":71,"column":5}},"32":{"start":{"line":65,"column":28},"end":{"line":65,"column":55}},"33":{"start":{"line":66,"column":22},"end":{"line":66,"column":72}},"34":{"start":{"line":67,"column":6},"end":{"line":67,"column":24}},"35":{"start":{"line":69,"column":6},"end":{"line":69,"column":62}},"36":{"start":{"line":70,"column":6},"end":{"line":70,"column":97}},"37":{"start":{"line":76,"column":4},"end":{"line":83,"column":5}},"38":{"start":{"line":77,"column":30},"end":{"line":77,"column":57}},"39":{"start":{"line":78,"column":24},"end":{"line":78,"column":75}},"40":{"start":{"line":79,"column":8},"end":{"line":79,"column":26}},"41":{"start":{"line":81,"column":8},"end":{"line":81,"column":65}},"42":{"start":{"line":82,"column":8},"end":{"line":82,"column":100}},"43":{"start":{"line":87,"column":4},"end":{"line":107,"column":5}},"44":{"start":{"line":89,"column":30},"end":{"line":89,"column":40}},"45":{"start":{"line":92,"column":31},"end":{"line":92,"column":48}},"46":{"start":{"line":95,"column":8},"end":{"line":97,"column":9}},"47":{"start":{"line":96,"column":12},"end":{"line":96,"column":90}},"48":{"start":{"line":99,"column":24},"end":{"line":99,"column":32}},"49":{"start":{"line":102,"column":23},"end":{"line":102,"column":85}},"50":{"start":{"line":103,"column":8},"end":{"line":103,"column":25}},"51":{"start":{"line":105,"column":8},"end":{"line":105,"column":27}},"52":{"start":{"line":106,"column":8},"end":{"line":106,"column":78}},"53":{"start":{"line":111,"column":26},"end":{"line":111,"column":36}},"54":{"start":{"line":112,"column":21},"end":{"line":112,"column":38}},"55":{"start":{"line":113,"column":35},"end":{"line":113,"column":43}},"56":{"start":{"line":115,"column":4},"end":{"line":117,"column":5}},"57":{"start":{"line":116,"column":8},"end":{"line":116,"column":97}},"58":{"start":{"line":119,"column":4},"end":{"line":132,"column":5}},"59":{"start":{"line":120,"column":31},"end":{"line":120,"column":94}},"60":{"start":{"line":121,"column":8},"end":{"line":124,"column":11}},"61":{"start":{"line":126,"column":8},"end":{"line":126,"column":71}},"62":{"start":{"line":128,"column":8},"end":{"line":131,"column":11}},"63":{"start":{"line":136,"column":4},"end":{"line":143,"column":5}},"64":{"start":{"line":137,"column":17},"end":{"line":137,"column":45}},"65":{"start":{"line":138,"column":6},"end":{"line":138,"column":43}},"66":{"start":{"line":139,"column":6},"end":{"line":139,"column":29}},"67":{"start":{"line":141,"column":6},"end":{"line":141,"column":53}},"68":{"start":{"line":142,"column":6},"end":{"line":142,"column":63}},"69":{"start":{"line":147,"column":0},"end":{"line":147,"column":176}}},"fnMap":{"0":{"name":"createTicket","decl":{"start":{"line":5,"column":15},"end":{"line":5,"column":27}},"loc":{"start":{"line":5,"column":38},"end":{"line":20,"column":1}},"line":5},"1":{"name":"getAllTickets","decl":{"start":{"line":23,"column":15},"end":{"line":23,"column":28}},"loc":{"start":{"line":23,"column":39},"end":{"line":31,"column":1}},"line":23},"2":{"name":"getTicketAbertoPagina","decl":{"start":{"line":33,"column":15},"end":{"line":33,"column":36}},"loc":{"start":{"line":33,"column":47},"end":{"line":45,"column":3}},"line":33},"3":{"name":"getTicketPendente","decl":{"start":{"line":47,"column":15},"end":{"line":47,"column":32}},"loc":{"start":{"line":47,"column":43},"end":{"line":59,"column":3}},"line":47},"4":{"name":"getTicketAberto","decl":{"start":{"line":63,"column":15},"end":{"line":63,"column":30}},"loc":{"start":{"line":63,"column":41},"end":{"line":72,"column":3}},"line":63},"5":{"name":"getTicketFechado","decl":{"start":{"line":75,"column":15},"end":{"line":75,"column":31}},"loc":{"start":{"line":75,"column":42},"end":{"line":84,"column":1}},"line":75},"6":{"name":"atualizarEstadoTicket","decl":{"start":{"line":86,"column":15},"end":{"line":86,"column":36}},"loc":{"start":{"line":86,"column":47},"end":{"line":108,"column":1}},"line":86},"7":{"name":"alterarTicket","decl":{"start":{"line":110,"column":15},"end":{"line":110,"column":28}},"loc":{"start":{"line":110,"column":39},"end":{"line":133,"column":1}},"line":110},"8":{"name":"deleteTicket","decl":{"start":{"line":135,"column":15},"end":{"line":135,"column":27}},"loc":{"start":{"line":135,"column":38},"end":{"line":144,"column":3}},"line":135}},"branchMap":{"0":{"loc":{"start":{"line":10,"column":8},"end":{"line":12,"column":9}},"type":"if","locations":[{"start":{"line":10,"column":8},"end":{"line":12,"column":9}},{"start":{},"end":{}}],"line":10},"1":{"loc":{"start":{"line":10,"column":12},"end":{"line":10,"column":67}},"type":"binary-expr","locations":[{"start":{"line":10,"column":12},"end":{"line":10,"column":31}},{"start":{"line":10,"column":35},"end":{"line":10,"column":67}}],"line":10},"2":{"loc":{"start":{"line":36,"column":6},"end":{"line":38,"column":7}},"type":"if","locations":[{"start":{"line":36,"column":6},"end":{"line":38,"column":7}},{"start":{},"end":{}}],"line":36},"3":{"loc":{"start":{"line":50,"column":6},"end":{"line":52,"column":7}},"type":"if","locations":[{"start":{"line":50,"column":6},"end":{"line":52,"column":7}},{"start":{},"end":{}}],"line":50},"4":{"loc":{"start":{"line":95,"column":8},"end":{"line":97,"column":9}},"type":"if","locations":[{"start":{"line":95,"column":8},"end":{"line":97,"column":9}},{"start":{},"end":{}}],"line":95},"5":{"loc":{"start":{"line":115,"column":4},"end":{"line":117,"column":5}},"type":"if","locations":[{"start":{"line":115,"column":4},"end":{"line":117,"column":5}},{"start":{},"end":{}}],"line":115}},"s":{"0":13,"1":13,"2":2,"3":2,"4":2,"5":1,"6":1,"7":1,"8":0,"9":0,"10":1,"11":1,"12":1,"13":0,"14":0,"15":0,"16":0,"17":0,"18":0,"19":0,"20":0,"21":0,"22":0,"23":1,"24":1,"25":1,"26":0,"27":1,"28":1,"29":0,"30":0,"31":1,"32":1,"33":1,"34":1,"35":0,"36":0,"37":1,"38":1,"39":1,"40":1,"41":0,"42":0,"43":1,"44":1,"45":1,"46":1,"47":0,"48":1,"49":1,"50":1,"51":0,"52":0,"53":2,"54":2,"55":2,"56":2,"57":1,"58":1,"59":1,"60":1,"61":0,"62":0,"63":0,"64":0,"65":0,"66":0,"67":0,"68":0,"69":13},"f":{"0":2,"1":1,"2":0,"3":1,"4":1,"5":1,"6":1,"7":2,"8":0},"b":{"0":[1,1],"1":[2,1],"2":[0,0],"3":[0,1],"4":[0,1],"5":[1,1]},"_coverageSchema":"1a1c01bbd47fc00a2c39e90264f33305004495a9","hash":"2f9c72e9fa0a6c629e2205dd0efafe65e48d084a"}
,"C:\\Users\\ASUS\\source\\repos\\localcode\\cidade-mais\\src\\controllers\\utilizador.controller.js": {"path":"C:\\Users\\ASUS\\source\\repos\\localcode\\cidade-mais\\src\\controllers\\utilizador.controller.js","statementMap":{"0":{"start":{"line":1,"column":26},"end":{"line":1,"column":67}},"1":{"start":{"line":5,"column":4},"end":{"line":48,"column":5}},"2":{"start":{"line":6,"column":59},"end":{"line":6,"column":67}},"3":{"start":{"line":8,"column":8},"end":{"line":10,"column":9}},"4":{"start":{"line":9,"column":12},"end":{"line":9,"column":84}},"5":{"start":{"line":12,"column":8},"end":{"line":14,"column":9}},"6":{"start":{"line":13,"column":12},"end":{"line":13,"column":82}},"7":{"start":{"line":16,"column":8},"end":{"line":18,"column":9}},"8":{"start":{"line":17,"column":12},"end":{"line":17,"column":101}},"9":{"start":{"line":20,"column":27},"end":{"line":20,"column":52}},"10":{"start":{"line":21,"column":8},"end":{"line":23,"column":9}},"11":{"start":{"line":22,"column":12},"end":{"line":22,"column":83}},"12":{"start":{"line":25,"column":21},"end":{"line":25,"column":31}},"13":{"start":{"line":26,"column":8},"end":{"line":26,"column":34}},"14":{"start":{"line":27,"column":8},"end":{"line":29,"column":9}},"15":{"start":{"line":28,"column":12},"end":{"line":28,"column":99}},"16":{"start":{"line":31,"column":27},"end":{"line":36,"column":10}},"17":{"start":{"line":38,"column":8},"end":{"line":38,"column":41}},"18":{"start":{"line":40,"column":8},"end":{"line":40,"column":58}},"19":{"start":{"line":43,"column":8},"end":{"line":45,"column":9}},"20":{"start":{"line":44,"column":12},"end":{"line":44,"column":76}},"21":{"start":{"line":47,"column":8},"end":{"line":47,"column":93}},"22":{"start":{"line":55,"column":4},"end":{"line":61,"column":5}},"23":{"start":{"line":56,"column":29},"end":{"line":56,"column":73}},"24":{"start":{"line":57,"column":8},"end":{"line":57,"column":31}},"25":{"start":{"line":59,"column":8},"end":{"line":59,"column":59}},"26":{"start":{"line":60,"column":8},"end":{"line":60,"column":96}},"27":{"start":{"line":65,"column":28},"end":{"line":65,"column":36}},"28":{"start":{"line":66,"column":18},"end":{"line":66,"column":26}},"29":{"start":{"line":68,"column":4},"end":{"line":74,"column":5}},"30":{"start":{"line":69,"column":29},"end":{"line":69,"column":88}},"31":{"start":{"line":70,"column":8},"end":{"line":70,"column":31}},"32":{"start":{"line":72,"column":8},"end":{"line":72,"column":59}},"33":{"start":{"line":73,"column":8},"end":{"line":73,"column":96}},"34":{"start":{"line":77,"column":0},"end":{"line":77,"column":82}}},"fnMap":{"0":{"name":"createUtilizador","decl":{"start":{"line":4,"column":15},"end":{"line":4,"column":31}},"loc":{"start":{"line":4,"column":42},"end":{"line":49,"column":1}},"line":4},"1":{"name":"getAllUtilizadores","decl":{"start":{"line":54,"column":15},"end":{"line":54,"column":33}},"loc":{"start":{"line":54,"column":44},"end":{"line":62,"column":1}},"line":54},"2":{"name":"alterarTipoUtilizadores","decl":{"start":{"line":64,"column":15},"end":{"line":64,"column":38}},"loc":{"start":{"line":64,"column":49},"end":{"line":75,"column":1}},"line":64}},"branchMap":{"0":{"loc":{"start":{"line":8,"column":8},"end":{"line":10,"column":9}},"type":"if","locations":[{"start":{"line":8,"column":8},"end":{"line":10,"column":9}},{"start":{},"end":{}}],"line":8},"1":{"loc":{"start":{"line":8,"column":12},"end":{"line":8,"column":39}},"type":"binary-expr","locations":[{"start":{"line":8,"column":12},"end":{"line":8,"column":17}},{"start":{"line":8,"column":21},"end":{"line":8,"column":39}}],"line":8},"2":{"loc":{"start":{"line":12,"column":8},"end":{"line":14,"column":9}},"type":"if","locations":[{"start":{"line":12,"column":8},"end":{"line":14,"column":9}},{"start":{},"end":{}}],"line":12},"3":{"loc":{"start":{"line":12,"column":12},"end":{"line":12,"column":66}},"type":"binary-expr","locations":[{"start":{"line":12,"column":12},"end":{"line":12,"column":18}},{"start":{"line":12,"column":22},"end":{"line":12,"column":42}},{"start":{"line":12,"column":46},"end":{"line":12,"column":66}}],"line":12},"4":{"loc":{"start":{"line":16,"column":8},"end":{"line":18,"column":9}},"type":"if","locations":[{"start":{"line":16,"column":8},"end":{"line":18,"column":9}},{"start":{},"end":{}}],"line":16},"5":{"loc":{"start":{"line":16,"column":12},"end":{"line":16,"column":44}},"type":"binary-expr","locations":[{"start":{"line":16,"column":12},"end":{"line":16,"column":21}},{"start":{"line":16,"column":25},"end":{"line":16,"column":44}}],"line":16},"6":{"loc":{"start":{"line":21,"column":8},"end":{"line":23,"column":9}},"type":"if","locations":[{"start":{"line":21,"column":8},"end":{"line":23,"column":9}},{"start":{},"end":{}}],"line":21},"7":{"loc":{"start":{"line":21,"column":12},"end":{"line":21,"column":59}},"type":"binary-expr","locations":[{"start":{"line":21,"column":12},"end":{"line":21,"column":28}},{"start":{"line":21,"column":32},"end":{"line":21,"column":59}}],"line":21},"8":{"loc":{"start":{"line":27,"column":8},"end":{"line":29,"column":9}},"type":"if","locations":[{"start":{"line":27,"column":8},"end":{"line":29,"column":9}},{"start":{},"end":{}}],"line":27},"9":{"loc":{"start":{"line":43,"column":8},"end":{"line":45,"column":9}},"type":"if","locations":[{"start":{"line":43,"column":8},"end":{"line":45,"column":9}},{"start":{},"end":{}}],"line":43},"10":{"loc":{"start":{"line":43,"column":12},"end":{"line":43,"column":75}},"type":"binary-expr","locations":[{"start":{"line":43,"column":12},"end":{"line":43,"column":34}},{"start":{"line":43,"column":38},"end":{"line":43,"column":75}}],"line":43}},"s":{"0":13,"1":5,"2":5,"3":5,"4":1,"5":4,"6":0,"7":4,"8":0,"9":4,"10":4,"11":0,"12":4,"13":4,"14":4,"15":1,"16":3,"17":2,"18":1,"19":1,"20":1,"21":0,"22":1,"23":1,"24":1,"25":0,"26":0,"27":1,"28":1,"29":1,"30":1,"31":1,"32":0,"33":0,"34":13},"f":{"0":5,"1":1,"2":1},"b":{"0":[1,4],"1":[5,4],"2":[0,4],"3":[4,4,4],"4":[0,4],"5":[4,4],"6":[0,4],"7":[4,4],"8":[1,3],"9":[1,0],"10":[1,1]},"_coverageSchema":"1a1c01bbd47fc00a2c39e90264f33305004495a9","hash":"81b5981d3538291f4aab98db875fffcbc534533a"}
,"C:\\Users\\ASUS\\source\\repos\\localcode\\cidade-mais\\src\\middlewares\\autent.middleware.js": {"path":"C:\\Users\\ASUS\\source\\repos\\localcode\\cidade-mais\\src\\middlewares\\autent.middleware.js","statementMap":{"0":{"start":{"line":1,"column":12},"end":{"line":1,"column":35}},"1":{"start":{"line":2,"column":19},"end":{"line":2,"column":33}},"2":{"start":{"line":5,"column":23},"end":{"line":5,"column":48}},"3":{"start":{"line":6,"column":4},"end":{"line":6,"column":83}},"4":{"start":{"line":6,"column":21},"end":{"line":6,"column":83}},"5":{"start":{"line":8,"column":18},"end":{"line":8,"column":42}},"6":{"start":{"line":10,"column":4},"end":{"line":16,"column":5}},"7":{"start":{"line":11,"column":24},"end":{"line":11,"column":53}},"8":{"start":{"line":12,"column":8},"end":{"line":12,"column":33}},"9":{"start":{"line":13,"column":8},"end":{"line":13,"column":15}},"10":{"start":{"line":15,"column":8},"end":{"line":15,"column":65}},"11":{"start":{"line":20,"column":4},"end":{"line":28,"column":6}},"12":{"start":{"line":21,"column":25},"end":{"line":21,"column":39}},"13":{"start":{"line":22,"column":6},"end":{"line":26,"column":7}},"14":{"start":{"line":23,"column":8},"end":{"line":25,"column":11}},"15":{"start":{"line":27,"column":6},"end":{"line":27,"column":13}},"16":{"start":{"line":32,"column":0},"end":{"line":32,"column":42}}},"fnMap":{"0":{"name":"authenticate","decl":{"start":{"line":4,"column":9},"end":{"line":4,"column":21}},"loc":{"start":{"line":4,"column":38},"end":{"line":17,"column":1}},"line":4},"1":{"name":"authRole","decl":{"start":{"line":19,"column":9},"end":{"line":19,"column":17}},"loc":{"start":{"line":19,"column":28},"end":{"line":29,"column":3}},"line":19},"2":{"name":"(anonymous_2)","decl":{"start":{"line":20,"column":11},"end":{"line":20,"column":12}},"loc":{"start":{"line":20,"column":31},"end":{"line":28,"column":5}},"line":20}},"branchMap":{"0":{"loc":{"start":{"line":6,"column":4},"end":{"line":6,"column":83}},"type":"if","locations":[{"start":{"line":6,"column":4},"end":{"line":6,"column":83}},{"start":{},"end":{}}],"line":6},"1":{"loc":{"start":{"line":22,"column":6},"end":{"line":26,"column":7}},"type":"if","locations":[{"start":{"line":22,"column":6},"end":{"line":26,"column":7}},{"start":{},"end":{}}],"line":22}},"s":{"0":14,"1":14,"2":93,"3":93,"4":12,"5":81,"6":81,"7":81,"8":75,"9":75,"10":6,"11":41,"12":7,"13":7,"14":2,"15":5,"16":14},"f":{"0":93,"1":41,"2":7},"b":{"0":[12,81],"1":[2,5]},"_coverageSchema":"1a1c01bbd47fc00a2c39e90264f33305004495a9","hash":"9934e49b2fe1bc056da59f866043564c6cb998ce"}
,"C:\\Users\\ASUS\\source\\repos\\localcode\\cidade-mais\\src\\middlewares\\upload.middleware.js": {"path":"C:\\Users\\ASUS\\source\\repos\\localcode\\cidade-mais\\src\\middlewares\\upload.middleware.js","statementMap":{"0":{"start":{"line":1,"column":15},"end":{"line":1,"column":32}},"1":{"start":{"line":2,"column":32},"end":{"line":2,"column":65}},"2":{"start":{"line":4,"column":15},"end":{"line":4,"column":46}},"3":{"start":{"line":6,"column":0},"end":{"line":6,"column":24}}},"fnMap":{},"branchMap":{},"s":{"0":13,"1":13,"2":13,"3":13},"f":{},"b":{},"_coverageSchema":"1a1c01bbd47fc00a2c39e90264f33305004495a9","hash":"69221ced14d81c8c91bd07d10357f3a4a9e424e2"}
,"C:\\Users\\ASUS\\source\\repos\\localcode\\cidade-mais\\src\\middlewares\\verificacoes.middleware.js": {"path":"C:\\Users\\ASUS\\source\\repos\\localcode\\cidade-mais\\src\\middlewares\\verificacoes.middleware.js","statementMap":{"0":{"start":{"line":1,"column":25},"end":{"line":1,"column":50}},"1":{"start":{"line":2,"column":15},"end":{"line":2,"column":33}},"2":{"start":{"line":5,"column":24},"end":{"line":5,"column":32}},"3":{"start":{"line":6,"column":22},"end":{"line":6,"column":30}},"4":{"start":{"line":8,"column":4},"end":{"line":15,"column":5}},"5":{"start":{"line":10,"column":21},"end":{"line":10,"column":68}},"6":{"start":{"line":11,"column":8},"end":{"line":13,"column":9}},"7":{"start":{"line":12,"column":12},"end":{"line":12,"column":75}},"8":{"start":{"line":14,"column":8},"end":{"line":14,"column":35}},"9":{"start":{"line":18,"column":26},"end":{"line":18,"column":53}},"10":{"start":{"line":20,"column":4},"end":{"line":37,"column":5}},"11":{"start":{"line":21,"column":23},"end":{"line":26,"column":10}},"12":{"start":{"line":28,"column":8},"end":{"line":30,"column":9}},"13":{"start":{"line":29,"column":12},"end":{"line":29,"column":103}},"14":{"start":{"line":32,"column":8},"end":{"line":32,"column":15}},"15":{"start":{"line":35,"column":8},"end":{"line":35,"column":62}},"16":{"start":{"line":36,"column":8},"end":{"line":36,"column":87}},"17":{"start":{"line":41,"column":31},"end":{"line":41,"column":58}},"18":{"start":{"line":42,"column":28},"end":{"line":42,"column":36}},"19":{"start":{"line":45,"column":18},"end":{"line":45,"column":22}},"20":{"start":{"line":46,"column":20},"end":{"line":46,"column":24}},"21":{"start":{"line":47,"column":20},"end":{"line":47,"column":24}},"22":{"start":{"line":49,"column":4},"end":{"line":87,"column":5}},"23":{"start":{"line":50,"column":6},"end":{"line":74,"column":7}},"24":{"start":{"line":52,"column":8},"end":{"line":52,"column":77}},"25":{"start":{"line":54,"column":8},"end":{"line":54,"column":34}},"26":{"start":{"line":55,"column":8},"end":{"line":55,"column":38}},"27":{"start":{"line":56,"column":8},"end":{"line":56,"column":38}},"28":{"start":{"line":58,"column":8},"end":{"line":73,"column":9}},"29":{"start":{"line":59,"column":23},"end":{"line":59,"column":75}},"30":{"start":{"line":60,"column":10},"end":{"line":60,"column":83}},"31":{"start":{"line":60,"column":21},"end":{"line":60,"column":83}},"32":{"start":{"line":61,"column":10},"end":{"line":61,"column":45}},"33":{"start":{"line":62,"column":15},"end":{"line":73,"column":9}},"34":{"start":{"line":63,"column":25},"end":{"line":63,"column":88}},"35":{"start":{"line":64,"column":10},"end":{"line":64,"column":87}},"36":{"start":{"line":64,"column":23},"end":{"line":64,"column":87}},"37":{"start":{"line":65,"column":10},"end":{"line":65,"column":47}},"38":{"start":{"line":66,"column":15},"end":{"line":73,"column":9}},"39":{"start":{"line":67,"column":25},"end":{"line":67,"column":81}},"40":{"start":{"line":68,"column":10},"end":{"line":68,"column":87}},"41":{"start":{"line":68,"column":23},"end":{"line":68,"column":87}},"42":{"start":{"line":69,"column":10},"end":{"line":69,"column":47}},"43":{"start":{"line":72,"column":10},"end":{"line":72,"column":45}},"44":{"start":{"line":76,"column":6},"end":{"line":81,"column":7}},"45":{"start":{"line":77,"column":8},"end":{"line":80,"column":11}},"46":{"start":{"line":83,"column":6},"end":{"line":83,"column":13}},"47":{"start":{"line":85,"column":6},"end":{"line":85,"column":56}},"48":{"start":{"line":86,"column":6},"end":{"line":86,"column":87}},"49":{"start":{"line":92,"column":26},"end":{"line":92,"column":53}},"50":{"start":{"line":96,"column":4},"end":{"line":119,"column":5}},"51":{"start":{"line":97,"column":6},"end":{"line":97,"column":47}},"52":{"start":{"line":98,"column":6},"end":{"line":100,"column":7}},"53":{"start":{"line":99,"column":8},"end":{"line":99,"column":69}},"54":{"start":{"line":103,"column":35},"end":{"line":103,"column":65}},"55":{"start":{"line":106,"column":6},"end":{"line":118,"column":7}},"56":{"start":{"line":107,"column":8},"end":{"line":107,"column":34}},"57":{"start":{"line":108,"column":8},"end":{"line":108,"column":70}},"58":{"start":{"line":109,"column":8},"end":{"line":109,"column":83}},"59":{"start":{"line":109,"column":21},"end":{"line":109,"column":83}},"60":{"start":{"line":110,"column":8},"end":{"line":110,"column":37}},"61":{"start":{"line":111,"column":13},"end":{"line":118,"column":7}},"62":{"start":{"line":112,"column":8},"end":{"line":112,"column":38}},"63":{"start":{"line":113,"column":8},"end":{"line":113,"column":74}},"64":{"start":{"line":114,"column":8},"end":{"line":114,"column":85}},"65":{"start":{"line":114,"column":21},"end":{"line":114,"column":85}},"66":{"start":{"line":115,"column":8},"end":{"line":115,"column":37}},"67":{"start":{"line":117,"column":8},"end":{"line":117,"column":81}},"68":{"start":{"line":122,"column":26},"end":{"line":127,"column":6}},"69":{"start":{"line":128,"column":4},"end":{"line":134,"column":5}},"70":{"start":{"line":129,"column":6},"end":{"line":133,"column":9}},"71":{"start":{"line":136,"column":4},"end":{"line":136,"column":11}},"72":{"start":{"line":141,"column":0},"end":{"line":141,"column":63}}},"fnMap":{"0":{"name":"authSeguir","decl":{"start":{"line":4,"column":15},"end":{"line":4,"column":25}},"loc":{"start":{"line":4,"column":42},"end":{"line":38,"column":1}},"line":4},"1":{"name":"authProprietario","decl":{"start":{"line":40,"column":15},"end":{"line":40,"column":31}},"loc":{"start":{"line":40,"column":48},"end":{"line":88,"column":3}},"line":40},"2":{"name":"authModerador","decl":{"start":{"line":91,"column":17},"end":{"line":91,"column":30}},"loc":{"start":{"line":91,"column":47},"end":{"line":137,"column":3}},"line":91}},"branchMap":{"0":{"loc":{"start":{"line":8,"column":4},"end":{"line":15,"column":5}},"type":"if","locations":[{"start":{"line":8,"column":4},"end":{"line":15,"column":5}},{"start":{},"end":{}}],"line":8},"1":{"loc":{"start":{"line":8,"column":8},"end":{"line":8,"column":29}},"type":"binary-expr","locations":[{"start":{"line":8,"colum
[...]
,"C:\\Users\\ASUS\\source\\repos\\localcode\\cidade-mais\\src\\services\\perfil.service.js": {"path":"C:\\Users\\ASUS\\source\\repos\\localcode\\cidade-mais\\src\\services\\perfil.service.js","statementMap":{"0":{"start":{"line":1,"column":25},"end":{"line":1,"column":50}},"1":{"start":{"line":2,"column":15},"end":{"line":2,"column":33}},"2":{"start":{"line":6,"column":4},"end":{"line":6,"column":42}},"3":{"start":{"line":11,"column":2},"end":{"line":15,"column":5}},"4":{"start":{"line":19,"column":2},"end":{"line":22,"column":5}},"5":{"start":{"line":26,"column":19},"end":{"line":28,"column":6}},"6":{"start":{"line":30,"column":4},"end":{"line":30,"column":58}},"7":{"start":{"line":30,"column":17},"end":{"line":30,"column":58}},"8":{"start":{"line":32,"column":25},"end":{"line":32,"column":78}},"9":{"start":{"line":34,"column":26},"end":{"line":37,"column":6}},"10":{"start":{"line":39,"column":4},"end":{"line":41,"column":8}},"11":{"start":{"line":46,"column":0},"end":{"line":46,"column":89}}},"fnMap":{"0":{"name":"createPerfil","decl":{"start":{"line":5,"column":15},"end":{"line":5,"column":27}},"loc":{"start":{"line":5,"column":34},"end":{"line":7,"column":1}},"line":5},"1":{"name":"getAllPerfil","decl":{"start":{"line":10,"column":15},"end":{"line":10,"column":27}},"loc":{"start":{"line":10,"column":30},"end":{"line":16,"column":1}},"line":10},"2":{"name":"getPerfilUtilizador","decl":{"start":{"line":18,"column":15},"end":{"line":18,"column":34}},"loc":{"start":{"line":18,"column":50},"end":{"line":23,"column":1}},"line":18},"3":{"name":"atualizarFotoPerfil","decl":{"start":{"line":25,"column":15},"end":{"line":25,"column":34}},"loc":{"start":{"line":25,"column":65},"end":{"line":42,"column":1}},"line":25}},"branchMap":{"0":{"loc":{"start":{"line":30,"column":4},"end":{"line":30,"column":58}},"type":"if","locations":[{"start":{"line":30,"column":4},"end":{"line":30,"column":58}},{"start":{},"end":{}}],"line":30}},"s":{"0":14,"1":14,"2":2,"3":1,"4":0,"5":4,"6":4,"7":2,"8":2,"9":2,"10":2,"11":14},"f":{"0":2,"1":1,"2":0,"3":4},"b":{"0":[2,2]},"_coverageSchema":"1a1c01bbd47fc00a2c39e90264f33305004495a9","hash":"b8a956323f861832d299812464ae1db65906dc10"}
,"C:\\Users\\ASUS\\source\\repos\\localcode\\cidade-mais\\src\\services\\post.service.js": {"path":"C:\\Users\\ASUS\\source\\repos\\localcode\\cidade-mais\\src\\services\\post.service.js","statementMap":{"0":{"start":{"line":1,"column":43},"end":{"line":1,"column":68}},"1":{"start":{"line":2,"column":30},"end":{"line":2,"column":62}},"2":{"start":{"line":3,"column":15},"end":{"line":3,"column":33}},"3":{"start":{"line":8,"column":21},"end":{"line":8,"column":55}},"4":{"start":{"line":11,"column":4},"end":{"line":15,"column":7}},"5":{"start":{"line":17,"column":4},"end":{"line":17,"column":20}},"6":{"start":{"line":23,"column":22},"end":{"line":23,"column":69}},"7":{"start":{"line":25,"column":20},"end":{"line":25,"column":45}},"8":{"start":{"line":26,"column":27},"end":{"line":26,"column":48}},"9":{"start":{"line":28,"column":4},"end":{"line":42,"column":5}},"10":{"start":{"line":29,"column":8},"end":{"line":29,"column":23}},"11":{"start":{"line":31,"column":8},"end":{"line":37,"column":9}},"12":{"start":{"line":32,"column":12},"end":{"line":32,"column":54}},"13":{"start":{"line":34,"column":13},"end":{"line":37,"column":9}},"14":{"start":{"line":35,"column":12},"end":{"line":35,"column":38}},"15":{"start":{"line":36,"column":12},"end":{"line":36,"column":51}},"16":{"start":{"line":39,"column":9},"end":{"line":42,"column":5}},"17":{"start":{"line":40,"column":8},"end":{"line":40,"column":36}},"18":{"start":{"line":41,"column":8},"end":{"line":41,"column":47}},"19":{"start":{"line":44,"column":27},"end":{"line":50,"column":10}},"20":{"start":{"line":51,"column":5},"end":{"line":51,"column":146}},"21":{"start":{"line":51,"column":22},"end":{"line":51,"column":145}},"22":{"start":{"line":52,"column":8},"end":{"line":52,"column":26}},"23":{"start":{"line":53,"column":6},"end":{"line":53,"column":27}},"24":{"start":{"line":58,"column":4},"end":{"line":58,"column":34}},"25":{"start":{"line":62,"column":4},"end":{"line":81,"column":7}},"26":{"start":{"line":85,"column":4},"end":{"line":103,"column":5}},"27":{"start":{"line":107,"column":4},"end":{"line":123,"column":7}},"28":{"start":{"line":127,"column":4},"end":{"line":143,"column":7}},"29":{"start":{"line":148,"column":25},"end":{"line":155,"column":10}},"30":{"start":{"line":157,"column":8},"end":{"line":157,"column":27}},"31":{"start":{"line":161,"column":4},"end":{"line":207,"column":5}},"32":{"start":{"line":163,"column":32},"end":{"line":170,"column":10}},"33":{"start":{"line":172,"column":27},"end":{"line":172,"column":64}},"34":{"start":{"line":172,"column":52},"end":{"line":172,"column":63}},"35":{"start":{"line":174,"column":8},"end":{"line":174,"column":47}},"36":{"start":{"line":174,"column":37},"end":{"line":174,"column":47}},"37":{"start":{"line":177,"column":22},"end":{"line":201,"column":10}},"38":{"start":{"line":203,"column":8},"end":{"line":203,"column":21}},"39":{"start":{"line":206,"column":8},"end":{"line":206,"column":87}},"40":{"start":{"line":212,"column":2},"end":{"line":214,"column":5}},"41":{"start":{"line":216,"column":4},"end":{"line":220,"column":7}},"42":{"start":{"line":223,"column":0},"end":{"line":223,"column":196}}},"fnMap":{"0":{"name":"createPost","decl":{"start":{"line":6,"column":15},"end":{"line":6,"column":25}},"loc":{"start":{"line":6,"column":32},"end":{"line":19,"column":1}},"line":6},"1":{"name":"atualizarEstadoPost","decl":{"start":{"line":21,"column":15},"end":{"line":21,"column":34}},"loc":{"start":{"line":21,"column":51},"end":{"line":54,"column":1}},"line":21},"2":{"name":"getAllPosts","decl":{"start":{"line":57,"column":15},"end":{"line":57,"column":26}},"loc":{"start":{"line":57,"column":29},"end":{"line":59,"column":1}},"line":57},"3":{"name":"getPostPendente","decl":{"start":{"line":61,"column":15},"end":{"line":61,"column":30}},"loc":{"start":{"line":61,"column":42},"end":{"line":82,"column":1}},"line":61},"4":{"name":"getPostPagina","decl":{"start":{"line":84,"column":15},"end":{"line":84,"column":28}},"loc":{"start":{"line":84,"column":40},"end":{"line":104,"column":3}},"line":84},"5":{"name":"getPostsAprovados","decl":{"start":{"line":106,"column":17},"end":{"line":106,"column":34}},"loc":{"start":{"line":106,"column":50},"end":{"line":124,"column":3}},"line":106},"6":{"name":"getPostsRecusados","decl":{"start":{"line":126,"column":17},"end":{"line":126,"column":34}},"loc":{"start":{"line":126,"column":50},"end":{"line":144,"column":3}},"line":126},"7":{"name":"alterarInformacoesPost","decl":{"start":{"line":146,"column":15},"end":{"line":146,"column":37}},"loc":{"start":{"line":146,"column":74},"end":{"line":158,"column":1}},"line":146},"8":{"name":"getPostsPaginasSeguidas","decl":{"start":{"line":160,"column":15},"end":{"line":160,"column":38}},"loc":{"start":{"line":160,"column":54},"end":{"line":208,"column":1}},"line":160},"9":{"name":"(anonymous_9)","decl":{"start":{"line":172,"column":47},"end":{"line":172,"column":48}},"loc":{"start":{"line":172,"column":52},"end":{"line":172,"column":63}},"line":172},"10":{"name":"deletePost","decl":{"start":{"line":210,"column":15},"end":{"line":210,"column":25}},"loc":{"start":{"line":210,"column":35},"end":{"line":221,"column":1}},"line":210}},"branchMap":{"0":{"loc":{"start":{"line":25,"column":20},"end":{"line":25,"column":45}},"type":"binary-expr","locations":[{"start":{"line":25,"column":20},"end":{"line":25,"column":40}},{"start":{"line":25,"column":44},"end":{"line":25,"column":45}}],"line":25},"1":{"loc":{"start":{"line":28,"column":4},"end":{"line":42,"column":5}},"type":"if","locations":[{"start":{"line":28,"column":4},"end":{"line":42,"column":5}},{"start":{"line":39,"column":9},"end":{"line":42,"column":5}}],"line":28},"2":{"loc":{"start":{"line":28,"column":7},"end":{"line":28,"column":40}},"type":"binary-expr","locations":[{"start":{"line":28,"column":7},"end":{"line":28,"column":22}},{"start":{"line":28,"column":26},"end":{"line":28,"column":40}}],"line":28},"3":{"loc":{"start":{"line":31,"column":8},"end":{"line":37,"column":9}},"type":"if","locations":[{"start":{"line":31,"column":8},"end":{"line":37,"column":9}},{"start":{"line":34,"column":13},"end":{"line":37,"column":9}}],"line":31},"4":{"loc":{"start":{"line":34,"column":13},"end":{"line":37,"column":9}},"type":"if","locations":[{"start":{"line":34,"column":13},"end":{"line":37,"column":9}},{"start":{},"end":{}}],"line":34},"5":{"loc":{"start":{"line":39,"column":9},"end":{"line":42,"column":5}},"type":"if","locations":[{"start":{"line":39,"column":9},"end":{"line":42,"column":5}},{"start":{},"end":{}}],"line":39},"6":{"loc":{"start":{"line":51,"column":5},"end":{"line":51,"column":146}},"type":"if","locations":[{"start":{"line":51,"column":5},"end":{"line":51,"column":146}},{"start":{},"end":{}}],"line":51},"7":{"loc":{"start":{"line":174,"column":8},"end":{"line":174,"column":47}},"type":"if","locations":[{"start":{"line":174,"column":8},"end":{"line":174,"column":47}},{"start":{},"end":{}}],"line":174}},"s":{"0":14,"1":14,"2":14,"3":3,"4":3,"5":3,"6":5,"7":5,"8":5,"9":5,"10":3,"11":3,"12":2,"13":1,"14":1,"15":1,"16":2,"17":2,"18":2,"19":5,"20":5,"21":5,"22":5,"23":5,"24":0,"25":2,"26":1,"27":2,"28":1,"29":2,"30":2,"31":1,"32":1,"33":1,"34":1,"35":1,"36":0,"37":1,"38":0,"39":1,"40":0,"41":0,"42":14},"f":{"0":3,"1":5,"2":0,"3":2,"4":1,"5":2,"6":1,"7":2,"8":1,"9":1,"10":0},"b":{"0":[5,0],"1":[3,2],"2":[5,3],"3":[2,1],"4":[1,0],"5":[2,0],"6":[5,0],"7":[0,1]},"_coverageSchema":"1a1c01bbd47fc00a2c39e90264f33305004495a9","hash":"501eee36c1c5e1d624e8ab33f7bceaae77fb296f"}
,"C:\\Users\\ASUS\\source\\repos\\localcode\\cidade-mais\\src\\services\\respostaTicket.service.js": {"path":"C:\\Users\\ASUS\\source\\repos\\localcode\\cidade-mais\\src\\services\\respostaTicket.service.js","statementMap":{"0":{"start":{"line":1,"column":43},"end":{"line":1,"column":68}},"1":{"start":{"line":2,"column":30},"end":{"line":2,"column":62}},"2":{"start":{"line":3,"column":15},"end":{"line":3,"column":33}},"3":{"start":{"line":7,"column":4},"end":{"line":30,"column":5}},"4":{"start":{"line":8,"column":27},"end":{"line":8,"column":72}},"5":{"start":{"line":10,"column":26},"end":{"line":12,"column":36}},"6":{"start":{"line":14,"column":6},"end":{"line":18,"column":9}},"7":{"start":{"line":20,"column":6},"end":{"line":23,"column":9}},"8":{"start":{"line":25,"column":6},"end":{"line":25,"column":26}},"9":{"start":{"line":28,"column":6},"end":{"line":28,"column":54}},"10":{"start":{"line":29,"column":6},"end":{"line":29,"column":56}},"11":{"start":{"line":35,"column":4},"end":{"line":35,"column":45}},"12":{"start":{"line":39,"column":4},"end":{"line":44,"column":7}},"13":{"start":{"line":47,"column":0},"end":{"line":47,"column":80}}},"fnMap":{"0":{"name":"createResposta","decl":{"start":{"line":6,"column":15},"end":{"line":6,"column":29}},"loc":{"start":{"line":6,"column":36},"end":{"line":31,"column":3}},"line":6},"1":{"name":"getAllRespostas","decl":{"start":{"line":34,"column":15},"end":{"line":34,"column":30}},"loc":{"start":{"line":34,"column":33},"end":{"line":36,"column":1}},"line":34},"2":{"name":"getRespostasPorUtilizador","decl":{"start":{"line":38,"column":15},"end":{"line":38,"column":40}},"loc":{"start":{"line":38,"column":67},"end":{"line":45,"column":1}},"line":38}},"branchMap":{"0":{"loc":{"start":{"line":10,"column":26},"end":{"line":12,"column":36}},"type":"cond-expr","locations":[{"start":{"line":11,"column":10},"end":{"line":11,"column":34}},{"start":{"line":12,"column":10},"end":{"line":12,"column":36}}],"line":10}},"s":{"0":14,"1":14,"2":14,"3":6,"4":6,"5":5,"6":5,"7":5,"8":5,"9":1,"10":1,"11":1,"12":2,"13":14},"f":{"0":6,"1":1,"2":2},"b":{"0":[4,1]},"_coverageSchema":"1a1c01bbd47fc00a2c39e90264f33305004495a9","hash":"908f5ab45b520e16e037b4010d4eb39ef7cea1b4"}
,"C:\\Users\\ASUS\\source\\repos\\localcode\\cidade-mais\\src\\services\\seguidoresPagina.service.js": {"path":"C:\\Users\\ASUS\\source\\repos\\localcode\\cidade-mais\\src\\services\\seguidoresPagina.service.js","statementMap":{"0":{"start":{"line":2,"column":25},"end":{"line":2,"column":50}},"1":{"start":{"line":3,"column":15},"end":{"line":3,"column":33}},"2":{"start":{"line":7,"column":4},"end":{"line":7,"column":53}},"3":{"start":{"line":12,"column":4},"end":{"line":12,"column":47}},"4":{"start":{"line":16,"column":4},"end":{"line":21,"column":7}},"5":{"start":{"line":25,"column":4},"end":{"line":30,"column":6}},"6":{"start":{"line":33,"column":0},"end":{"line":33,"column":86}}},"fnMap":{"0":{"name":"createSeguidor","decl":{"start":{"line":6,"column":15},"end":{"line":6,"column":29}},"loc":{"start":{"line":6,"column":36},"end":{"line":8,"column":1}},"line":6},"1":{"name":"getAllSeguidores","decl":{"start":{"line":11,"column":15},"end":{"line":11,"column":31}},"loc":{"start":{"line":11,"column":34},"end":{"line":13,"column":1}},"line":11},"2":{"name":"getPaginasSeguidas","decl":{"start":{"line":15,"column":15},"end":{"line":15,"column":33}},"loc":{"start":{"line":15,"column":49},"end":{"line":22,"column":3}},"line":15},"3":{"name":"pararSeguir","decl":{"start":{"line":24,"column":15},"end":{"line":24,"column":26}},"loc":{"start":{"line":24,"column":51},"end":{"line":31,"column":1}},"line":24}},"branchMap":{},"s":{"0":14,"1":14,"2":1,"3":2,"4":2,"5":1,"6":14},"f":{"0":1,"1":2,"2":2,"3":1},"b":{},"_coverageSchema":"1a1c01bbd47fc00a2c39e90264f33305004495a9","hash":"e1e7507b511747ee60687acdef6a463a02a64edf"}
,"C:\\Users\\ASUS\\source\\repos\\localcode\\cidade-mais\\src\\services\\ticket.service.js": {"path":"C:\\Users\\ASUS\\source\\repos\\localcode\\cidade-mais\\src\\services\\ticket.service.js","statementMap":{"0":{"start":{"line":1,"column":43},"end":{"line":1,"column":68}},"1":{"start":{"line":2,"column":30},"end":{"line":2,"column":62}},"2":{"start":{"line":3,"column":15},"end":{"line":3,"column":33}},"3":{"start":{"line":7,"column":4},"end":{"line":7,"column":42}},"4":{"start":{"line":12,"column":4},"end":{"line":12,"column":36}},"5":{"start":{"line":16,"column":4},"end":{"line":33,"column":7}},"6":{"start":{"line":38,"column":4},"end":{"line":55,"column":7}},"7":{"start":{"line":59,"column":4},"end":{"line":64,"column":6}},"8":{"start":{"line":68,"column":4},"end":{"line":73,"column":6}},"9":{"start":{"line":80,"column":23},"end":{"line":80,"column":49}},"10":{"start":{"line":81,"column":24},"end":{"line":81,"column":83}},"11":{"start":{"line":83,"column":29},"end":{"line":88,"column":10}},"12":{"start":{"line":90,"column":24},"end":{"line":90,"column":75}},"13":{"start":{"line":91,"column":4},"end":{"line":91,"column":123}},"14":{"start":{"line":92,"column":4},"end":{"line":92,"column":27}},"15":{"start":{"line":97,"column":27},"end":{"line":102,"column":6}},"16":{"start":{"line":104,"column":4},"end":{"line":104,"column":26}},"17":{"start":{"line":108,"column":4},"end":{"line":108,"column":58}},"18":{"start":{"line":111,"column":0},"end":{"line":111,"column":177}}},"fnMap":{"0":{"name":"createTicket","decl":{"start":{"line":6,"column":15},"end":{"line":6,"column":27}},"loc":{"start":{"line":6,"column":34},"end":{"line":8,"column":1}},"line":6},"1":{"name":"getAllTickets","decl":{"start":{"line":11,"column":15},"end":{"line":11,"column":28}},"loc":{"start":{"line":11,"column":31},"end":{"line":13,"column":1}},"line":11},"2":{"name":"getTicketPendente","decl":{"start":{"line":15,"column":15},"end":{"line":15,"column":32}},"loc":{"start":{"line":15,"column":44},"end":{"line":34,"column":3}},"line":15},"3":{"name":"getTicketAbertoPagina","decl":{"start":{"line":37,"column":17},"end":{"line":37,"column":38}},"loc":{"start":{"line":37,"column":50},"end":{"line":56,"column":3}},"line":37},"4":{"name":"getTicketFechado","decl":{"start":{"line":58,"column":15},"end":{"line":58,"column":31}},"loc":{"start":{"line":58,"column":47},"end":{"line":65,"column":1}},"line":58},"5":{"name":"getTicketAberto","decl":{"start":{"line":67,"column":15},"end":{"line":67,"column":30}},"loc":{"start":{"line":67,"column":46},"end":{"line":74,"column":1}},"line":67},"6":{"name":"atualizarEstadoTicket","decl":{"start":{"line":77,"column":15},"end":{"line":77,"column":36}},"loc":{"start":{"line":77,"column":54},"end":{"line":94,"column":1}},"line":77},"7":{"name":"alterarTicket","decl":{"start":{"line":96,"column":15},"end":{"line":96,"column":28}},"loc":{"start":{"line":96,"column":60},"end":{"line":105,"column":1}},"line":96},"8":{"name":"deleteTicket","decl":{"start":{"line":107,"column":15},"end":{"line":107,"column":27}},"loc":{"start":{"line":107,"column":39},"end":{"line":109,"column":3}},"line":107}},"branchMap":{"0":{"loc":{"start":{"line":80,"column":23},"end":{"line":80,"column":49}},"type":"cond-expr","locations":[{"start":{"line":80,"column":29},"end":{"line":80,"column":37}},{"start":{"line":80,"column":40},"end":{"line":80,"column":49}}],"line":80},"1":{"loc":{"start":{"line":81,"column":24},"end":{"line":81,"column":83}},"type":"cond-expr","locations":[{"start":{"line":81,"column":30},"end":{"line":81,"column":55}},{"start":{"line":81,"column":58},"end":{"line":81,"column":83}}],"line":81}},"s":{"0":14,"1":14,"2":14,"3":2,"4":1,"5":2,"6":0,"7":2,"8":2,"9":3,"10":3,"11":3,"12":3,"13":3,"14":3,"15":2,"16":2,"17":0,"18":14},"f":{"0":2,"1":1,"2":2,"3":0,"4":2,"5":2,"6":3,"7":2,"8":0},"b":{"0":[1,2],"1":[1,2]},"_coverageSchema":"1a1c01bbd47fc00a2c39e90264f33305004495a9","hash":"afa88cad5f79b8f79cf994acaf48dc8b828a9e76"}
,"C:\\Users\\ASUS\\source\\repos\\localcode\\cidade-mais\\src\\services\\utilizador.service.js": {"path":"C:\\Users\\ASUS\\source\\repos\\localcode\\cidade-mais\\src\\services\\utilizador.service.js","statementMap":{"0":{"start":{"line":1,"column":25},"end":{"line":1,"column":50}},"1":{"start":{"line":2,"column":15},"end":{"line":2,"column":33}},"2":{"start":{"line":6,"column":4},"end":{"line":6,"column":46}},"3":{"start":{"line":11,"column":4},"end":{"line":11,"column":40}},"4":{"start":{"line":16,"column":21},"end":{"line":21,"column":6}},"5":{"start":{"line":23,"column":4},"end":{"line":23,"column":20}},"6":{"start":{"line":27,"column":0},"end":{"line":27,"column":75}}},"fnMap":{"0":{"name":"createUtilizador","decl":{"start":{"line":5,"column":15},"end":{"line":5,"column":31}},"loc":{"start":{"line":5,"column":38},"end":{"line":7,"column":1}},"line":5},"1":{"name":"getAllUtilizadores","decl":{"start":{"line":10,"column":15},"end":{"line":10,"column":33}},"loc":{"start":{"line":10,"column":36},"end":{"line":12,"column":1}},"line":10},"2":{"name":"alterarTipoUser","decl":{"start":{"line":14,"column":15},"end":{"line":14,"column":30}},"loc":{"start":{"line":14,"column":52},"end":{"line":25,"column":1}},"line":14}},"branchMap":{},"s":{"0":14,"1":14,"2":4,"3":1,"4":2,"5":2,"6":14},"f":{"0":4,"1":1,"2":2},"b":{},"_coverageSchema":"1a1c01bbd47fc00a2c39e90264f33305004495a9","hash":"29ddfdb05ae331d9db5d451e3e8c0a8f0d6e83c6"}
}
