TN:
SF:src\app.js
FN:48,main
FN:67,(anonymous_1)
FNF:2
FNH:0
FNDA:0,main
FNDA:0,(anonymous_1)
DA:1,13
DA:2,13
DA:3,13
DA:4,13
DA:8,13
DA:9,13
DA:10,13
DA:11,13
DA:12,13
DA:13,13
DA:14,13
DA:15,13
DA:16,13
DA:17,13
DA:18,13
DA:19,13
DA:20,13
DA:22,13
DA:23,13
DA:24,13
DA:27,13
DA:28,13
DA:31,13
DA:32,13
DA:33,13
DA:34,13
DA:35,13
DA:36,13
DA:37,13
DA:38,13
DA:39,13
DA:40,13
DA:41,13
DA:42,13
DA:43,13
DA:45,13
DA:49,0
DA:50,0
DA:51,0
DA:53,0
DA:64,13
DA:66,13
DA:67,0
DA:68,0
DA:69,0
DA:74,13
LF:46
LH:39
BRDA:64,0,0,13
BRDA:64,0,1,13
BRDA:66,1,0,0
BRDA:66,1,1,13
BRF:4
BRH:3
end_of_record
TN:
SF:src\config\multerConfig.js
FN:13,(anonymous_0)
FN:16,(anonymous_1)
FNF:2
FNH:2
FNDA:2,(anonymous_0)
FNDA:2,(anonymous_1)
DA:1,13
DA:2,13
DA:3,13
DA:6,13
DA:7,13
DA:8,0
DA:12,13
DA:14,2
DA:17,2
DA:18,2
DA:22,13
DA:23,13
LF:12
LH:11
BRDA:7,0,0,0
BRDA:7,0,1,13
BRF:2
BRH:1
end_of_record
TN:
SF:src\controllers\autent.controller.js
FN:3,register
FN:13,login
FNF:2
FNH:2
FNDA:5,register
FNDA:7,login
DA:1,14
DA:4,5
DA:5,5
DA:6,5
DA:7,2
DA:9,3
DA:14,7
DA:15,7
DA:16,7
DA:17,3
DA:19,4
DA:24,14
LF:12
LH:12
BRF:0
BRH:0
end_of_record
TN:
SF:src\controllers\comentario.controller.js
FN:3,createComentario
FN:19,getAllComentario
FN:29,getComentarioPost
FNF:3
FNH:3
FNDA:2,createComentario
FNDA:1,getAllComentario
FNDA:2,getComentarioPost
DA:1,13
DA:4,2
DA:6,2
DA:7,1
DA:10,1
DA:11,1
DA:12,1
DA:14,0
DA:15,0
DA:20,1
DA:21,1
DA:22,1
DA:24,0
DA:25,0
DA:31,2
DA:32,2
DA:34,2
DA:35,1
DA:38,1
DA:39,1
DA:40,1
DA:42,0
DA:43,0
DA:47,13
LF:24
LH:18
BRDA:6,0,0,1
BRDA:6,0,1,1
BRDA:6,1,0,2
BRDA:6,1,1,1
BRDA:34,2,0,1
BRDA:34,2,1,1
BRF:6
BRH:6
end_of_record
TN:
SF:src\controllers\moderadorPagina.controller.js
FN:4,createModeradorPagina
FN:15,getAllModeradorPagina
FNF:2
FNH:2
FNDA:5,createModeradorPagina
FNDA:1,getAllModeradorPagina
DA:1,13
DA:5,5
DA:6,5
DA:7,2
DA:9,3
DA:10,3
DA:16,1
DA:17,1
DA:18,1
DA:20,0
DA:21,0
DA:25,13
LF:12
LH:10
BRF:0
BRH:0
end_of_record
TN:
SF:src\controllers\morada.controller.js
FN:3,createMorada
FN:13,getAllMorada
FNF:2
FNH:2
FNDA:3,createMorada
FNDA:1,getAllMorada
DA:1,13
DA:4,3
DA:5,3
DA:6,2
DA:8,1
DA:9,1
DA:14,1
DA:15,1
DA:16,1
DA:18,0
DA:19,0
DA:23,13
LF:12
LH:10
BRF:0
BRH:0
end_of_record
TN:
SF:src\controllers\notificacao.controller.js
FN:3,createNotificacao
FN:13,getAllNotificacao
FN:23,getNotificacaoPorUtilizador
FNF:3
FNH:3
FNDA:1,createNotificacao
FNDA:1,getAllNotificacao
FNDA:1,getNotificacaoPorUtilizador
DA:1,13
DA:4,1
DA:5,1
DA:6,1
DA:8,0
DA:9,0
DA:14,1
DA:15,1
DA:16,1
DA:18,0
DA:19,0
DA:25,1
DA:26,1
DA:29,1
DA:30,0
DA:33,1
DA:35,1
DA:36,1
DA:38,0
DA:39,0
DA:47,13
LF:21
LH:14
BRDA:29,0,0,0
BRDA:29,0,1,1
BRF:2
BRH:1
end_of_record
TN:
SF:src\controllers\paginaFreguesia.controller.js
FN:3,createPaginaFreguesia
FN:13,getAllPaginaFreguesia
FN:23,pesquisaPagina
FNF:3
FNH:3
FNDA:1,createPaginaFreguesia
FNDA:1,getAllPaginaFreguesia
FNDA:2,pesquisaPagina
DA:1,13
DA:4,1
DA:5,1
DA:6,1
DA:8,0
DA:9,0
DA:14,1
DA:15,1
DA:16,1
DA:18,0
DA:19,0
DA:24,2
DA:26,2
DA:27,2
DA:28,2
DA:30,0
DA:31,0
DA:35,13
LF:18
LH:12
BRF:0
BRH:0
end_of_record
TN:
SF:src\controllers\pedidoPagina.controller.js
FN:3,createPedidoPagina
FN:13,getAllPedidoPagina
FN:23,getPedidoPendente
FN:33,getPedidoAprovado
FN:43,getPedidoReprovado
FN:53,atualizarEstadoPedido
FN:77,alterarPedidoPagina
FNF:7
FNH:5
FNDA:1,createPedidoPagina
FNDA:1,getAllPedidoPagina
FNDA:1,getPedidoPendente
FNDA:0,getPedidoAprovado
FNDA:0,getPedidoReprovado
FNDA:1,atualizarEstadoPedido
FNDA:1,alterarPedidoPagina
DA:1,13
DA:4,1
DA:5,1
DA:6,1
DA:8,0
DA:9,0
DA:14,1
DA:15,1
DA:16,1
DA:18,0
DA:19,0
DA:24,1
DA:25,1
DA:26,1
DA:28,0
DA:29,0
DA:34,0
DA:35,0
DA:36,0
DA:38,0
DA:39,0
DA:44,0
DA:45,0
DA:46,0
DA:48,0
DA:49,0
DA:54,1
DA:56,1
DA:59,1
DA:62,1
DA:63,0
DA:66,1
DA:69,1
DA:70,1
DA:72,0
DA:73,0
DA:78,1
DA:79,1
DA:80,1
DA:82,1
DA:83,0
DA:86,1
DA:87,1
DA:90,1
DA:95,0
DA:97,0
DA:104,13
LF:47
LH:25
BRDA:62,0,0,0
BRDA:62,0,1,1
BRDA:82,1,0,0
BRDA:82,1,1,1
BRF:4
BRH:2
end_of_record
TN:
SF:src\controllers\perfil.controller.js
FN:4,createPerfil
FN:15,getAllPerfil
FN:25,atualizarFotoPerfil
FNF:3
FNH:3
FNDA:1,createPerfil
FNDA:1,getAllPerfil
FNDA:2,atualizarFotoPerfil
DA:1,13
DA:5,1
DA:6,1
DA:7,1
DA:9,0
DA:10,0
DA:16,1
DA:17,1
DA:18,1
DA:20,0
DA:21,0
DA:26,2
DA:27,2
DA:29,2
DA:31,2
DA:32,0
DA:35,2
DA:37,2
DA:38,1
DA:40,1
DA:41,1
DA:46,13
LF:22
LH:17
BRDA:31,0,0,0
BRDA:31,0,1,2
BRF:2
BRH:1
end_of_record
TN:
SF:src\controllers\post.controller.js
FN:4,createPost
FN:15,getAllPosts
FN:26,getPostsPendente
FN:41,atualizarEstadoPost
FN:57,getPostPagina
FN:86,getPostsAprovados
FN:98,getPostsRecusados
FN:110,alterarInformacoesPost
FN:126,getPostsPaginasSeguidas
FNF:9
FNH:7
FNDA:1,createPost
FNDA:0,getAllPosts
FNDA:1,getPostsPendente
FNDA:2,atualizarEstadoPost
FNDA:1,getPostPagina
FNDA:1,getPostsAprovados
FNDA:0,getPostsRecusados
FNDA:1,alterarInformacoesPost
FNDA:1,getPostsPaginasSeguidas
DA:1,13
DA:5,1
DA:6,1
DA:7,1
DA:9,0
DA:10,0
DA:16,0
DA:17,0
DA:18,0
DA:20,0
DA:21,0
DA:27,1
DA:28,1
DA:29,0
DA:31,1
DA:32,1
DA:33,1
DA:35,0
DA:36,0
DA:42,2
DA:43,2
DA:44,0
DA:46,2
DA:47,2
DA:48,2
DA:49,2
DA:51,0
DA:52,0
DA:58,1
DA:61,1
DA:62,1
DA:63,1
DA:64,1
DA:66,0
DA:67,0
DA:71,0
DA:72,0
DA:73,0
DA:76,0
DA:77,0
DA:78,0
DA:80,0
DA:81,0
DA:87,1
DA:88,1
DA:89,1
DA:90,1
DA:92,0
DA:93,0
DA:99,0
DA:100,0
DA:101,0
DA:102,0
DA:104,0
DA:105,0
DA:111,1
DA:112,1
DA:113,0
DA:115,1
DA:116,1
DA:117,1
DA:118,1
DA:120,0
DA:121,0
DA:127,1
DA:128,1
DA:129,1
DA:130,1
DA:132,0
DA:133,0
DA:137,13
LF:71
LH:35
BRDA:28,0,0,0
BRDA:28,0,1,1
BRDA:43,1,0,0
BRDA:43,1,1,2
BRDA:61,2,0,1
BRDA:61,2,1,0
BRDA:72,3,0,0
BRDA:72,3,1,0
BRDA:112,4,0,0
BRDA:112,4,1,1
BRF:10
BRH:4
end_of_record
TN:
SF:src\controllers\respostaTicket.controller.js
FN:4,createResposta
FN:15,getAllRespostas
FN:25,getRespostasPorUtilizador
FNF:3
FNH:3
FNDA:1,createResposta
FNDA:1,getAllRespostas
FNDA:1,getRespostasPorUtilizador
DA:1,13
DA:5,1
DA:6,1
DA:7,1
DA:9,0
DA:10,0
DA:16,1
DA:17,1
DA:18,1
DA:20,0
DA:21,0
DA:27,1
DA:29,1
DA:30,0
DA:33,1
DA:34,1
DA:35,1
DA:37,0
DA:38,0
DA:45,13
LF:20
LH:13
BRDA:29,0,0,0
BRDA:29,0,1,1
BRF:2
BRH:1
end_of_record
TN:
SF:src\controllers\seguidoresPagina.controller.js
FN:5,createUSeguidor
FN:16,getAllUSeguidores
FN:26,getPaginasSeguidas
FNF:3
FNH:3
FNDA:1,createUSeguidor
FNDA:1,getAllUSeguidores
FNDA:2,getPaginasSeguidas
DA:1,13
DA:2,13
DA:6,1
DA:7,1
DA:8,1
DA:10,0
DA:11,0
DA:17,1
DA:18,1
DA:19,1
DA:21,0
DA:22,0
DA:28,2
DA:29,2
DA:31,2
DA:32,1
DA:35,1
DA:36,1
DA:37,1
DA:39,0
DA:40,0
DA:44,13
LF:22
LH:16
BRDA:31,0,0,1
BRDA:31,0,1,1
BRF:2
BRH:2
end_of_record
TN:
SF:src\controllers\ticket.controller.js
FN:5,createTicket
FN:16,getAllTickets
FN:27,getTicketPendente
FN:43,getTicketAberto
FN:55,getTicketFechado
FN:66,atualizarEstadoTicket
FN:90,alterarTicket
FNF:7
FNH:7
FNDA:1,createTicket
FNDA:1,getAllTickets
FNDA:1,getTicketPendente
FNDA:1,getTicketAberto
FNDA:1,getTicketFechado
FNDA:1,atualizarEstadoTicket
FNDA:1,alterarTicket
DA:1,13
DA:2,13
DA:6,1
DA:7,1
DA:8,1
DA:10,0
DA:11,0
DA:17,1
DA:18,1
DA:19,1
DA:21,0
DA:22,0
DA:28,1
DA:29,1
DA:30,1
DA:31,0
DA:33,1
DA:34,1
DA:36,0
DA:37,0
DA:44,1
DA:45,1
DA:46,1
DA:47,1
DA:49,0
DA:50,0
DA:56,1
DA:57,1
DA:58,1
DA:59,1
DA:61,0
DA:62,0
DA:67,1
DA:69,1
DA:72,1
DA:75,1
DA:76,0
DA:79,1
DA:82,1
DA:83,1
DA:85,0
DA:86,0
DA:91,1
DA:92,1
DA:93,1
DA:95,1
DA:96,0
DA:99,1
DA:100,1
DA:101,1
DA:106,0
DA:108,0
DA:116,13
LF:53
LH:36
BRDA:30,0,0,0
BRDA:30,0,1,1
BRDA:75,1,0,0
BRDA:75,1,1,1
BRDA:95,2,0,0
BRDA:95,2,1,1
BRF:6
BRH:3
end_of_record
TN:
SF:src\controllers\utilizador.controller.js
FN:4,createUtilizador
FN:15,getAllUtilizadores
FN:25,alterarTipoUtilizadores
FNF:3
FNH:3
FNDA:2,createUtilizador
FNDA:1,getAllUtilizadores
FNDA:1,alterarTipoUtilizadores
DA:1,13
DA:5,2
DA:6,2
DA:7,1
DA:9,1
DA:10,1
DA:16,1
DA:17,1
DA:18,1
DA:20,0
DA:21,0
DA:26,1
DA:27,1
DA:29,1
DA:30,1
DA:31,1
DA:33,0
DA:34,0
DA:38,13
LF:19
LH:15
BRF:0
BRH:0
end_of_record
TN:
SF:src\middlewares\autent.middleware.js
FN:4,authenticate
FN:19,authRole
FN:20,(anonymous_2)
FNF:3
FNH:3
FNDA:78,authenticate
FNDA:80,authRole
FNDA:10,(anonymous_2)
DA:1,14
DA:2,14
DA:5,78
DA:6,78
DA:8,66
DA:10,66
DA:11,66
DA:12,60
DA:13,60
DA:15,6
DA:20,80
DA:21,10
DA:22,10
DA:23,3
DA:27,7
DA:32,14
LF:16
LH:16
BRDA:6,0,0,12
BRDA:6,0,1,66
BRDA:22,1,0,3
BRDA:22,1,1,7
BRF:4
BRH:4
end_of_record
TN:
SF:src\middlewares\verificacoes.middleware.js
FN:4,authSeguir
FN:40,authProprietario
FN:91,authModerador
FNF:3
FNH:3
FNDA:17,authSeguir
FNDA:25,authProprietario
FNDA:17,authModerador
DA:1,15
DA:2,15
DA:5,17
DA:6,17
DA:8,17
DA:10,7
DA:11,7
DA:12,2
DA:14,5
DA:18,15
DA:20,15
DA:21,15
DA:28,13
DA:29,4
DA:32,9
DA:35,2
DA:36,2
DA:41,25
DA:42,25
DA:45,25
DA:46,25
DA:47,25
DA:49,25
DA:50,25
DA:52,25
DA:54,25
DA:55,25
DA:56,25
DA:58,25
DA:59,9
DA:60,7
DA:61,5
DA:62,16
DA:63,7
DA:64,7
DA:65,5
DA:66,9
DA:67,7
DA:68,7
DA:69,5
DA:72,2
DA:76,17
DA:77,6
DA:83,11
DA:85,2
DA:86,2
DA:92,17
DA:96,17
DA:97,1
DA:98,1
DA:99,0
DA:103,16
DA:106,16
DA:107,10
DA:108,10
DA:109,8
DA:110,6
DA:111,6
DA:112,4
DA:113,4
DA:114,4
DA:115,2
DA:117,2
DA:122,9
DA:128,9
DA:129,2
DA:134,7
DA:139,15
LF:68
LH:67
BRDA:8,0,0,7
BRDA:8,0,1,10
BRDA:8,1,0,17
BRDA:8,1,1,9
BRDA:11,2,0,2
BRDA:11,2,1,5
BRDA:28,3,0,4
BRDA:28,3,1,9
BRDA:50,4,0,25
BRDA:50,4,1,0
BRDA:58,5,0,9
BRDA:58,5,1,16
BRDA:60,6,0,2
BRDA:60,6,1,5
BRDA:62,7,0,7
BRDA:62,7,1,9
BRDA:64,8,0,2
BRDA:64,8,1,5
BRDA:66,9,0,7
BRDA:66,9,1,2
BRDA:68,10,0,2
BRDA:68,10,1,5
BRDA:76,11,0,6
BRDA:76,11,1,11
BRDA:96,12,0,1
BRDA:96,12,1,16
BRDA:98,13,0,0
BRDA:98,13,1,1
BRDA:106,14,0,10
BRDA:106,14,1,6
BRDA:109,15,0,2
BRDA:109,15,1,6
BRDA:111,16,0,4
BRDA:111,16,1,2
BRDA:114,17,0,2
BRDA:114,17,1,2
BRDA:128,18,0,2
BRDA:128,18,1,7
BRF:38
BRH:36
end_of_record
TN:
SF:src\routes\autent.route.js
FNF:0
FNH:0
DA:1,13
DA:2,13
DA:3,13
DA:5,13
DA:6,13
DA:8,13
LF:6
LH:6
BRF:0
BRH:0
end_of_record
TN:
SF:src\routes\comentario.route.js
FNF:0
FNH:0
DA:1,13
DA:2,13
DA:4,13
DA:6,13
DA:7,13
DA:8,13
DA:10,13
DA:11,13
DA:12,13
DA:14,13
LF:10
LH:10
BRF:0
BRH:0
end_of_record
TN:
SF:src\routes\moderdorPagina.route.js
FNF:0
FNH:0
DA:1,13
DA:2,13
DA:4,13
DA:6,13
DA:7,13
DA:9,13
DA:10,13
DA:12,13
LF:8
LH:8
BRF:0
BRH:0
end_of_record
TN:
SF:src\routes\morada.route.js
FNF:0
FNH:0
DA:1,13
DA:2,13
DA:4,13
DA:6,13
DA:7,13
DA:9,13
DA:10,13
DA:12,13
LF:8
LH:8
BRF:0
BRH:0
end_of_record
TN:
SF:src\routes\notificacao.route.js
FNF:0
FNH:0
DA:1,13
DA:2,13
DA:4,13
DA:6,13
DA:7,13
DA:9,13
DA:10,13
DA:11,13
DA:13,13
LF:9
LH:9
BRF:0
BRH:0
end_of_record
TN:
SF:src\routes\paginaFreguesia.route.js
FNF:0
FNH:0
DA:1,13
DA:2,13
DA:4,13
DA:6,13
DA:7,13
DA:9,13
DA:10,13
DA:11,13
DA:13,13
LF:9
LH:9
BRF:0
BRH:0
end_of_record
TN:
SF:src\routes\pedidoPagina.route.js
FNF:0
FNH:0
DA:1,13
DA:2,13
DA:4,13
DA:5,13
DA:6,13
DA:8,13
DA:9,13
DA:10,13
DA:11,13
DA:12,13
DA:14,13
LF:11
LH:11
BRF:0
BRH:0
end_of_record
TN:
SF:src\routes\perfil.route.js
FNF:0
FNH:0
DA:1,13
DA:2,13
DA:3,13
DA:4,13
DA:6,13
DA:7,13
DA:9,13
DA:10,13
DA:13,13
DA:16,13
LF:10
LH:10
BRF:0
BRH:0
end_of_record
TN:
SF:src\routes\post.route.js
FNF:0
FNH:0
DA:1,13
DA:2,13
DA:4,13
DA:6,13
DA:7,13
DA:8,13
DA:10,13
DA:11,13
DA:12,13
DA:13,13
DA:14,13
DA:15,13
DA:16,13
DA:17,13
DA:18,13
DA:20,13
LF:16
LH:16
BRF:0
BRH:0
end_of_record
TN:
SF:src\routes\respostaTicket.route.js
FNF:0
FNH:0
DA:1,13
DA:2,13
DA:4,13
DA:6,13
DA:7,13
DA:9,13
DA:10,13
DA:11,13
DA:13,13
LF:9
LH:9
BRF:0
BRH:0
end_of_record
TN:
SF:src\routes\seguidoresPagina.route.js
FNF:0
FNH:0
DA:1,13
DA:2,13
DA:4,13
DA:6,13
DA:7,13
DA:9,13
DA:10,13
DA:11,13
DA:14,13
LF:9
LH:9
BRF:0
BRH:0
end_of_record
TN:
SF:src\routes\ticket.route.js
FNF:0
FNH:0
DA:1,13
DA:2,13
DA:4,13
DA:6,13
DA:7,13
DA:8,13
DA:10,13
DA:11,13
DA:12,13
DA:13,13
DA:14,13
DA:15,13
DA:16,13
DA:18,13
LF:14
LH:14
BRF:0
BRH:0
end_of_record
TN:
SF:src\routes\utilizador.route.js
FNF:0
FNH:0
DA:1,13
DA:2,13
DA:3,13
DA:6,13
DA:8,13
DA:9,13
DA:10,13
DA:12,13
LF:8
LH:8
BRF:0
BRH:0
end_of_record
TN:
SF:src\services\autent.service.js
FN:8,register
FN:47,login
FNF:2
FNH:2
FNDA:4,register
FNDA:8,login
DA:1,15
DA:2,15
DA:3,15
DA:5,15
DA:6,15
DA:9,4
DA:11,4
DA:21,2
DA:31,2
DA:36,2
DA:48,8
DA:49,8
DA:51,5
DA:52,5
DA:54,3
DA:59,3
DA:68,15
LF:17
LH:17
BRDA:49,0,0,3
BRDA:49,0,1,5
BRDA:52,1,0,2
BRDA:52,1,1,3
BRF:4
BRH:4
end_of_record
TN:
SF:src\services\comentario.service.js
FN:5,createComentario
FN:10,getAllComentario
FN:14,getComentarioPost
FNF:3
FNH:3
FNDA:2,createComentario
FNDA:1,getAllComentario
FNDA:2,getComentarioPost
DA:1,14
DA:2,14
DA:6,2
DA:11,1
DA:15,2
DA:22,14
LF:6
LH:6
BRF:0
BRH:0
end_of_record
TN:
SF:src\services\moderadorPagina.service.js
FN:5,createModeradorPagina
FN:10,getAllModeradorPagina
FNF:2
FNH:2
FNDA:6,createModeradorPagina
FNDA:1,getAllModeradorPagina
DA:1,14
DA:2,14
DA:6,6
DA:11,1
DA:14,14
LF:5
LH:5
BRF:0
BRH:0
end_of_record
TN:
SF:src\services\morada.service.js
FN:5,createMorada
FN:10,getAllMorada
FNF:2
FNH:2
FNDA:4,createMorada
FNDA:1,getAllMorada
DA:1,14
DA:2,14
DA:6,4
DA:11,1
DA:14,14
LF:5
LH:5
BRF:0
BRH:0
end_of_record
TN:
SF:src\services\notificacao.service.js
FN:5,createNotificacao
FN:42,getAllNotificacao
FN:46,getNotificacaoPorUtilizador
FNF:3
FNH:3
FNDA:18,createNotificacao
FNDA:1,getAllNotificacao
FNDA:2,getNotificacaoPorUtilizador
DA:1,18
DA:2,18
DA:16,18
DA:18,18
DA:25,18
DA:26,18
DA:28,18
DA:29,8
DA:31,18
DA:32,7
DA:34,18
DA:35,1
DA:38,18
DA:43,1
DA:47,2
DA:54,18
LF:16
LH:16
BRDA:20,0,0,18
BRDA:20,0,1,2
BRDA:21,1,0,18
BRDA:21,1,1,0
BRDA:22,2,0,18
BRDA:22,2,1,0
BRDA:25,3,0,18
BRDA:25,3,1,0
BRDA:28,4,0,8
BRDA:28,4,1,10
BRDA:31,5,0,7
BRDA:31,5,1,11
BRDA:34,6,0,1
BRDA:34,6,1,17
BRF:14
BRH:11
end_of_record
TN:
SF:src\services\paginaFreguesia.service.js
FN:5,createPaginaFreguesia
FN:10,getAllPaginaFreguesia
FN:14,pesquisaPagina
FNF:3
FNH:3
FNDA:2,createPaginaFreguesia
FNDA:1,getAllPaginaFreguesia
FNDA:3,pesquisaPagina
DA:1,14
DA:2,14
DA:6,2
DA:11,1
DA:15,3
DA:25,14
LF:6
LH:6
BRF:0
BRH:0
end_of_record
TN:
SF:src\services\pedidoPagina.service.js
FN:6,createPedidoPagina
FN:11,getAllPedidoPagina
FN:15,getPedidoPendente
FN:23,getPedidoAprovado
FN:32,getPedidoReprovado
FN:41,alterarPedidoPagina
FN:51,atualizarEstadoPedido
FNF:7
FNH:7
FNDA:3,createPedidoPagina
FNDA:1,getAllPedidoPagina
FNDA:2,getPedidoPendente
FNDA:1,getPedidoAprovado
FNDA:1,getPedidoReprovado
FNDA:1,alterarPedidoPagina
FNDA:3,atualizarEstadoPedido
DA:1,14
DA:2,14
DA:3,14
DA:7,3
DA:12,1
DA:16,2
DA:24,1
DA:33,1
DA:42,1
DA:48,1
DA:54,3
DA:56,3
DA:57,3
DA:59,3
DA:67,3
DA:69,2
DA:78,3
DA:80,3
DA:83,14
LF:19
LH:19
BRDA:56,0,0,2
BRDA:56,0,1,1
BRDA:57,1,0,2
BRDA:57,1,1,1
BRDA:67,2,0,2
BRDA:67,2,1,1
BRDA:78,3,0,3
BRDA:78,3,1,0
BRF:8
BRH:7
end_of_record
TN:
SF:src\services\perfil.service.js
FN:5,createPerfil
FN:10,getAllPerfil
FN:14,atualizarFotoPerfil
FNF:3
FNH:3
FNDA:2,createPerfil
FNDA:1,getAllPerfil
FNDA:4,atualizarFotoPerfil
DA:1,14
DA:2,14
DA:6,2
DA:11,1
DA:17,4
DA:21,4
DA:24,2
DA:29,2
DA:34,14
LF:9
LH:9
BRDA:21,0,0,2
BRDA:21,0,1,2
BRF:2
BRH:2
end_of_record
TN:
SF:src\services\post.service.js
FN:6,createPost
FN:21,atualizarEstadoPost
FN:57,getAllPosts
FN:61,getPostPendente
FN:71,getPostPagina
FN:79,getPostsAprovados
FN:88,getPostsRecusados
FN:97,alterarInformacoesPost
FN:110,getPostsPaginasSeguidas
FN:122,(anonymous_9)
FNF:10
FNH:9
FNDA:2,createPost
FNDA:5,atualizarEstadoPost
FNDA:0,getAllPosts
FNDA:2,getPostPendente
FNDA:1,getPostPagina
FNDA:2,getPostsAprovados
FNDA:1,getPostsRecusados
FNDA:2,alterarInformacoesPost
FNDA:2,getPostsPaginasSeguidas
FNDA:2,(anonymous_9)
DA:1,14
DA:2,14
DA:3,14
DA:8,2
DA:11,2
DA:17,2
DA:23,5
DA:25,5
DA:26,5
DA:28,5
DA:29,3
DA:31,3
DA:32,2
DA:34,1
DA:35,1
DA:36,1
DA:39,2
DA:40,2
DA:41,2
DA:44,5
DA:51,5
DA:52,5
DA:53,5
DA:58,0
DA:62,2
DA:72,1
DA:80,2
DA:89,1
DA:99,2
DA:107,2
DA:111,2
DA:113,2
DA:122,2
DA:124,2
DA:127,2
DA:152,2
DA:155,0
DA:161,14
LF:38
LH:36
BRDA:25,0,0,5
BRDA:25,0,1,0
BRDA:28,1,0,3
BRDA:28,1,1,2
BRDA:28,2,0,5
BRDA:28,2,1,3
BRDA:31,3,0,2
BRDA:31,3,1,1
BRDA:34,4,0,1
BRDA:34,4,1,0
BRDA:39,5,0,2
BRDA:39,5,1,0
BRDA:51,6,0,5
BRDA:51,6,1,0
BRDA:124,7,0,0
BRDA:124,7,1,2
BRF:16
BRH:11
end_of_record
TN:
SF:src\services\respostaTicket.service.js
FN:6,createResposta
FN:27,getAllRespostas
FN:31,getRespostasPorUtilizador
FNF:3
FNH:3
FNDA:3,createResposta
FNDA:1,getAllRespostas
FNDA:2,getRespostasPorUtilizador
DA:1,14
DA:2,14
DA:3,14
DA:8,3
DA:9,3
DA:11,3
DA:17,3
DA:23,3
DA:28,1
DA:32,2
DA:39,14
LF:11
LH:11
BRDA:9,0,0,2
BRDA:9,0,1,1
BRF:2
BRH:2
end_of_record
TN:
SF:src\services\seguidoresPagina.service.js
FN:6,createUSeguidor
FN:11,getAllUSeguidores
FN:15,getPaginasSeguidas
FNF:3
FNH:3
FNDA:2,createUSeguidor
FNDA:1,getAllUSeguidores
FNDA:2,getPaginasSeguidas
DA:2,14
DA:3,14
DA:7,2
DA:12,1
DA:16,2
DA:24,14
LF:6
LH:6
BRF:0
BRH:0
end_of_record
TN:
SF:src\services\ticket.service.js
FN:6,createTicket
FN:11,getAllTickets
FN:15,getTicketPendente
FN:24,getTicketFechado
FN:33,getTicketAberto
FN:43,atualizarEstadoTicket
FN:62,alterarTicket
FNF:7
FNH:7
FNDA:2,createTicket
FNDA:1,getAllTickets
FNDA:2,getTicketPendente
FNDA:2,getTicketFechado
FNDA:2,getTicketAberto
FNDA:3,atualizarEstadoTicket
FNDA:2,alterarTicket
DA:1,14
DA:2,14
DA:3,14
DA:7,2
DA:12,1
DA:16,2
DA:25,2
DA:34,2
DA:46,3
DA:47,3
DA:49,3
DA:56,3
DA:57,3
DA:58,3
DA:63,2
DA:70,2
DA:73,14
LF:17
LH:17
BRDA:46,0,0,1
BRDA:46,0,1,2
BRDA:47,1,0,1
BRDA:47,1,1,2
BRF:4
BRH:4
end_of_record
TN:
SF:src\services\utilizador.service.js
FN:5,createUtilizador
FN:10,getAllUtilizadores
FN:14,alterarTipoUser
FNF:3
FNH:3
FNDA:3,createUtilizador
FNDA:1,getAllUtilizadores
FNDA:2,alterarTipoUser
DA:1,14
DA:2,14
DA:6,3
DA:11,1
DA:16,2
DA:23,2
DA:27,14
LF:7
LH:7
BRF:0
BRH:0
end_of_record
