TN:
SF:src\app.js
FN:48,main
FN:67,(anonymous_1)
FNF:2
FNH:0
FNDA:0,main
FNDA:0,(anonymous_1)
DA:1,2
DA:2,2
DA:3,2
DA:4,2
DA:8,2
DA:9,2
DA:10,2
DA:11,2
DA:12,2
DA:13,2
DA:14,2
DA:15,2
DA:16,2
DA:17,2
DA:18,2
DA:19,2
DA:20,2
DA:22,2
DA:23,2
DA:24,2
DA:27,2
DA:28,2
DA:31,2
DA:32,2
DA:33,2
DA:34,2
DA:35,2
DA:36,2
DA:37,2
DA:38,2
DA:39,2
DA:40,2
DA:41,2
DA:42,2
DA:43,2
DA:45,2
DA:49,0
DA:50,0
DA:51,0
DA:53,0
DA:64,2
DA:66,2
DA:67,0
DA:68,0
DA:69,0
DA:74,2
LF:46
LH:39
BRDA:64,0,0,2
BRDA:64,0,1,2
BRDA:66,1,0,0
BRDA:66,1,1,2
BRF:4
BRH:3
end_of_record
TN:
SF:src\config\multerConfig.js
FN:7,(anonymous_0)
FN:10,(anonymous_1)
FNF:2
FNH:0
FNDA:0,(anonymous_0)
FNDA:0,(anonymous_1)
DA:1,2
DA:2,2
DA:6,2
DA:8,0
DA:11,0
DA:12,0
DA:16,2
DA:18,2
LF:8
LH:5
BRF:0
BRH:0
end_of_record
TN:
SF:src\controllers\autent.controller.js
FN:3,register
FN:13,login
FNF:2
FNH:2
FNDA:2,register
FNDA:2,login
DA:1,3
DA:4,2
DA:5,2
DA:6,2
DA:7,1
DA:9,1
DA:14,2
DA:15,2
DA:16,2
DA:17,1
DA:19,1
DA:24,3
LF:12
LH:12
BRF:0
BRH:0
end_of_record
TN:
SF:src\controllers\comentario.controller.js
FN:3,createComentario
FN:13,getAllComentario
FN:23,getComentarioPost
FNF:3
FNH:0
FNDA:0,createComentario
FNDA:0,getAllComentario
FNDA:0,getComentarioPost
DA:1,2
DA:4,0
DA:5,0
DA:6,0
DA:8,0
DA:9,0
DA:14,0
DA:15,0
DA:16,0
DA:18,0
DA:19,0
DA:25,0
DA:26,0
DA:28,0
DA:29,0
DA:32,0
DA:33,0
DA:34,0
DA:36,0
DA:37,0
DA:41,2
LF:21
LH:2
BRDA:28,0,0,0
BRDA:28,0,1,0
BRF:2
BRH:0
end_of_record
TN:
SF:src\controllers\moderadorPagina.controller.js
FN:3,createModeradorPagina
FN:13,getAllModeradorPagina
FNF:2
FNH:0
FNDA:0,createModeradorPagina
FNDA:0,getAllModeradorPagina
DA:1,2
DA:4,0
DA:5,0
DA:6,0
DA:8,0
DA:9,0
DA:14,0
DA:15,0
DA:16,0
DA:18,0
DA:19,0
DA:23,2
LF:12
LH:2
BRF:0
BRH:0
end_of_record
TN:
SF:src\controllers\morada.controller.js
FN:3,createMorada
FN:13,getAllMorada
FNF:2
FNH:0
FNDA:0,createMorada
FNDA:0,getAllMorada
DA:1,2
DA:4,0
DA:5,0
DA:6,0
DA:8,0
DA:9,0
DA:14,0
DA:15,0
DA:16,0
DA:18,0
DA:19,0
DA:23,2
LF:12
LH:2
BRF:0
BRH:0
end_of_record
TN:
SF:src\controllers\notificacao.controller.js
FN:3,createNotificacao
FN:13,getAllNotificacao
FN:23,getNotificacaoPorUtilizador
FNF:3
FNH:0
FNDA:0,createNotificacao
FNDA:0,getAllNotificacao
FNDA:0,getNotificacaoPorUtilizador
DA:1,2
DA:4,0
DA:5,0
DA:6,0
DA:8,0
DA:9,0
DA:14,0
DA:15,0
DA:16,0
DA:18,0
DA:19,0
DA:25,0
DA:27,0
DA:28,0
DA:31,0
DA:32,0
DA:33,0
DA:35,0
DA:36,0
DA:43,2
LF:20
LH:2
BRDA:27,0,0,0
BRDA:27,0,1,0
BRF:2
BRH:0
end_of_record
TN:
SF:src\controllers\paginaFreguesia.controller.js
FN:3,createPaginaFreguesia
FN:13,getAllPaginaFreguesia
FN:23,pesquisaPagina
FNF:3
FNH:0
FNDA:0,createPaginaFreguesia
FNDA:0,getAllPaginaFreguesia
FNDA:0,pesquisaPagina
DA:1,2
DA:4,0
DA:5,0
DA:6,0
DA:8,0
DA:9,0
DA:14,0
DA:15,0
DA:16,0
DA:18,0
DA:19,0
DA:24,0
DA:26,0
DA:27,0
DA:28,0
DA:30,0
DA:31,0
DA:35,2
LF:18
LH:2
BRF:0
BRH:0
end_of_record
TN:
SF:src\controllers\pedidoPagina.controller.js
FN:3,createPedidoPagina
FN:13,getAllPedidoPagina
FN:23,getPedidoPendente
FN:33,getPedidoAprovado
FN:43,getPedidoReprovado
FN:53,atualizarEstadoPedido
FN:77,alterarPedidoPagina
FNF:7
FNH:0
FNDA:0,createPedidoPagina
FNDA:0,getAllPedidoPagina
FNDA:0,getPedidoPendente
FNDA:0,getPedidoAprovado
FNDA:0,getPedidoReprovado
FNDA:0,atualizarEstadoPedido
FNDA:0,alterarPedidoPagina
DA:1,2
DA:4,0
DA:5,0
DA:6,0
DA:8,0
DA:9,0
DA:14,0
DA:15,0
DA:16,0
DA:18,0
DA:19,0
DA:24,0
DA:25,0
DA:26,0
DA:28,0
DA:29,0
DA:34,0
DA:35,0
DA:36,0
DA:38,0
DA:39,0
DA:44,0
DA:45,0
DA:46,0
DA:48,0
DA:49,0
DA:54,0
DA:56,0
DA:59,0
DA:62,0
DA:63,0
DA:66,0
DA:69,0
DA:70,0
DA:72,0
DA:73,0
DA:78,0
DA:79,0
DA:80,0
DA:82,0
DA:83,0
DA:86,0
DA:87,0
DA:89,0
DA:94,0
DA:96,0
DA:103,2
LF:47
LH:2
BRDA:62,0,0,0
BRDA:62,0,1,0
BRDA:82,1,0,0
BRDA:82,1,1,0
BRF:4
BRH:0
end_of_record
TN:
SF:src\controllers\perfil.controller.js
FN:4,createPerfil
FN:15,getAllPerfil
FN:25,atualizarFotoPerfil
FNF:3
FNH:0
FNDA:0,createPerfil
FNDA:0,getAllPerfil
FNDA:0,atualizarFotoPerfil
DA:1,2
DA:5,0
DA:6,0
DA:7,0
DA:9,0
DA:10,0
DA:16,0
DA:17,0
DA:18,0
DA:20,0
DA:21,0
DA:26,0
DA:27,0
DA:28,0
DA:30,0
DA:31,0
DA:33,0
DA:36,2
LF:18
LH:2
BRF:0
BRH:0
end_of_record
TN:
SF:src\controllers\post.controller.js
FN:4,createPost
FN:15,getAllPosts
FN:25,getPostsPendente
FN:39,atualizarEstadoPost
FN:57,getPostPagina
FN:68,getPostsAprovados
FN:79,getPostsRecusados
FN:90,alterarInformacoesPost
FN:109,getPostsPaginasSeguidas
FNF:9
FNH:0
FNDA:0,createPost
FNDA:0,getAllPosts
FNDA:0,getPostsPendente
FNDA:0,atualizarEstadoPost
FNDA:0,getPostPagina
FNDA:0,getPostsAprovados
FNDA:0,getPostsRecusados
FNDA:0,alterarInformacoesPost
FNDA:0,getPostsPaginasSeguidas
DA:1,2
DA:5,0
DA:6,0
DA:7,0
DA:9,0
DA:10,0
DA:16,0
DA:17,0
DA:18,0
DA:20,0
DA:21,0
DA:27,0
DA:29,0
DA:30,0
DA:31,0
DA:33,0
DA:34,0
DA:40,0
DA:41,0
DA:42,0
DA:44,0
DA:45,0
DA:48,0
DA:49,0
DA:50,0
DA:52,0
DA:53,0
DA:59,0
DA:60,0
DA:61,0
DA:63,0
DA:64,0
DA:70,0
DA:71,0
DA:72,0
DA:74,0
DA:75,0
DA:81,0
DA:82,0
DA:83,0
DA:85,0
DA:86,0
DA:92,0
DA:93,0
DA:94,0
DA:96,0
DA:97,0
DA:100,0
DA:101,0
DA:102,0
DA:104,0
DA:105,0
DA:111,0
DA:113,0
DA:114,0
DA:115,0
DA:117,0
DA:118,0
DA:122,2
LF:59
LH:2
BRDA:44,0,0,0
BRDA:44,0,1,0
BRDA:96,1,0,0
BRDA:96,1,1,0
BRDA:111,2,0,0
BRDA:111,2,1,0
BRF:6
BRH:0
end_of_record
TN:
SF:src\controllers\respostaTicket.controller.js
FN:4,createResposta
FN:15,getAllRespostas
FN:25,getRespostasPorUtilizador
FNF:3
FNH:0
FNDA:0,createResposta
FNDA:0,getAllRespostas
FNDA:0,getRespostasPorUtilizador
DA:1,2
DA:5,0
DA:6,0
DA:7,0
DA:9,0
DA:10,0
DA:16,0
DA:17,0
DA:18,0
DA:20,0
DA:21,0
DA:27,0
DA:29,0
DA:30,0
DA:33,0
DA:34,0
DA:35,0
DA:37,0
DA:38,0
DA:45,2
LF:20
LH:2
BRDA:29,0,0,0
BRDA:29,0,1,0
BRF:2
BRH:0
end_of_record
TN:
SF:src\controllers\seguidoresPagina.controller.js
FN:5,createUSeguidor
FN:16,getAllUSeguidores
FN:26,getPaginasSeguidas
FNF:3
FNH:0
FNDA:0,createUSeguidor
FNDA:0,getAllUSeguidores
FNDA:0,getPaginasSeguidas
DA:1,2
DA:2,2
DA:6,0
DA:7,0
DA:8,0
DA:10,0
DA:11,0
DA:17,0
DA:18,0
DA:19,0
DA:21,0
DA:22,0
DA:28,0
DA:29,0
DA:31,0
DA:32,0
DA:35,0
DA:36,0
DA:37,0
DA:39,0
DA:40,0
DA:44,2
LF:22
LH:3
BRDA:31,0,0,0
BRDA:31,0,1,0
BRF:2
BRH:0
end_of_record
TN:
SF:src\controllers\ticket.controller.js
FN:5,createTicket
FN:16,getAllTickets
FN:27,getTicketPendente
FN:43,getTicketAberto
FN:55,getTicketFechado
FN:66,atualizarEstadoTicket
FN:90,alterarTicket
FNF:7
FNH:7
FNDA:1,createTicket
FNDA:1,getAllTickets
FNDA:1,getTicketPendente
FNDA:1,getTicketAberto
FNDA:1,getTicketFechado
FNDA:1,atualizarEstadoTicket
FNDA:1,alterarTicket
DA:1,2
DA:2,2
DA:6,1
DA:7,1
DA:8,1
DA:10,0
DA:11,0
DA:17,1
DA:18,1
DA:19,1
DA:21,0
DA:22,0
DA:28,1
DA:29,1
DA:30,1
DA:31,0
DA:33,1
DA:34,1
DA:36,0
DA:37,0
DA:44,1
DA:45,1
DA:46,1
DA:47,1
DA:49,0
DA:50,0
DA:56,1
DA:57,1
DA:58,1
DA:59,1
DA:61,0
DA:62,0
DA:67,1
DA:69,1
DA:72,1
DA:75,1
DA:76,0
DA:79,1
DA:82,1
DA:83,1
DA:85,0
DA:86,0
DA:91,1
DA:92,1
DA:93,1
DA:95,1
DA:96,0
DA:99,1
DA:100,1
DA:101,1
DA:106,0
DA:108,0
DA:116,2
LF:53
LH:36
BRDA:30,0,0,0
BRDA:30,0,1,1
BRDA:75,1,0,0
BRDA:75,1,1,1
BRDA:95,2,0,0
BRDA:95,2,1,1
BRF:6
BRH:3
end_of_record
TN:
SF:src\controllers\utilizador.controller.js
FN:4,createUtilizador
FN:15,getAllUtilizadores
FN:25,alterarTipoUtilizadores
FNF:3
FNH:3
FNDA:1,createUtilizador
FNDA:1,getAllUtilizadores
FNDA:1,alterarTipoUtilizadores
DA:1,2
DA:5,1
DA:6,1
DA:7,1
DA:9,0
DA:10,0
DA:16,1
DA:17,1
DA:18,1
DA:20,0
DA:21,0
DA:26,1
DA:27,1
DA:29,1
DA:30,1
DA:31,1
DA:33,0
DA:34,0
DA:38,2
LF:19
LH:13
BRF:0
BRH:0
end_of_record
TN:
SF:src\middlewares\autent.middleware.js
FN:4,authenticate
FN:19,authRole
FN:20,(anonymous_2)
FNF:3
FNH:3
FNDA:13,authenticate
FNDA:14,authRole
FNDA:4,(anonymous_2)
DA:1,3
DA:2,3
DA:5,13
DA:6,13
DA:8,10
DA:10,10
DA:11,10
DA:12,9
DA:13,9
DA:15,1
DA:20,14
DA:21,4
DA:22,4
DA:23,1
DA:27,3
DA:32,3
LF:16
LH:16
BRDA:6,0,0,3
BRDA:6,0,1,10
BRDA:22,1,0,1
BRDA:22,1,1,3
BRF:4
BRH:4
end_of_record
TN:
SF:src\middlewares\verificacoes.middleware.js
FN:4,authSeguir
FN:40,authProprietario
FN:91,authModerador
FNF:3
FNH:3
FNDA:10,authSeguir
FNDA:23,authProprietario
FNDA:14,authModerador
DA:1,4
DA:2,4
DA:5,10
DA:6,10
DA:8,10
DA:10,4
DA:11,4
DA:12,2
DA:14,2
DA:18,8
DA:20,8
DA:21,8
DA:28,6
DA:29,2
DA:32,4
DA:35,2
DA:36,2
DA:41,23
DA:42,23
DA:45,23
DA:46,23
DA:47,23
DA:49,23
DA:50,23
DA:52,23
DA:54,23
DA:55,23
DA:56,23
DA:58,23
DA:59,8
DA:60,6
DA:61,4
DA:62,15
DA:63,6
DA:64,6
DA:65,4
DA:66,9
DA:67,7
DA:68,7
DA:69,5
DA:72,2
DA:76,15
DA:77,6
DA:83,9
DA:85,2
DA:86,2
DA:92,14
DA:93,14
DA:95,14
DA:97,14
DA:98,14
DA:99,8
DA:100,8
DA:101,6
DA:102,6
DA:103,4
DA:104,4
DA:105,4
DA:107,2
DA:111,6
DA:118,6
DA:119,2
DA:122,4
DA:124,2
DA:125,2
DA:131,4
LF:66
LH:66
BRDA:8,0,0,4
BRDA:8,0,1,6
BRDA:8,1,0,10
BRDA:8,1,1,4
BRDA:11,2,0,2
BRDA:11,2,1,2
BRDA:28,3,0,2
BRDA:28,3,1,4
BRDA:50,4,0,23
BRDA:50,4,1,0
BRDA:58,5,0,8
BRDA:58,5,1,15
BRDA:60,6,0,2
BRDA:60,6,1,4
BRDA:62,7,0,6
BRDA:62,7,1,9
BRDA:64,8,0,2
BRDA:64,8,1,4
BRDA:66,9,0,7
BRDA:66,9,1,2
BRDA:68,10,0,2
BRDA:68,10,1,5
BRDA:76,11,0,6
BRDA:76,11,1,9
BRDA:98,12,0,8
BRDA:98,12,1,6
BRDA:101,13,0,2
BRDA:101,13,1,4
BRDA:102,14,0,4
BRDA:102,14,1,2
BRDA:105,15,0,2
BRDA:105,15,1,2
BRDA:118,16,0,2
BRDA:118,16,1,4
BRF:34
BRH:33
end_of_record
TN:
SF:src\routes\autent.route.js
FNF:0
FNH:0
DA:1,2
DA:2,2
DA:3,2
DA:5,2
DA:6,2
DA:8,2
LF:6
LH:6
BRF:0
BRH:0
end_of_record
TN:
SF:src\routes\comentario.route.js
FNF:0
FNH:0
DA:1,2
DA:2,2
DA:4,2
DA:6,2
DA:7,2
DA:8,2
DA:10,2
DA:11,2
DA:12,2
DA:14,2
LF:10
LH:10
BRF:0
BRH:0
end_of_record
TN:
SF:src\routes\moderdorPagina.route.js
FNF:0
FNH:0
DA:1,2
DA:2,2
DA:4,2
DA:6,2
DA:7,2
DA:9,2
DA:10,2
DA:12,2
LF:8
LH:8
BRF:0
BRH:0
end_of_record
TN:
SF:src\routes\morada.route.js
FNF:0
FNH:0
DA:1,2
DA:2,2
DA:4,2
DA:6,2
DA:7,2
DA:9,2
DA:10,2
DA:12,2
LF:8
LH:8
BRF:0
BRH:0
end_of_record
TN:
SF:src\routes\notificacao.route.js
FNF:0
FNH:0
DA:1,2
DA:2,2
DA:4,2
DA:6,2
DA:7,2
DA:9,2
DA:10,2
DA:11,2
DA:13,2
LF:9
LH:9
BRF:0
BRH:0
end_of_record
TN:
SF:src\routes\paginaFreguesia.route.js
FNF:0
FNH:0
DA:1,2
DA:2,2
DA:4,2
DA:6,2
DA:7,2
DA:9,2
DA:10,2
DA:11,2
DA:13,2
LF:9
LH:9
BRF:0
BRH:0
end_of_record
TN:
SF:src\routes\pedidoPagina.route.js
FNF:0
FNH:0
DA:1,2
DA:2,2
DA:4,2
DA:5,2
DA:6,2
DA:8,2
DA:9,2
DA:10,2
DA:11,2
DA:12,2
DA:14,2
LF:11
LH:11
BRF:0
BRH:0
end_of_record
TN:
SF:src\routes\perfil.route.js
FNF:0
FNH:0
DA:1,2
DA:2,2
DA:3,2
DA:4,2
DA:6,2
DA:7,2
DA:9,2
DA:10,2
DA:13,2
DA:16,2
LF:10
LH:10
BRF:0
BRH:0
end_of_record
TN:
SF:src\routes\post.route.js
FNF:0
FNH:0
DA:1,2
DA:2,2
DA:4,2
DA:6,2
DA:7,2
DA:8,2
DA:10,2
DA:11,2
DA:12,2
DA:13,2
DA:14,2
DA:15,2
DA:16,2
DA:17,2
DA:18,2
DA:20,2
LF:16
LH:16
BRF:0
BRH:0
end_of_record
TN:
SF:src\routes\respostaTicket.route.js
FNF:0
FNH:0
DA:1,2
DA:2,2
DA:4,2
DA:6,2
DA:7,2
DA:9,2
DA:10,2
DA:11,2
DA:13,2
LF:9
LH:9
BRF:0
BRH:0
end_of_record
TN:
SF:src\routes\seguidoresPagina.route.js
FNF:0
FNH:0
DA:1,2
DA:2,2
DA:4,2
DA:6,2
DA:7,2
DA:9,2
DA:10,2
DA:11,2
DA:14,2
LF:9
LH:9
BRF:0
BRH:0
end_of_record
TN:
SF:src\routes\ticket.route.js
FNF:0
FNH:0
DA:1,2
DA:2,2
DA:4,2
DA:6,2
DA:7,2
DA:8,2
DA:10,2
DA:11,2
DA:12,2
DA:13,2
DA:14,2
DA:15,2
DA:16,2
DA:18,2
LF:14
LH:14
BRF:0
BRH:0
end_of_record
TN:
SF:src\routes\utilizador.route.js
FNF:0
FNH:0
DA:1,2
DA:2,2
DA:3,2
DA:6,2
DA:8,2
DA:9,2
DA:10,2
DA:12,2
LF:8
LH:8
BRF:0
BRH:0
end_of_record
TN:
SF:src\services\autent.service.js
FN:8,register
FN:47,login
FNF:2
FNH:2
FNDA:1,register
FNDA:3,login
DA:1,4
DA:2,4
DA:3,4
DA:5,4
DA:6,4
DA:9,1
DA:11,1
DA:21,1
DA:31,1
DA:36,1
DA:48,3
DA:49,3
DA:51,2
DA:52,2
DA:54,1
DA:59,1
DA:68,4
LF:17
LH:17
BRDA:49,0,0,1
BRDA:49,0,1,2
BRDA:52,1,0,1
BRDA:52,1,1,1
BRF:4
BRH:4
end_of_record
TN:
SF:src\services\comentario.service.js
FN:5,createComentario
FN:10,getAllComentario
FN:14,getComentarioPost
FNF:3
FNH:2
FNDA:1,createComentario
FNDA:0,getAllComentario
FNDA:1,getComentarioPost
DA:1,3
DA:2,3
DA:6,1
DA:11,0
DA:15,1
DA:22,3
LF:6
LH:5
BRF:0
BRH:0
end_of_record
TN:
SF:src\services\moderadorPagina.service.js
FN:5,createModeradorPagina
FN:10,getAllModeradorPagina
FNF:2
FNH:1
FNDA:1,createModeradorPagina
FNDA:0,getAllModeradorPagina
DA:1,3
DA:2,3
DA:6,1
DA:11,0
DA:14,3
LF:5
LH:4
BRF:0
BRH:0
end_of_record
TN:
SF:src\services\morada.service.js
FN:5,createMorada
FN:10,getAllMorada
FNF:2
FNH:1
FNDA:1,createMorada
FNDA:0,getAllMorada
DA:1,3
DA:2,3
DA:6,1
DA:11,0
DA:14,3
LF:5
LH:4
BRF:0
BRH:0
end_of_record
TN:
SF:src\services\notificacao.service.js
FN:5,createNotificacao
FN:11,getAllNotificacao
FN:15,getNotificacaoPorUtilizador
FNF:3
FNH:2
FNDA:8,createNotificacao
FNDA:0,getAllNotificacao
FNDA:1,getNotificacaoPorUtilizador
DA:1,7
DA:2,7
DA:7,8
DA:12,0
DA:16,1
DA:23,7
LF:6
LH:5
BRF:0
BRH:0
end_of_record
TN:
SF:src\services\paginaFreguesia.service.js
FN:5,createPaginaFreguesia
FN:10,getAllPaginaFreguesia
FN:14,pesquisaPagina
FNF:3
FNH:1
FNDA:0,createPaginaFreguesia
FNDA:0,getAllPaginaFreguesia
FNDA:1,pesquisaPagina
DA:1,3
DA:2,3
DA:6,0
DA:11,0
DA:15,1
DA:25,3
LF:6
LH:4
BRF:0
BRH:0
end_of_record
TN:
SF:src\services\pedidoPagina.service.js
FN:6,createPedidoPagina
FN:11,getAllPedidoPagina
FN:15,getPedidoPendente
FN:23,getPedidoAprovado
FN:32,getPedidoReprovado
FN:41,alterarPedidoPagina
FN:51,atualizarEstadoPedido
FNF:7
FNH:4
FNDA:0,createPedidoPagina
FNDA:0,getAllPedidoPagina
FNDA:1,getPedidoPendente
FNDA:1,getPedidoAprovado
FNDA:1,getPedidoReprovado
FNDA:0,alterarPedidoPagina
FNDA:2,atualizarEstadoPedido
DA:1,3
DA:2,3
DA:3,3
DA:7,0
DA:12,0
DA:16,1
DA:24,1
DA:33,1
DA:42,0
DA:48,0
DA:54,2
DA:56,2
DA:57,2
DA:59,2
DA:67,2
DA:69,1
DA:78,2
DA:80,2
DA:83,3
LF:19
LH:15
BRDA:56,0,0,1
BRDA:56,0,1,1
BRDA:57,1,0,1
BRDA:57,1,1,1
BRDA:67,2,0,1
BRDA:67,2,1,1
BRDA:78,3,0,2
BRDA:78,3,1,0
BRF:8
BRH:7
end_of_record
TN:
SF:src\services\perfil.service.js
FN:5,createPerfil
FN:10,getAllPerfil
FN:14,atualizarFotoPerfil
FNF:3
FNH:1
FNDA:1,createPerfil
FNDA:0,getAllPerfil
FNDA:0,atualizarFotoPerfil
DA:1,3
DA:2,3
DA:6,1
DA:11,0
DA:16,0
DA:20,0
DA:23,0
DA:28,0
DA:33,3
LF:9
LH:4
BRDA:20,0,0,0
BRDA:20,0,1,0
BRF:2
BRH:0
end_of_record
TN:
SF:src\services\post.service.js
FN:6,createPost
FN:21,atualizarEstadoPost
FN:57,getAllPosts
FN:61,getPostPendente
FN:71,getPostPagina
FN:79,getPostsAprovados
FN:88,getPostsRecusados
FN:97,alterarInformacoesPost
FN:110,getPostsPaginasSeguidas
FN:122,(anonymous_9)
FNF:10
FNH:7
FNDA:1,createPost
FNDA:3,atualizarEstadoPost
FNDA:0,getAllPosts
FNDA:1,getPostPendente
FNDA:1,getPostPagina
FNDA:1,getPostsAprovados
FNDA:1,getPostsRecusados
FNDA:1,alterarInformacoesPost
FNDA:0,getPostsPaginasSeguidas
FNDA:0,(anonymous_9)
DA:1,3
DA:2,3
DA:3,3
DA:8,1
DA:11,1
DA:17,1
DA:23,3
DA:25,3
DA:26,3
DA:28,3
DA:29,2
DA:31,2
DA:32,1
DA:34,1
DA:35,1
DA:36,1
DA:39,1
DA:40,1
DA:41,1
DA:44,3
DA:51,3
DA:52,3
DA:53,3
DA:58,0
DA:62,1
DA:72,1
DA:80,1
DA:89,1
DA:99,1
DA:107,1
DA:111,0
DA:113,0
DA:122,0
DA:124,0
DA:127,0
DA:152,0
DA:155,0
DA:161,3
LF:38
LH:30
BRDA:25,0,0,3
BRDA:25,0,1,0
BRDA:28,1,0,2
BRDA:28,1,1,1
BRDA:28,2,0,3
BRDA:28,2,1,2
BRDA:31,3,0,1
BRDA:31,3,1,1
BRDA:34,4,0,1
BRDA:34,4,1,0
BRDA:39,5,0,1
BRDA:39,5,1,0
BRDA:51,6,0,3
BRDA:51,6,1,0
BRDA:124,7,0,0
BRDA:124,7,1,0
BRF:16
BRH:10
end_of_record
TN:
SF:src\services\respostaTicket.service.js
FN:6,createResposta
FN:27,getAllRespostas
FN:31,getRespostasPorUtilizador
FNF:3
FNH:1
FNDA:0,createResposta
FNDA:0,getAllRespostas
FNDA:1,getRespostasPorUtilizador
DA:1,3
DA:2,3
DA:3,3
DA:8,0
DA:9,0
DA:11,0
DA:17,0
DA:23,0
DA:28,0
DA:32,1
DA:39,3
LF:11
LH:5
BRDA:9,0,0,0
BRDA:9,0,1,0
BRF:2
BRH:0
end_of_record
TN:
SF:src\services\seguidoresPagina.service.js
FN:6,createUSeguidor
FN:11,getAllUSeguidores
FN:15,getPaginasSeguidas
FNF:3
FNH:2
FNDA:1,createUSeguidor
FNDA:0,getAllUSeguidores
FNDA:1,getPaginasSeguidas
DA:2,3
DA:3,3
DA:7,1
DA:12,0
DA:16,1
DA:24,3
LF:6
LH:5
BRF:0
BRH:0
end_of_record
TN:
SF:src\services\ticket.service.js
FN:6,createTicket
FN:11,getAllTickets
FN:15,getTicketPendente
FN:24,getTicketFechado
FN:33,getTicketAberto
FN:43,atualizarEstadoTicket
FN:62,alterarTicket
FNF:7
FNH:7
FNDA:2,createTicket
FNDA:1,getAllTickets
FNDA:2,getTicketPendente
FNDA:2,getTicketFechado
FNDA:2,getTicketAberto
FNDA:1,atualizarEstadoTicket
FNDA:1,alterarTicket
DA:1,3
DA:2,3
DA:3,3
DA:7,2
DA:12,1
DA:16,2
DA:25,2
DA:34,2
DA:46,1
DA:47,1
DA:49,1
DA:56,1
DA:57,1
DA:58,1
DA:63,1
DA:70,1
DA:73,3
LF:17
LH:17
BRDA:46,0,0,0
BRDA:46,0,1,1
BRDA:47,1,0,0
BRDA:47,1,1,1
BRF:4
BRH:2
end_of_record
TN:
SF:src\services\utilizador.service.js
FN:5,createUtilizador
FN:10,getAllUtilizadores
FN:14,alterarTipoUser
FNF:3
FNH:3
FNDA:1,createUtilizador
FNDA:2,getAllUtilizadores
FNDA:1,alterarTipoUser
DA:1,3
DA:2,3
DA:6,1
DA:11,2
DA:16,1
DA:23,1
DA:27,3
LF:7
LH:7
BRF:0
BRH:0
end_of_record
